<?xml version="1.0" encoding="UTF-8"?>
<coverage generated="1755028162700" clover="3.2.0">
  <project timestamp="1755028162700" name="All files">
    <metrics statements="176" coveredstatements="157" conditionals="40" coveredconditionals="35" methods="84" coveredmethods="70" elements="300" coveredelements="262" complexity="0" loc="176" ncloc="176" packages="2" files="12" classes="12"/>
    <package name="src">
      <metrics statements="7" coveredstatements="0" conditionals="4" coveredconditionals="0" methods="5" coveredmethods="0"/>
      <file name="App.tsx" path="/Users/ekanshgayakwad/Downloads/Expert-o/src/App.tsx">
        <metrics statements="7" coveredstatements="0" conditionals="4" coveredconditionals="0" methods="5" coveredmethods="0"/>
        <line num="16" count="0" type="stmt"/>
        <line num="18" count="0" type="stmt"/>
        <line num="27" count="0" type="stmt"/>
        <line num="42" count="0" type="stmt"/>
        <line num="58" count="0" type="stmt"/>
        <line num="70" count="0" type="stmt"/>
        <line num="74" count="0" type="stmt"/>
      </file>
    </package>
    <package name="src.components">
      <metrics statements="169" coveredstatements="157" conditionals="36" coveredconditionals="35" methods="79" coveredmethods="70"/>
      <file name="AIWorkflow.tsx" path="/Users/ekanshgayakwad/Downloads/Expert-o/src/components/AIWorkflow.tsx">
        <metrics statements="10" coveredstatements="10" conditionals="2" coveredconditionals="2" methods="5" coveredmethods="5"/>
        <line num="1" count="1" type="stmt"/>
        <line num="3" count="1" type="stmt"/>
        <line num="4" count="7" type="stmt"/>
        <line num="31" count="7" type="stmt"/>
        <line num="54" count="7" type="stmt"/>
        <line num="87" count="28" type="stmt"/>
        <line num="114" count="84" type="stmt"/>
        <line num="134" count="28" type="stmt"/>
        <line num="184" count="84" type="stmt"/>
        <line num="233" count="1" type="stmt"/>
      </file>
      <file name="Blog.tsx" path="/Users/ekanshgayakwad/Downloads/Expert-o/src/components/Blog.tsx">
        <metrics statements="10" coveredstatements="10" conditionals="0" coveredconditionals="0" methods="5" coveredmethods="5"/>
        <line num="1" count="1" type="stmt"/>
        <line num="2" count="1" type="stmt"/>
        <line num="4" count="1" type="stmt"/>
        <line num="5" count="6" type="stmt"/>
        <line num="62" count="36" type="stmt"/>
        <line num="63" count="36" type="stmt"/>
        <line num="65" count="6" type="stmt"/>
        <line num="94" count="12" type="stmt"/>
        <line num="148" count="24" type="stmt"/>
        <line num="218" count="1" type="stmt"/>
      </file>
      <file name="ClientForm.tsx" path="/Users/ekanshgayakwad/Downloads/Expert-o/src/components/ClientForm.tsx">
        <metrics statements="34" coveredstatements="27" conditionals="3" coveredconditionals="3" methods="19" coveredmethods="13"/>
        <line num="1" count="1" type="stmt"/>
        <line num="2" count="1" type="stmt"/>
        <line num="4" count="1" type="stmt"/>
        <line num="5" count="19" type="stmt"/>
        <line num="17" count="19" type="stmt"/>
        <line num="19" count="19" type="stmt"/>
        <line num="30" count="19" type="stmt"/>
        <line num="38" count="19" type="stmt"/>
        <line num="39" count="4" type="stmt"/>
        <line num="42" count="2" type="stmt"/>
        <line num="47" count="19" type="stmt"/>
        <line num="48" count="1" type="stmt"/>
        <line num="50" count="1" type="stmt"/>
        <line num="51" count="1" type="stmt"/>
        <line num="54" count="1" type="stmt"/>
        <line num="55" count="0" type="stmt"/>
        <line num="56" count="0" type="stmt"/>
        <line num="70" count="19" type="cond" truecount="1" falsecount="0"/>
        <line num="71" count="1" type="stmt"/>
        <line num="88" count="18" type="stmt"/>
        <line num="117" count="2" type="stmt"/>
        <line num="129" count="3" type="stmt"/>
        <line num="143" count="1" type="stmt"/>
        <line num="154" count="1" type="stmt"/>
        <line num="158" count="90" type="stmt"/>
        <line num="168" count="144" type="stmt"/>
        <line num="173" count="4" type="stmt"/>
        <line num="187" count="0" type="stmt"/>
        <line num="207" count="1" type="stmt"/>
        <line num="219" count="0" type="stmt"/>
        <line num="234" count="0" type="stmt"/>
        <line num="245" count="0" type="stmt"/>
        <line num="256" count="0" type="stmt"/>
        <line num="297" count="1" type="stmt"/>
      </file>
      <file name="Contact.tsx" path="/Users/ekanshgayakwad/Downloads/Expert-o/src/components/Contact.tsx">
        <metrics statements="17" coveredstatements="17" conditionals="2" coveredconditionals="2" methods="8" coveredmethods="8"/>
        <line num="1" count="1" type="stmt"/>
        <line num="2" count="1" type="stmt"/>
        <line num="4" count="1" type="stmt"/>
        <line num="5" count="12" type="stmt"/>
        <line num="12" count="12" type="stmt"/>
        <line num="13" count="1" type="stmt"/>
        <line num="14" count="1" type="stmt"/>
        <line num="18" count="12" type="stmt"/>
        <line num="49" count="12" type="stmt"/>
        <line num="56" count="12" type="stmt"/>
        <line num="86" count="48" type="stmt"/>
        <line num="116" count="48" type="stmt"/>
        <line num="164" count="1" type="stmt"/>
        <line num="179" count="1" type="stmt"/>
        <line num="195" count="1" type="stmt"/>
        <line num="210" count="1" type="stmt"/>
        <line num="231" count="1" type="stmt"/>
      </file>
      <file name="FivePillars.tsx" path="/Users/ekanshgayakwad/Downloads/Expert-o/src/components/FivePillars.tsx">
        <metrics statements="7" coveredstatements="7" conditionals="2" coveredconditionals="2" methods="2" coveredmethods="2"/>
        <line num="1" count="1" type="stmt"/>
        <line num="2" count="1" type="stmt"/>
        <line num="4" count="1" type="stmt"/>
        <line num="5" count="5" type="stmt"/>
        <line num="43" count="5" type="stmt"/>
        <line num="72" count="25" type="stmt"/>
        <line num="136" count="1" type="stmt"/>
      </file>
      <file name="Hero.tsx" path="/Users/ekanshgayakwad/Downloads/Expert-o/src/components/Hero.tsx">
        <metrics statements="5" coveredstatements="5" conditionals="0" coveredconditionals="0" methods="1" coveredmethods="1"/>
        <line num="1" count="1" type="stmt"/>
        <line num="2" count="1" type="stmt"/>
        <line num="4" count="1" type="stmt"/>
        <line num="5" count="6" type="stmt"/>
        <line num="102" count="1" type="stmt"/>
      </file>
      <file name="JoinForm.tsx" path="/Users/ekanshgayakwad/Downloads/Expert-o/src/components/JoinForm.tsx">
        <metrics statements="33" coveredstatements="30" conditionals="3" coveredconditionals="3" methods="18" coveredmethods="16"/>
        <line num="1" count="1" type="stmt"/>
        <line num="2" count="1" type="stmt"/>
        <line num="4" count="1" type="stmt"/>
        <line num="5" count="32" type="stmt"/>
        <line num="18" count="32" type="stmt"/>
        <line num="20" count="32" type="stmt"/>
        <line num="28" count="32" type="stmt"/>
        <line num="43" count="32" type="stmt"/>
        <line num="44" count="5" type="stmt"/>
        <line num="47" count="2" type="stmt"/>
        <line num="52" count="32" type="stmt"/>
        <line num="53" count="2" type="stmt"/>
        <line num="54" count="2" type="stmt"/>
        <line num="55" count="2" type="stmt"/>
        <line num="57" count="2" type="stmt"/>
        <line num="58" count="0" type="stmt"/>
        <line num="59" count="0" type="stmt"/>
        <line num="74" count="32" type="cond" truecount="1" falsecount="0"/>
        <line num="75" count="2" type="stmt"/>
        <line num="92" count="30" type="stmt"/>
        <line num="127" count="2" type="stmt"/>
        <line num="142" count="2" type="stmt"/>
        <line num="157" count="2" type="stmt"/>
        <line num="162" count="150" type="stmt"/>
        <line num="172" count="360" type="stmt"/>
        <line num="177" count="5" type="stmt"/>
        <line num="197" count="0" type="stmt"/>
        <line num="212" count="2" type="stmt"/>
        <line num="229" count="2" type="stmt"/>
        <line num="245" count="2" type="stmt"/>
        <line num="259" count="2" type="stmt"/>
        <line num="281" count="2" type="stmt"/>
        <line num="301" count="1" type="stmt"/>
      </file>
      <file name="OurStory.tsx" path="/Users/ekanshgayakwad/Downloads/Expert-o/src/components/OurStory.tsx">
        <metrics statements="5" coveredstatements="5" conditionals="0" coveredconditionals="0" methods="1" coveredmethods="1"/>
        <line num="1" count="1" type="stmt"/>
        <line num="2" count="1" type="stmt"/>
        <line num="4" count="1" type="stmt"/>
        <line num="5" count="9" type="stmt"/>
        <line num="133" count="1" type="stmt"/>
      </file>
      <file name="Portfolio.tsx" path="/Users/ekanshgayakwad/Downloads/Expert-o/src/components/Portfolio.tsx">
        <metrics statements="14" coveredstatements="14" conditionals="4" coveredconditionals="4" methods="6" coveredmethods="6"/>
        <line num="1" count="1" type="stmt"/>
        <line num="2" count="1" type="stmt"/>
        <line num="4" count="1" type="stmt"/>
        <line num="5" count="12" type="stmt"/>
        <line num="7" count="12" type="stmt"/>
        <line num="70" count="12" type="stmt"/>
        <line num="80" count="12" type="cond" truecount="2" falsecount="0"/>
        <line num="82" count="12" type="stmt"/>
        <line num="84" count="12" type="stmt"/>
        <line num="103" count="84" type="stmt"/>
        <line num="105" count="3" type="stmt"/>
        <line num="120" count="62" type="stmt"/>
        <line num="166" count="248" type="stmt"/>
        <line num="204" count="1" type="stmt"/>
      </file>
      <file name="Pricing.tsx" path="/Users/ekanshgayakwad/Downloads/Expert-o/src/components/Pricing.tsx">
        <metrics statements="21" coveredstatements="19" conditionals="16" coveredconditionals="15" methods="9" coveredmethods="8"/>
        <line num="1" count="1" type="stmt"/>
        <line num="2" count="1" type="stmt"/>
        <line num="4" count="1" type="stmt"/>
        <line num="5" count="13" type="stmt"/>
        <line num="6" count="13" type="stmt"/>
        <line num="13" count="13" type="stmt"/>
        <line num="69" count="13" type="stmt"/>
        <line num="78" count="13" type="stmt"/>
        <line num="79" count="0" type="stmt"/>
        <line num="81" count="0" type="stmt"/>
        <line num="84" count="13" type="stmt"/>
        <line num="86" count="13" type="stmt"/>
        <line num="87" count="2" type="cond" truecount="1" falsecount="1"/>
        <line num="90" count="13" type="stmt"/>
        <line num="130" count="39" type="stmt"/>
        <line num="181" count="299" type="stmt"/>
        <line num="220" count="1" type="stmt"/>
        <line num="226" count="78" type="stmt"/>
        <line num="238" count="1" type="stmt"/>
        <line num="257" count="1" type="stmt"/>
        <line num="299" count="1" type="stmt"/>
      </file>
      <file name="Services.tsx" path="/Users/ekanshgayakwad/Downloads/Expert-o/src/components/Services.tsx">
        <metrics statements="13" coveredstatements="13" conditionals="4" coveredconditionals="4" methods="5" coveredmethods="5"/>
        <line num="1" count="1" type="stmt"/>
        <line num="2" count="1" type="stmt"/>
        <line num="17" count="1" type="stmt"/>
        <line num="18" count="23" type="stmt"/>
        <line num="20" count="23" type="stmt"/>
        <line num="111" count="23" type="stmt"/>
        <line num="120" count="23" type="cond" truecount="2" falsecount="0"/>
        <line num="122" count="77" type="stmt"/>
        <line num="124" count="23" type="stmt"/>
        <line num="142" count="138" type="stmt"/>
        <line num="144" count="13" type="stmt"/>
        <line num="161" count="189" type="stmt"/>
        <line num="240" count="1" type="stmt"/>
      </file>
    </package>
  </project>
</coverage>
