{"/Users/ayushrai/WebDev/Expert-O/src/App.tsx": {"path":"/Users/ayushrai/WebDev/Expert-O/src/App.tsx","statementMap":{"0":{"start":{"line":16,"column":20},"end":{"line":16,"column":37}},"1":{"start":{"line":19,"column":22},"end":{"line":22,"column":3}},"2":{"start":{"line":21,"column":4},"end":{"line":21,"column":58}},"3":{"start":{"line":24,"column":2},"end":{"line":55,"column":4}}},"fnMap":{"0":{"name":"App","decl":{"start":{"line":18,"column":9},"end":{"line":18,"column":12}},"loc":{"start":{"line":18,"column":12},"end":{"line":56,"column":1}}},"1":{"name":"(anonymous_1)","decl":{"start":{"line":19,"column":22},"end":{"line":19,"column":23}},"loc":{"start":{"line":19,"column":67},"end":{"line":22,"column":3}}}},"branchMap":{},"s":{"0":0,"1":0,"2":0,"3":0},"f":{"0":0,"1":0},"b":{}}
,"/Users/ayushrai/WebDev/Expert-O/src/components/AIWorkflow.tsx": {"path":"/Users/ayushrai/WebDev/Expert-O/src/components/AIWorkflow.tsx","statementMap":{"0":{"start":{"line":1,"column":0},"end":{"line":1,"column":75}},"1":{"start":{"line":3,"column":19},"end":{"line":231,"column":1}},"2":{"start":{"line":4,"column":25},"end":{"line":29,"column":4}},"3":{"start":{"line":31,"column":19},"end":{"line":52,"column":4}},"4":{"start":{"line":54,"column":2},"end":{"line":230,"column":4}},"5":{"start":{"line":87,"column":12},"end":{"line":88,"column":null}},"6":{"start":{"line":114,"column":22},"end":{"line":114,"column":46}},"7":{"start":{"line":134,"column":14},"end":{"line":134,"column":31}},"8":{"start":{"line":184,"column":14},"end":{"line":184,"column":31}},"9":{"start":{"line":233,"column":0},"end":{"line":233,"column":26}}},"fnMap":{"0":{"name":"(anonymous_0)","decl":{"start":{"line":3,"column":19},"end":{"line":3,"column":22}},"loc":{"start":{"line":3,"column":24},"end":{"line":231,"column":1}}},"1":{"name":"(anonymous_1)","decl":{"start":{"line":86,"column":30},"end":{"line":86,"column":31}},"loc":{"start":{"line":87,"column":12},"end":{"line":88,"column":null}}},"2":{"name":"(anonymous_2)","decl":{"start":{"line":113,"column":45},"end":{"line":113,"column":46}},"loc":{"start":{"line":114,"column":22},"end":{"line":114,"column":46}}},"3":{"name":"(anonymous_3)","decl":{"start":{"line":133,"column":26},"end":{"line":133,"column":27}},"loc":{"start":{"line":134,"column":14},"end":{"line":134,"column":31}}},"4":{"name":"(anonymous_4)","decl":{"start":{"line":183,"column":18},"end":{"line":183,"column":19}},"loc":{"start":{"line":184,"column":14},"end":{"line":184,"column":31}}}},"branchMap":{"0":{"loc":{"start":{"line":136,"column":17},"end":{"line":137,"column":null}},"type":"binary-expr","locations":[{"start":{"line":136,"column":17},"end":{"line":136,"column":44}},{"start":{"line":137,"column":18},"end":{"line":137,"column":144}}]}},"s":{"0":1,"1":1,"2":7,"3":7,"4":7,"5":28,"6":84,"7":28,"8":84,"9":1},"f":{"0":7,"1":28,"2":84,"3":28,"4":84},"b":{"0":[28,21]}}
,"/Users/ayushrai/WebDev/Expert-O/src/components/Blog.tsx": {"path":"/Users/ayushrai/WebDev/Expert-O/src/components/Blog.tsx","statementMap":{"0":{"start":{"line":1,"column":0},"end":{"line":1,"column":26}},"1":{"start":{"line":2,"column":0},"end":{"line":2,"column":61}},"2":{"start":{"line":4,"column":13},"end":{"line":216,"column":1}},"3":{"start":{"line":5,"column":20},"end":{"line":60,"column":4}},"4":{"start":{"line":62,"column":24},"end":{"line":62,"column":63}},"5":{"start":{"line":62,"column":49},"end":{"line":62,"column":62}},"6":{"start":{"line":63,"column":23},"end":{"line":63,"column":63}},"7":{"start":{"line":63,"column":48},"end":{"line":63,"column":62}},"8":{"start":{"line":65,"column":2},"end":{"line":215,"column":4}},"9":{"start":{"line":94,"column":14},"end":{"line":95,"column":null}},"10":{"start":{"line":148,"column":14},"end":{"line":149,"column":null}},"11":{"start":{"line":218,"column":0},"end":{"line":218,"column":20}}},"fnMap":{"0":{"name":"(anonymous_1)","decl":{"start":{"line":4,"column":13},"end":{"line":4,"column":16}},"loc":{"start":{"line":4,"column":18},"end":{"line":216,"column":1}}},"1":{"name":"(anonymous_2)","decl":{"start":{"line":62,"column":41},"end":{"line":62,"column":45}},"loc":{"start":{"line":62,"column":49},"end":{"line":62,"column":62}}},"2":{"name":"(anonymous_3)","decl":{"start":{"line":63,"column":40},"end":{"line":63,"column":44}},"loc":{"start":{"line":63,"column":48},"end":{"line":63,"column":62}}},"3":{"name":"(anonymous_4)","decl":{"start":{"line":93,"column":31},"end":{"line":93,"column":32}},"loc":{"start":{"line":94,"column":14},"end":{"line":95,"column":null}}},"4":{"name":"(anonymous_5)","decl":{"start":{"line":147,"column":30},"end":{"line":147,"column":31}},"loc":{"start":{"line":148,"column":14},"end":{"line":149,"column":null}}}},"branchMap":{},"s":{"0":1,"1":1,"2":1,"3":6,"4":6,"5":36,"6":6,"7":36,"8":6,"9":12,"10":24,"11":1},"f":{"0":6,"1":36,"2":36,"3":12,"4":24},"b":{}}
,"/Users/ayushrai/WebDev/Expert-O/src/components/ClientForm.tsx": {"path":"/Users/ayushrai/WebDev/Expert-O/src/components/ClientForm.tsx","statementMap":{"0":{"start":{"line":1,"column":0},"end":{"line":1,"column":40}},"1":{"start":{"line":2,"column":0},"end":{"line":2,"column":57}},"2":{"start":{"line":4,"column":19},"end":{"line":295,"column":1}},"3":{"start":{"line":5,"column":34},"end":{"line":15,"column":4}},"4":{"start":{"line":17,"column":40},"end":{"line":17,"column":55}},"5":{"start":{"line":19,"column":19},"end":{"line":28,"column":4}},"6":{"start":{"line":30,"column":23},"end":{"line":36,"column":4}},"7":{"start":{"line":38,"column":30},"end":{"line":45,"column":3}},"8":{"start":{"line":39,"column":4},"end":{"line":44,"column":8}},"9":{"start":{"line":39,"column":25},"end":{"line":44,"column":6}},"10":{"start":{"line":42,"column":36},"end":{"line":42,"column":49}},"11":{"start":{"line":47,"column":23},"end":{"line":68,"column":3}},"12":{"start":{"line":48,"column":4},"end":{"line":48,"column":23}},"13":{"start":{"line":50,"column":4},"end":{"line":50,"column":45}},"14":{"start":{"line":51,"column":4},"end":{"line":51,"column":25}},"15":{"start":{"line":54,"column":4},"end":{"line":67,"column":13}},"16":{"start":{"line":55,"column":6},"end":{"line":55,"column":28}},"17":{"start":{"line":56,"column":6},"end":{"line":66,"column":9}},"18":{"start":{"line":70,"column":2},"end":{"line":86,"column":3}},"19":{"start":{"line":71,"column":4},"end":{"line":85,"column":6}},"20":{"start":{"line":88,"column":2},"end":{"line":294,"column":4}},"21":{"start":{"line":117,"column":33},"end":{"line":117,"column":81}},"22":{"start":{"line":129,"column":33},"end":{"line":129,"column":82}},"23":{"start":{"line":143,"column":31},"end":{"line":143,"column":83}},"24":{"start":{"line":154,"column":31},"end":{"line":154,"column":81}},"25":{"start":{"line":158,"column":16},"end":{"line":158,"column":36}},"26":{"start":{"line":168,"column":16},"end":{"line":168,"column":35}},"27":{"start":{"line":173,"column":36},"end":{"line":173,"column":64}},"28":{"start":{"line":187,"column":31},"end":{"line":187,"column":83}},"29":{"start":{"line":207,"column":31},"end":{"line":207,"column":81}},"30":{"start":{"line":219,"column":31},"end":{"line":219,"column":81}},"31":{"start":{"line":234,"column":35},"end":{"line":234,"column":90}},"32":{"start":{"line":245,"column":35},"end":{"line":245,"column":90}},"33":{"start":{"line":256,"column":35},"end":{"line":256,"column":90}},"34":{"start":{"line":297,"column":0},"end":{"line":297,"column":26}}},"fnMap":{"0":{"name":"(anonymous_6)","decl":{"start":{"line":4,"column":19},"end":{"line":4,"column":22}},"loc":{"start":{"line":4,"column":24},"end":{"line":295,"column":1}}},"1":{"name":"(anonymous_7)","decl":{"start":{"line":38,"column":30},"end":{"line":38,"column":31}},"loc":{"start":{"line":38,"column":42},"end":{"line":45,"column":3}}},"2":{"name":"(anonymous_8)","decl":{"start":{"line":39,"column":16},"end":{"line":39,"column":20}},"loc":{"start":{"line":39,"column":25},"end":{"line":44,"column":6}}},"3":{"name":"(anonymous_9)","decl":{"start":{"line":42,"column":31},"end":{"line":42,"column":32}},"loc":{"start":{"line":42,"column":36},"end":{"line":42,"column":49}}},"4":{"name":"(anonymous_10)","decl":{"start":{"line":47,"column":23},"end":{"line":47,"column":24}},"loc":{"start":{"line":47,"column":29},"end":{"line":68,"column":3}}},"5":{"name":"(anonymous_11)","decl":{"start":{"line":54,"column":15},"end":{"line":54,"column":18}},"loc":{"start":{"line":54,"column":20},"end":{"line":67,"column":5}}},"6":{"name":"(anonymous_12)","decl":{"start":{"line":117,"column":26},"end":{"line":117,"column":27}},"loc":{"start":{"line":117,"column":33},"end":{"line":117,"column":81}}},"7":{"name":"(anonymous_13)","decl":{"start":{"line":129,"column":26},"end":{"line":129,"column":27}},"loc":{"start":{"line":129,"column":33},"end":{"line":129,"column":82}}},"8":{"name":"(anonymous_14)","decl":{"start":{"line":143,"column":24},"end":{"line":143,"column":25}},"loc":{"start":{"line":143,"column":31},"end":{"line":143,"column":83}}},"9":{"name":"(anonymous_15)","decl":{"start":{"line":154,"column":24},"end":{"line":154,"column":25}},"loc":{"start":{"line":154,"column":31},"end":{"line":154,"column":81}}},"10":{"name":"(anonymous_16)","decl":{"start":{"line":157,"column":32},"end":{"line":157,"column":33}},"loc":{"start":{"line":158,"column":16},"end":{"line":158,"column":36}}},"11":{"name":"(anonymous_17)","decl":{"start":{"line":167,"column":28},"end":{"line":167,"column":29}},"loc":{"start":{"line":168,"column":16},"end":{"line":168,"column":35}}},"12":{"name":"(anonymous_18)","decl":{"start":{"line":173,"column":30},"end":{"line":173,"column":33}},"loc":{"start":{"line":173,"column":36},"end":{"line":173,"column":64}}},"13":{"name":"(anonymous_19)","decl":{"start":{"line":187,"column":24},"end":{"line":187,"column":25}},"loc":{"start":{"line":187,"column":31},"end":{"line":187,"column":83}}},"14":{"name":"(anonymous_20)","decl":{"start":{"line":207,"column":24},"end":{"line":207,"column":25}},"loc":{"start":{"line":207,"column":31},"end":{"line":207,"column":81}}},"15":{"name":"(anonymous_21)","decl":{"start":{"line":219,"column":24},"end":{"line":219,"column":25}},"loc":{"start":{"line":219,"column":31},"end":{"line":219,"column":81}}},"16":{"name":"(anonymous_22)","decl":{"start":{"line":234,"column":28},"end":{"line":234,"column":29}},"loc":{"start":{"line":234,"column":35},"end":{"line":234,"column":90}}},"17":{"name":"(anonymous_23)","decl":{"start":{"line":245,"column":28},"end":{"line":245,"column":29}},"loc":{"start":{"line":245,"column":35},"end":{"line":245,"column":90}}},"18":{"name":"(anonymous_24)","decl":{"start":{"line":256,"column":28},"end":{"line":256,"column":29}},"loc":{"start":{"line":256,"column":35},"end":{"line":256,"column":90}}}},"branchMap":{"0":{"loc":{"start":{"line":41,"column":16},"end":{"line":43,"column":37}},"type":"cond-expr","locations":[{"start":{"line":42,"column":10},"end":{"line":42,"column":50}},{"start":{"line":43,"column":10},"end":{"line":43,"column":37}}]},"1":{"loc":{"start":{"line":70,"column":2},"end":{"line":86,"column":3}},"type":"if","locations":[{"start":{"line":70,"column":2},"end":{"line":86,"column":3}}]}},"s":{"0":1,"1":1,"2":1,"3":19,"4":19,"5":19,"6":19,"7":19,"8":4,"9":4,"10":2,"11":19,"12":1,"13":1,"14":1,"15":1,"16":0,"17":0,"18":19,"19":1,"20":18,"21":2,"22":3,"23":1,"24":1,"25":90,"26":144,"27":4,"28":0,"29":1,"30":0,"31":0,"32":0,"33":0,"34":1},"f":{"0":19,"1":4,"2":4,"3":2,"4":1,"5":0,"6":2,"7":3,"8":1,"9":1,"10":90,"11":144,"12":4,"13":0,"14":1,"15":0,"16":0,"17":0,"18":0},"b":{"0":[1,3],"1":[1]}}
,"/Users/ayushrai/WebDev/Expert-O/src/components/Contact.tsx": {"path":"/Users/ayushrai/WebDev/Expert-O/src/components/Contact.tsx","statementMap":{"0":{"start":{"line":1,"column":0},"end":{"line":1,"column":40}},"1":{"start":{"line":2,"column":0},"end":{"line":2,"column":79}},"2":{"start":{"line":4,"column":16},"end":{"line":229,"column":1}},"3":{"start":{"line":5,"column":34},"end":{"line":10,"column":4}},"4":{"start":{"line":12,"column":23},"end":{"line":16,"column":3}},"5":{"start":{"line":13,"column":4},"end":{"line":13,"column":23}},"6":{"start":{"line":14,"column":4},"end":{"line":14,"column":53}},"7":{"start":{"line":18,"column":22},"end":{"line":47,"column":4}},"8":{"start":{"line":49,"column":22},"end":{"line":54,"column":4}},"9":{"start":{"line":56,"column":2},"end":{"line":228,"column":4}},"10":{"start":{"line":86,"column":18},"end":{"line":86,"column":35}},"11":{"start":{"line":116,"column":18},"end":{"line":117,"column":null}},"12":{"start":{"line":164,"column":37},"end":{"line":164,"column":85}},"13":{"start":{"line":179,"column":37},"end":{"line":179,"column":86}},"14":{"start":{"line":195,"column":35},"end":{"line":195,"column":86}},"15":{"start":{"line":210,"column":35},"end":{"line":210,"column":86}},"16":{"start":{"line":231,"column":0},"end":{"line":231,"column":23}}},"fnMap":{"0":{"name":"(anonymous_6)","decl":{"start":{"line":4,"column":16},"end":{"line":4,"column":19}},"loc":{"start":{"line":4,"column":21},"end":{"line":229,"column":1}}},"1":{"name":"(anonymous_7)","decl":{"start":{"line":12,"column":23},"end":{"line":12,"column":24}},"loc":{"start":{"line":12,"column":29},"end":{"line":16,"column":3}}},"2":{"name":"(anonymous_8)","decl":{"start":{"line":85,"column":33},"end":{"line":85,"column":34}},"loc":{"start":{"line":86,"column":18},"end":{"line":86,"column":35}}},"3":{"name":"(anonymous_9)","decl":{"start":{"line":115,"column":33},"end":{"line":115,"column":34}},"loc":{"start":{"line":116,"column":18},"end":{"line":117,"column":null}}},"4":{"name":"(anonymous_10)","decl":{"start":{"line":164,"column":30},"end":{"line":164,"column":31}},"loc":{"start":{"line":164,"column":37},"end":{"line":164,"column":85}}},"5":{"name":"(anonymous_11)","decl":{"start":{"line":179,"column":30},"end":{"line":179,"column":31}},"loc":{"start":{"line":179,"column":37},"end":{"line":179,"column":86}}},"6":{"name":"(anonymous_12)","decl":{"start":{"line":195,"column":28},"end":{"line":195,"column":29}},"loc":{"start":{"line":195,"column":35},"end":{"line":195,"column":86}}},"7":{"name":"(anonymous_13)","decl":{"start":{"line":210,"column":28},"end":{"line":210,"column":29}},"loc":{"start":{"line":210,"column":35},"end":{"line":210,"column":86}}}},"branchMap":{"0":{"loc":{"start":{"line":92,"column":23},"end":{"line":101,"column":null}},"type":"cond-expr","locations":[{"start":{"line":93,"column":24},"end":{"line":98,"column":null}},{"start":{"line":101,"column":24},"end":{"line":101,"column":82}}]}},"s":{"0":1,"1":1,"2":1,"3":12,"4":12,"5":1,"6":1,"7":12,"8":12,"9":12,"10":48,"11":48,"12":1,"13":1,"14":1,"15":1,"16":1},"f":{"0":12,"1":1,"2":48,"3":48,"4":1,"5":1,"6":1,"7":1},"b":{"0":[24,24]}}
,"/Users/ayushrai/WebDev/Expert-O/src/components/ErrorBoundary.tsx": {"path":"/Users/ayushrai/WebDev/Expert-O/src/components/ErrorBoundary.tsx","statementMap":{"0":{"start":{"line":29,"column":4},"end":{"line":29,"column":17}},"1":{"start":{"line":51,"column":2},"end":{"line":53,"column":null}},"2":{"start":{"line":52,"column":4},"end":{"line":52,"column":79}},"3":{"start":{"line":55,"column":2},"end":{"line":57,"column":null}},"4":{"start":{"line":56,"column":4},"end":{"line":56,"column":31}},"5":{"start":{"line":30,"column":4},"end":{"line":30,"column":37}},"6":{"start":{"line":35,"column":4},"end":{"line":35,"column":37}},"7":{"start":{"line":40,"column":4},"end":{"line":40,"column":70}},"8":{"start":{"line":43,"column":4},"end":{"line":43,"column":43}},"9":{"start":{"line":45,"column":4},"end":{"line":48,"column":7}},"10":{"start":{"line":60,"column":4},"end":{"line":115,"column":5}},"11":{"start":{"line":62,"column":6},"end":{"line":64,"column":7}},"12":{"start":{"line":63,"column":8},"end":{"line":63,"column":35}},"13":{"start":{"line":67,"column":6},"end":{"line":114,"column":8}},"14":{"start":{"line":117,"column":4},"end":{"line":117,"column":31}}},"fnMap":{"0":{"name":"(anonymous_0)","decl":{"start":{"line":28,"column":2},"end":{"line":28,"column":14}},"loc":{"start":{"line":28,"column":26},"end":{"line":31,"column":3}}},"1":{"name":"(anonymous_1)","decl":{"start":{"line":51,"column":16},"end":{"line":51,"column":19}},"loc":{"start":{"line":51,"column":21},"end":{"line":53,"column":3}}},"2":{"name":"(anonymous_2)","decl":{"start":{"line":55,"column":17},"end":{"line":55,"column":20}},"loc":{"start":{"line":55,"column":22},"end":{"line":57,"column":3}}},"3":{"name":"(anonymous_3)","decl":{"start":{"line":33,"column":2},"end":{"line":33,"column":8}},"loc":{"start":{"line":33,"column":46},"end":{"line":36,"column":3}}},"4":{"name":"(anonymous_4)","decl":{"start":{"line":38,"column":2},"end":{"line":38,"column":19}},"loc":{"start":{"line":38,"column":54},"end":{"line":49,"column":3}}},"5":{"name":"(anonymous_5)","decl":{"start":{"line":59,"column":2},"end":{"line":59,"column":8}},"loc":{"start":{"line":59,"column":8},"end":{"line":118,"column":3}}}},"branchMap":{"0":{"loc":{"start":{"line":60,"column":4},"end":{"line":115,"column":5}},"type":"if","locations":[{"start":{"line":60,"column":4},"end":{"line":115,"column":5}}]},"1":{"loc":{"start":{"line":62,"column":6},"end":{"line":64,"column":7}},"type":"if","locations":[{"start":{"line":62,"column":6},"end":{"line":64,"column":7}}]},"2":{"loc":{"start":{"line":101,"column":13},"end":{"line":110,"column":null}},"type":"binary-expr","locations":[{"start":{"line":101,"column":13},"end":{"line":101,"column":51}},{"start":{"line":101,"column":55},"end":{"line":101,"column":71}},{"start":{"line":102,"column":14},"end":{"line":109,"column":null}}]}},"s":{"0":0,"1":0,"2":0,"3":0,"4":0,"5":0,"6":0,"7":0,"8":0,"9":0,"10":0,"11":0,"12":0,"13":0,"14":0},"f":{"0":0,"1":0,"2":0,"3":0,"4":0,"5":0},"b":{"0":[0],"1":[0],"2":[0,0,0]}}
,"/Users/ayushrai/WebDev/Expert-O/src/components/FivePillars.tsx": {"path":"/Users/ayushrai/WebDev/Expert-O/src/components/FivePillars.tsx","statementMap":{"0":{"start":{"line":1,"column":0},"end":{"line":1,"column":26}},"1":{"start":{"line":2,"column":0},"end":{"line":2,"column":68}},"2":{"start":{"line":4,"column":20},"end":{"line":134,"column":1}},"3":{"start":{"line":5,"column":18},"end":{"line":41,"column":4}},"4":{"start":{"line":43,"column":2},"end":{"line":133,"column":4}},"5":{"start":{"line":72,"column":12},"end":{"line":73,"column":null}},"6":{"start":{"line":136,"column":0},"end":{"line":136,"column":27}}},"fnMap":{"0":{"name":"(anonymous_1)","decl":{"start":{"line":4,"column":20},"end":{"line":4,"column":23}},"loc":{"start":{"line":4,"column":25},"end":{"line":134,"column":1}}},"1":{"name":"(anonymous_2)","decl":{"start":{"line":71,"column":23},"end":{"line":71,"column":24}},"loc":{"start":{"line":72,"column":12},"end":{"line":73,"column":null}}}},"branchMap":{"0":{"loc":{"start":{"line":75,"column":74},"end":{"line":75,"column":118}},"type":"cond-expr","locations":[{"start":{"line":75,"column":92},"end":{"line":75,"column":113}},{"start":{"line":75,"column":116},"end":{"line":75,"column":118}}]}},"s":{"0":1,"1":1,"2":1,"3":5,"4":5,"5":25,"6":1},"f":{"0":5,"1":25},"b":{"0":[10,15]}}
,"/Users/ayushrai/WebDev/Expert-O/src/components/Hero.tsx": {"path":"/Users/ayushrai/WebDev/Expert-O/src/components/Hero.tsx","statementMap":{"0":{"start":{"line":1,"column":0},"end":{"line":1,"column":26}},"1":{"start":{"line":2,"column":0},"end":{"line":2,"column":64}},"2":{"start":{"line":4,"column":13},"end":{"line":100,"column":1}},"3":{"start":{"line":5,"column":2},"end":{"line":99,"column":4}},"4":{"start":{"line":102,"column":0},"end":{"line":102,"column":20}}},"fnMap":{"0":{"name":"(anonymous_1)","decl":{"start":{"line":4,"column":13},"end":{"line":4,"column":16}},"loc":{"start":{"line":4,"column":18},"end":{"line":100,"column":1}}}},"branchMap":{},"s":{"0":1,"1":1,"2":1,"3":6,"4":1},"f":{"0":6},"b":{}}
,"/Users/ayushrai/WebDev/Expert-O/src/components/JoinForm.tsx": {"path":"/Users/ayushrai/WebDev/Expert-O/src/components/JoinForm.tsx","statementMap":{"0":{"start":{"line":1,"column":0},"end":{"line":1,"column":40}},"1":{"start":{"line":2,"column":0},"end":{"line":2,"column":56}},"2":{"start":{"line":4,"column":17},"end":{"line":299,"column":1}},"3":{"start":{"line":5,"column":34},"end":{"line":16,"column":4}},"4":{"start":{"line":18,"column":40},"end":{"line":18,"column":55}},"5":{"start":{"line":20,"column":16},"end":{"line":26,"column":4}},"6":{"start":{"line":28,"column":21},"end":{"line":41,"column":4}},"7":{"start":{"line":43,"column":28},"end":{"line":50,"column":3}},"8":{"start":{"line":44,"column":4},"end":{"line":49,"column":8}},"9":{"start":{"line":44,"column":25},"end":{"line":49,"column":6}},"10":{"start":{"line":47,"column":34},"end":{"line":47,"column":45}},"11":{"start":{"line":52,"column":23},"end":{"line":72,"column":3}},"12":{"start":{"line":53,"column":4},"end":{"line":53,"column":23}},"13":{"start":{"line":54,"column":4},"end":{"line":54,"column":50}},"14":{"start":{"line":55,"column":4},"end":{"line":55,"column":25}},"15":{"start":{"line":57,"column":4},"end":{"line":71,"column":13}},"16":{"start":{"line":58,"column":6},"end":{"line":58,"column":28}},"17":{"start":{"line":59,"column":6},"end":{"line":70,"column":9}},"18":{"start":{"line":74,"column":2},"end":{"line":90,"column":3}},"19":{"start":{"line":75,"column":4},"end":{"line":89,"column":6}},"20":{"start":{"line":92,"column":2},"end":{"line":298,"column":4}},"21":{"start":{"line":127,"column":33},"end":{"line":127,"column":81}},"22":{"start":{"line":142,"column":33},"end":{"line":142,"column":82}},"23":{"start":{"line":157,"column":31},"end":{"line":157,"column":79}},"24":{"start":{"line":162,"column":16},"end":{"line":162,"column":36}},"25":{"start":{"line":172,"column":16},"end":{"line":172,"column":35}},"26":{"start":{"line":177,"column":36},"end":{"line":177,"column":60}},"27":{"start":{"line":197,"column":33},"end":{"line":197,"column":86}},"28":{"start":{"line":212,"column":33},"end":{"line":212,"column":85}},"29":{"start":{"line":229,"column":31},"end":{"line":229,"column":85}},"30":{"start":{"line":245,"column":31},"end":{"line":245,"column":82}},"31":{"start":{"line":259,"column":31},"end":{"line":259,"column":87}},"32":{"start":{"line":281,"column":31},"end":{"line":281,"column":85}},"33":{"start":{"line":301,"column":0},"end":{"line":301,"column":24}}},"fnMap":{"0":{"name":"(anonymous_6)","decl":{"start":{"line":4,"column":17},"end":{"line":4,"column":20}},"loc":{"start":{"line":4,"column":22},"end":{"line":299,"column":1}}},"1":{"name":"(anonymous_7)","decl":{"start":{"line":43,"column":28},"end":{"line":43,"column":29}},"loc":{"start":{"line":43,"column":38},"end":{"line":50,"column":3}}},"2":{"name":"(anonymous_8)","decl":{"start":{"line":44,"column":16},"end":{"line":44,"column":20}},"loc":{"start":{"line":44,"column":25},"end":{"line":49,"column":6}}},"3":{"name":"(anonymous_9)","decl":{"start":{"line":47,"column":29},"end":{"line":47,"column":30}},"loc":{"start":{"line":47,"column":34},"end":{"line":47,"column":45}}},"4":{"name":"(anonymous_10)","decl":{"start":{"line":52,"column":23},"end":{"line":52,"column":24}},"loc":{"start":{"line":52,"column":29},"end":{"line":72,"column":3}}},"5":{"name":"(anonymous_11)","decl":{"start":{"line":57,"column":15},"end":{"line":57,"column":18}},"loc":{"start":{"line":57,"column":20},"end":{"line":71,"column":5}}},"6":{"name":"(anonymous_12)","decl":{"start":{"line":127,"column":26},"end":{"line":127,"column":27}},"loc":{"start":{"line":127,"column":33},"end":{"line":127,"column":81}}},"7":{"name":"(anonymous_13)","decl":{"start":{"line":142,"column":26},"end":{"line":142,"column":27}},"loc":{"start":{"line":142,"column":33},"end":{"line":142,"column":82}}},"8":{"name":"(anonymous_14)","decl":{"start":{"line":157,"column":24},"end":{"line":157,"column":25}},"loc":{"start":{"line":157,"column":31},"end":{"line":157,"column":79}}},"9":{"name":"(anonymous_15)","decl":{"start":{"line":161,"column":25},"end":{"line":161,"column":26}},"loc":{"start":{"line":162,"column":16},"end":{"line":162,"column":36}}},"10":{"name":"(anonymous_16)","decl":{"start":{"line":171,"column":30},"end":{"line":171,"column":31}},"loc":{"start":{"line":172,"column":16},"end":{"line":172,"column":35}}},"11":{"name":"(anonymous_17)","decl":{"start":{"line":177,"column":30},"end":{"line":177,"column":33}},"loc":{"start":{"line":177,"column":36},"end":{"line":177,"column":60}}},"12":{"name":"(anonymous_18)","decl":{"start":{"line":197,"column":26},"end":{"line":197,"column":27}},"loc":{"start":{"line":197,"column":33},"end":{"line":197,"column":86}}},"13":{"name":"(anonymous_19)","decl":{"start":{"line":212,"column":26},"end":{"line":212,"column":27}},"loc":{"start":{"line":212,"column":33},"end":{"line":212,"column":85}}},"14":{"name":"(anonymous_20)","decl":{"start":{"line":229,"column":24},"end":{"line":229,"column":25}},"loc":{"start":{"line":229,"column":31},"end":{"line":229,"column":85}}},"15":{"name":"(anonymous_21)","decl":{"start":{"line":245,"column":24},"end":{"line":245,"column":25}},"loc":{"start":{"line":245,"column":31},"end":{"line":245,"column":82}}},"16":{"name":"(anonymous_22)","decl":{"start":{"line":259,"column":24},"end":{"line":259,"column":25}},"loc":{"start":{"line":259,"column":31},"end":{"line":259,"column":87}}},"17":{"name":"(anonymous_23)","decl":{"start":{"line":281,"column":24},"end":{"line":281,"column":25}},"loc":{"start":{"line":281,"column":31},"end":{"line":281,"column":85}}}},"branchMap":{"0":{"loc":{"start":{"line":46,"column":14},"end":{"line":48,"column":33}},"type":"cond-expr","locations":[{"start":{"line":47,"column":10},"end":{"line":47,"column":46}},{"start":{"line":48,"column":10},"end":{"line":48,"column":33}}]},"1":{"loc":{"start":{"line":74,"column":2},"end":{"line":90,"column":3}},"type":"if","locations":[{"start":{"line":74,"column":2},"end":{"line":90,"column":3}}]}},"s":{"0":1,"1":1,"2":1,"3":32,"4":32,"5":32,"6":32,"7":32,"8":5,"9":5,"10":2,"11":32,"12":2,"13":2,"14":2,"15":2,"16":0,"17":0,"18":32,"19":2,"20":30,"21":2,"22":2,"23":2,"24":150,"25":360,"26":5,"27":0,"28":2,"29":2,"30":2,"31":2,"32":2,"33":1},"f":{"0":32,"1":5,"2":5,"3":2,"4":2,"5":0,"6":2,"7":2,"8":2,"9":150,"10":360,"11":5,"12":0,"13":2,"14":2,"15":2,"16":2,"17":2},"b":{"0":[1,4],"1":[2]}}
,"/Users/ayushrai/WebDev/Expert-O/src/components/LandingPage.tsx": {"path":"/Users/ayushrai/WebDev/Expert-O/src/components/LandingPage.tsx","statementMap":{"0":{"start":{"line":17,"column":20},"end":{"line":220,"column":1}},"1":{"start":{"line":18,"column":46},"end":{"line":18,"column":61}},"2":{"start":{"line":19,"column":30},"end":{"line":19,"column":39}},"3":{"start":{"line":20,"column":19},"end":{"line":20,"column":32}},"4":{"start":{"line":22,"column":21},"end":{"line":29,"column":4}},"5":{"start":{"line":31,"column":27},"end":{"line":37,"column":3}},"6":{"start":{"line":32,"column":4},"end":{"line":36,"column":5}},"7":{"start":{"line":33,"column":6},"end":{"line":33,"column":29}},"8":{"start":{"line":35,"column":6},"end":{"line":35,"column":29}},"9":{"start":{"line":39,"column":2},"end":{"line":219,"column":4}},"10":{"start":{"line":54,"column":18},"end":{"line":55,"column":null}},"11":{"start":{"line":66,"column":35},"end":{"line":66,"column":57}},"12":{"start":{"line":74,"column":37},"end":{"line":74,"column":62}},"13":{"start":{"line":81,"column":37},"end":{"line":81,"column":65}},"14":{"start":{"line":94,"column":31},"end":{"line":94,"column":65}},"15":{"start":{"line":106,"column":18},"end":{"line":107,"column":null}},"16":{"start":{"line":110,"column":35},"end":{"line":110,"column":59}},"17":{"start":{"line":120,"column":22},"end":{"line":120,"column":45}},"18":{"start":{"line":121,"column":22},"end":{"line":121,"column":47}},"19":{"start":{"line":131,"column":24},"end":{"line":131,"column":50}},"20":{"start":{"line":132,"column":24},"end":{"line":132,"column":49}},"21":{"start":{"line":141,"column":24},"end":{"line":141,"column":53}},"22":{"start":{"line":142,"column":24},"end":{"line":142,"column":49}}},"fnMap":{"0":{"name":"(anonymous_0)","decl":{"start":{"line":17,"column":20},"end":{"line":17,"column":23}},"loc":{"start":{"line":17,"column":25},"end":{"line":220,"column":1}}},"1":{"name":"(anonymous_1)","decl":{"start":{"line":31,"column":27},"end":{"line":31,"column":28}},"loc":{"start":{"line":31,"column":60},"end":{"line":37,"column":3}}},"2":{"name":"(anonymous_2)","decl":{"start":{"line":53,"column":32},"end":{"line":53,"column":33}},"loc":{"start":{"line":54,"column":18},"end":{"line":55,"column":null}}},"3":{"name":"(anonymous_3)","decl":{"start":{"line":66,"column":29},"end":{"line":66,"column":32}},"loc":{"start":{"line":66,"column":35},"end":{"line":66,"column":57}}},"4":{"name":"(anonymous_4)","decl":{"start":{"line":74,"column":31},"end":{"line":74,"column":34}},"loc":{"start":{"line":74,"column":37},"end":{"line":74,"column":62}}},"5":{"name":"(anonymous_5)","decl":{"start":{"line":81,"column":31},"end":{"line":81,"column":34}},"loc":{"start":{"line":81,"column":37},"end":{"line":81,"column":65}}},"6":{"name":"(anonymous_6)","decl":{"start":{"line":94,"column":25},"end":{"line":94,"column":28}},"loc":{"start":{"line":94,"column":31},"end":{"line":94,"column":65}}},"7":{"name":"(anonymous_7)","decl":{"start":{"line":105,"column":32},"end":{"line":105,"column":33}},"loc":{"start":{"line":106,"column":18},"end":{"line":107,"column":null}}},"8":{"name":"(anonymous_8)","decl":{"start":{"line":110,"column":29},"end":{"line":110,"column":32}},"loc":{"start":{"line":110,"column":35},"end":{"line":110,"column":59}}},"9":{"name":"(anonymous_9)","decl":{"start":{"line":119,"column":29},"end":{"line":119,"column":32}},"loc":{"start":{"line":119,"column":34},"end":{"line":122,"column":21}}},"10":{"name":"(anonymous_10)","decl":{"start":{"line":130,"column":31},"end":{"line":130,"column":34}},"loc":{"start":{"line":130,"column":36},"end":{"line":133,"column":23}}},"11":{"name":"(anonymous_11)","decl":{"start":{"line":140,"column":31},"end":{"line":140,"column":34}},"loc":{"start":{"line":140,"column":36},"end":{"line":143,"column":23}}}},"branchMap":{"0":{"loc":{"start":{"line":32,"column":4},"end":{"line":36,"column":5}},"type":"if","locations":[{"start":{"line":32,"column":4},"end":{"line":36,"column":5}},{"start":{"line":34,"column":11},"end":{"line":36,"column":5}}]},"1":{"loc":{"start":{"line":64,"column":17},"end":{"line":87,"column":null}},"type":"cond-expr","locations":[{"start":{"line":65,"column":18},"end":{"line":67,"column":null}},{"start":{"line":72,"column":18},"end":{"line":86,"column":null}}]},"2":{"loc":{"start":{"line":97,"column":17},"end":{"line":97,"column":70}},"type":"cond-expr","locations":[{"start":{"line":97,"column":34},"end":{"line":97,"column":49}},{"start":{"line":97,"column":52},"end":{"line":97,"column":70}}]},"3":{"loc":{"start":{"line":102,"column":11},"end":{"line":152,"column":null}},"type":"binary-expr","locations":[{"start":{"line":102,"column":11},"end":{"line":102,"column":25}},{"start":{"line":103,"column":12},"end":{"line":151,"column":null}}]},"4":{"loc":{"start":{"line":117,"column":17},"end":{"line":149,"column":null}},"type":"cond-expr","locations":[{"start":{"line":118,"column":18},"end":{"line":123,"column":null}},{"start":{"line":128,"column":18},"end":{"line":148,"column":null}}]}},"s":{"0":0,"1":0,"2":0,"3":0,"4":0,"5":0,"6":0,"7":0,"8":0,"9":0,"10":0,"11":0,"12":0,"13":0,"14":0,"15":0,"16":0,"17":0,"18":0,"19":0,"20":0,"21":0,"22":0},"f":{"0":0,"1":0,"2":0,"3":0,"4":0,"5":0,"6":0,"7":0,"8":0,"9":0,"10":0,"11":0},"b":{"0":[0,0],"1":[0,0],"2":[0,0],"3":[0,0],"4":[0,0]}}
,"/Users/ayushrai/WebDev/Expert-O/src/components/Loading.tsx": {"path":"/Users/ayushrai/WebDev/Expert-O/src/components/Loading.tsx","statementMap":{"0":{"start":{"line":25,"column":40},"end":{"line":62,"column":1}},"1":{"start":{"line":31,"column":22},"end":{"line":35,"column":4}},"2":{"start":{"line":38,"column":4},"end":{"line":47,"column":null}},"3":{"start":{"line":51,"column":2},"end":{"line":59,"column":3}},"4":{"start":{"line":52,"column":4},"end":{"line":58,"column":6}},"5":{"start":{"line":61,"column":2},"end":{"line":61,"column":17}}},"fnMap":{"0":{"name":"(anonymous_0)","decl":{"start":{"line":25,"column":40},"end":{"line":25,"column":41}},"loc":{"start":{"line":30,"column":5},"end":{"line":62,"column":1}}}},"branchMap":{"0":{"loc":{"start":{"line":26,"column":2},"end":{"line":26,"column":13}},"type":"default-arg","locations":[{"start":{"line":26,"column":9},"end":{"line":26,"column":13}}]},"1":{"loc":{"start":{"line":28,"column":2},"end":{"line":28,"column":20}},"type":"default-arg","locations":[{"start":{"line":28,"column":15},"end":{"line":28,"column":20}}]},"2":{"loc":{"start":{"line":29,"column":2},"end":{"line":29,"column":16}},"type":"default-arg","locations":[{"start":{"line":29,"column":14},"end":{"line":29,"column":16}}]},"3":{"loc":{"start":{"line":43,"column":7},"end":{"line":46,"column":null}},"type":"binary-expr","locations":[{"start":{"line":43,"column":7},"end":{"line":43,"column":11}},{"start":{"line":44,"column":8},"end":{"line":45,"column":null}}]},"4":{"loc":{"start":{"line":51,"column":2},"end":{"line":59,"column":3}},"type":"if","locations":[{"start":{"line":51,"column":2},"end":{"line":59,"column":3}}]}},"s":{"0":0,"1":0,"2":0,"3":0,"4":0,"5":0},"f":{"0":0},"b":{"0":[0],"1":[0],"2":[0],"3":[0,0],"4":[0]}}
,"/Users/ayushrai/WebDev/Expert-O/src/components/OurStory.tsx": {"path":"/Users/ayushrai/WebDev/Expert-O/src/components/OurStory.tsx","statementMap":{"0":{"start":{"line":1,"column":0},"end":{"line":1,"column":26}},"1":{"start":{"line":2,"column":0},"end":{"line":2,"column":57}},"2":{"start":{"line":4,"column":17},"end":{"line":131,"column":1}},"3":{"start":{"line":5,"column":2},"end":{"line":130,"column":4}},"4":{"start":{"line":133,"column":0},"end":{"line":133,"column":24}}},"fnMap":{"0":{"name":"(anonymous_1)","decl":{"start":{"line":4,"column":17},"end":{"line":4,"column":20}},"loc":{"start":{"line":4,"column":22},"end":{"line":131,"column":1}}}},"branchMap":{},"s":{"0":1,"1":1,"2":1,"3":9,"4":1},"f":{"0":9},"b":{}}
,"/Users/ayushrai/WebDev/Expert-O/src/components/Portfolio.tsx": {"path":"/Users/ayushrai/WebDev/Expert-O/src/components/Portfolio.tsx","statementMap":{"0":{"start":{"line":1,"column":0},"end":{"line":1,"column":40}},"1":{"start":{"line":2,"column":0},"end":{"line":2,"column":64}},"2":{"start":{"line":4,"column":18},"end":{"line":202,"column":1}},"3":{"start":{"line":5,"column":42},"end":{"line":5,"column":57}},"4":{"start":{"line":7,"column":19},"end":{"line":68,"column":4}},"5":{"start":{"line":70,"column":21},"end":{"line":78,"column":4}},"6":{"start":{"line":80,"column":27},"end":{"line":82,"column":67}},"7":{"start":{"line":82,"column":33},"end":{"line":82,"column":66}},"8":{"start":{"line":84,"column":2},"end":{"line":201,"column":4}},"9":{"start":{"line":103,"column":12},"end":{"line":104,"column":null}},"10":{"start":{"line":105,"column":29},"end":{"line":105,"column":57}},"11":{"start":{"line":120,"column":12},"end":{"line":121,"column":null}},"12":{"start":{"line":166,"column":20},"end":{"line":167,"column":null}},"13":{"start":{"line":204,"column":0},"end":{"line":204,"column":25}}},"fnMap":{"0":{"name":"(anonymous_6)","decl":{"start":{"line":4,"column":18},"end":{"line":4,"column":21}},"loc":{"start":{"line":4,"column":23},"end":{"line":202,"column":1}}},"1":{"name":"(anonymous_7)","decl":{"start":{"line":82,"column":22},"end":{"line":82,"column":29}},"loc":{"start":{"line":82,"column":33},"end":{"line":82,"column":66}}},"2":{"name":"(anonymous_8)","decl":{"start":{"line":102,"column":26},"end":{"line":102,"column":27}},"loc":{"start":{"line":103,"column":12},"end":{"line":104,"column":null}}},"3":{"name":"(anonymous_9)","decl":{"start":{"line":105,"column":23},"end":{"line":105,"column":26}},"loc":{"start":{"line":105,"column":29},"end":{"line":105,"column":57}}},"4":{"name":"(anonymous_10)","decl":{"start":{"line":119,"column":32},"end":{"line":119,"column":33}},"loc":{"start":{"line":120,"column":12},"end":{"line":121,"column":null}}},"5":{"name":"(anonymous_11)","decl":{"start":{"line":165,"column":36},"end":{"line":165,"column":37}},"loc":{"start":{"line":166,"column":20},"end":{"line":167,"column":null}}}},"branchMap":{"0":{"loc":{"start":{"line":80,"column":27},"end":{"line":82,"column":67}},"type":"cond-expr","locations":[{"start":{"line":81,"column":6},"end":{"line":81,"column":14}},{"start":{"line":82,"column":6},"end":{"line":82,"column":67}}]},"1":{"loc":{"start":{"line":107,"column":16},"end":{"line":109,"column":null}},"type":"cond-expr","locations":[{"start":{"line":108,"column":20},"end":{"line":108,"column":77}},{"start":{"line":109,"column":20},"end":{"line":109,"column":null}}]}},"s":{"0":1,"1":1,"2":1,"3":12,"4":12,"5":12,"6":12,"7":12,"8":12,"9":84,"10":3,"11":62,"12":248,"13":1},"f":{"0":12,"1":12,"2":84,"3":3,"4":62,"5":248},"b":{"0":[10,2],"1":[12,72]}}
,"/Users/ayushrai/WebDev/Expert-O/src/components/Pricing.tsx": {"path":"/Users/ayushrai/WebDev/Expert-O/src/components/Pricing.tsx","statementMap":{"0":{"start":{"line":1,"column":0},"end":{"line":1,"column":40}},"1":{"start":{"line":2,"column":0},"end":{"line":2,"column":76}},"2":{"start":{"line":4,"column":16},"end":{"line":297,"column":1}},"3":{"start":{"line":5,"column":40},"end":{"line":5,"column":59}},"4":{"start":{"line":6,"column":42},"end":{"line":11,"column":4}},"5":{"start":{"line":13,"column":23},"end":{"line":67,"column":4}},"6":{"start":{"line":69,"column":23},"end":{"line":76,"column":4}},"7":{"start":{"line":78,"column":31},"end":{"line":82,"column":3}},"8":{"start":{"line":79,"column":4},"end":{"line":79,"column":23}},"9":{"start":{"line":81,"column":4},"end":{"line":81,"column":58}},"10":{"start":{"line":84,"column":19},"end":{"line":84,"column":43}},"11":{"start":{"line":86,"column":30},"end":{"line":88,"column":3}},"12":{"start":{"line":87,"column":4},"end":{"line":87,"column":52}},"13":{"start":{"line":90,"column":2},"end":{"line":296,"column":4}},"14":{"start":{"line":130,"column":12},"end":{"line":131,"column":null}},"15":{"start":{"line":181,"column":18},"end":{"line":181,"column":41}},"16":{"start":{"line":220,"column":33},"end":{"line":220,"column":96}},"17":{"start":{"line":226,"column":18},"end":{"line":226,"column":38}},"18":{"start":{"line":238,"column":33},"end":{"line":238,"column":93}},"19":{"start":{"line":257,"column":33},"end":{"line":257,"column":91}},"20":{"start":{"line":299,"column":0},"end":{"line":299,"column":23}}},"fnMap":{"0":{"name":"(anonymous_6)","decl":{"start":{"line":4,"column":16},"end":{"line":4,"column":19}},"loc":{"start":{"line":4,"column":21},"end":{"line":297,"column":1}}},"1":{"name":"(anonymous_7)","decl":{"start":{"line":78,"column":31},"end":{"line":78,"column":32}},"loc":{"start":{"line":78,"column":37},"end":{"line":82,"column":3}}},"2":{"name":"(anonymous_8)","decl":{"start":{"line":86,"column":30},"end":{"line":86,"column":33}},"loc":{"start":{"line":86,"column":35},"end":{"line":88,"column":3}}},"3":{"name":"(anonymous_9)","decl":{"start":{"line":129,"column":28},"end":{"line":129,"column":29}},"loc":{"start":{"line":130,"column":12},"end":{"line":131,"column":null}}},"4":{"name":"(anonymous_10)","decl":{"start":{"line":180,"column":35},"end":{"line":180,"column":36}},"loc":{"start":{"line":181,"column":18},"end":{"line":181,"column":41}}},"5":{"name":"(anonymous_11)","decl":{"start":{"line":220,"column":26},"end":{"line":220,"column":27}},"loc":{"start":{"line":220,"column":33},"end":{"line":220,"column":96}}},"6":{"name":"(anonymous_12)","decl":{"start":{"line":225,"column":34},"end":{"line":225,"column":35}},"loc":{"start":{"line":226,"column":18},"end":{"line":226,"column":38}}},"7":{"name":"(anonymous_13)","decl":{"start":{"line":238,"column":26},"end":{"line":238,"column":27}},"loc":{"start":{"line":238,"column":33},"end":{"line":238,"column":93}}},"8":{"name":"(anonymous_14)","decl":{"start":{"line":257,"column":26},"end":{"line":257,"column":27}},"loc":{"start":{"line":257,"column":33},"end":{"line":257,"column":91}}}},"branchMap":{"0":{"loc":{"start":{"line":87,"column":19},"end":{"line":87,"column":50}},"type":"cond-expr","locations":[{"start":{"line":87,"column":30},"end":{"line":87,"column":39}},{"start":{"line":87,"column":42},"end":{"line":87,"column":50}}]},"1":{"loc":{"start":{"line":116,"column":18},"end":{"line":116,"column":null}},"type":"cond-expr","locations":[{"start":{"line":116,"column":29},"end":{"line":116,"column":44}},{"start":{"line":116,"column":47},"end":{"line":116,"column":null}}]},"2":{"loc":{"start":{"line":133,"column":16},"end":{"line":135,"column":null}},"type":"cond-expr","locations":[{"start":{"line":134,"column":20},"end":{"line":134,"column":71}},{"start":{"line":135,"column":20},"end":{"line":135,"column":null}}]},"3":{"loc":{"start":{"line":138,"column":15},"end":{"line":143,"column":null}},"type":"binary-expr","locations":[{"start":{"line":138,"column":15},"end":{"line":138,"column":27}},{"start":{"line":139,"column":16},"end":{"line":142,"column":null}}]},"4":{"loc":{"start":{"line":160,"column":22},"end":{"line":160,"column":122}},"type":"cond-expr","locations":[{"start":{"line":160,"column":50},"end":{"line":160,"column":85}},{"start":{"line":160,"column":88},"end":{"line":160,"column":122}}]},"5":{"loc":{"start":{"line":163,"column":22},"end":{"line":163,"column":66}},"type":"cond-expr","locations":[{"start":{"line":163,"column":50},"end":{"line":163,"column":57}},{"start":{"line":163,"column":60},"end":{"line":163,"column":66}}]},"6":{"loc":{"start":{"line":166,"column":17},"end":{"line":169,"column":null}},"type":"binary-expr","locations":[{"start":{"line":166,"column":17},"end":{"line":166,"column":41}},{"start":{"line":167,"column":18},"end":{"line":168,"column":null}}]},"7":{"loc":{"start":{"line":190,"column":16},"end":{"line":192,"column":null}},"type":"cond-expr","locations":[{"start":{"line":191,"column":20},"end":{"line":191,"column":154}},{"start":{"line":192,"column":20},"end":{"line":192,"column":null}}]}},"s":{"0":1,"1":1,"2":1,"3":13,"4":13,"5":13,"6":13,"7":13,"8":0,"9":0,"10":13,"11":13,"12":2,"13":13,"14":39,"15":299,"16":1,"17":78,"18":1,"19":1,"20":1},"f":{"0":13,"1":0,"2":2,"3":39,"4":299,"5":1,"6":78,"7":1,"8":1},"b":{"0":[0,2],"1":[2,11],"2":[13,26],"3":[39,13],"4":[33,6],"5":[33,6],"6":[39,6],"7":[13,26]}}
,"/Users/ayushrai/WebDev/Expert-O/src/components/Services.tsx": {"path":"/Users/ayushrai/WebDev/Expert-O/src/components/Services.tsx","statementMap":{"0":{"start":{"line":1,"column":0},"end":{"line":1,"column":40}},"1":{"start":{"line":2,"column":0},"end":{"line":2,"column":null}},"2":{"start":{"line":17,"column":17},"end":{"line":238,"column":1}},"3":{"start":{"line":18,"column":42},"end":{"line":18,"column":57}},"4":{"start":{"line":20,"column":19},"end":{"line":109,"column":4}},"5":{"start":{"line":111,"column":21},"end":{"line":118,"column":4}},"6":{"start":{"line":120,"column":27},"end":{"line":122,"column":67}},"7":{"start":{"line":122,"column":33},"end":{"line":122,"column":66}},"8":{"start":{"line":124,"column":2},"end":{"line":237,"column":4}},"9":{"start":{"line":142,"column":12},"end":{"line":143,"column":null}},"10":{"start":{"line":144,"column":29},"end":{"line":144,"column":57}},"11":{"start":{"line":161,"column":12},"end":{"line":162,"column":null}},"12":{"start":{"line":240,"column":0},"end":{"line":240,"column":24}}},"fnMap":{"0":{"name":"(anonymous_6)","decl":{"start":{"line":17,"column":17},"end":{"line":17,"column":20}},"loc":{"start":{"line":17,"column":22},"end":{"line":238,"column":1}}},"1":{"name":"(anonymous_7)","decl":{"start":{"line":122,"column":22},"end":{"line":122,"column":29}},"loc":{"start":{"line":122,"column":33},"end":{"line":122,"column":66}}},"2":{"name":"(anonymous_8)","decl":{"start":{"line":141,"column":26},"end":{"line":141,"column":27}},"loc":{"start":{"line":142,"column":12},"end":{"line":143,"column":null}}},"3":{"name":"(anonymous_9)","decl":{"start":{"line":144,"column":23},"end":{"line":144,"column":26}},"loc":{"start":{"line":144,"column":29},"end":{"line":144,"column":57}}},"4":{"name":"(anonymous_10)","decl":{"start":{"line":160,"column":32},"end":{"line":160,"column":33}},"loc":{"start":{"line":161,"column":12},"end":{"line":162,"column":null}}}},"branchMap":{"0":{"loc":{"start":{"line":120,"column":27},"end":{"line":122,"column":67}},"type":"cond-expr","locations":[{"start":{"line":121,"column":6},"end":{"line":121,"column":14}},{"start":{"line":122,"column":6},"end":{"line":122,"column":67}}]},"1":{"loc":{"start":{"line":146,"column":16},"end":{"line":148,"column":null}},"type":"cond-expr","locations":[{"start":{"line":147,"column":20},"end":{"line":147,"column":87}},{"start":{"line":148,"column":20},"end":{"line":148,"column":null}}]}},"s":{"0":1,"1":1,"2":1,"3":23,"4":23,"5":23,"6":23,"7":77,"8":23,"9":138,"10":13,"11":189,"12":1},"f":{"0":23,"1":77,"2":138,"3":13,"4":189},"b":{"0":[16,7],"1":[23,115]}}
,"/Users/ayushrai/WebDev/Expert-O/src/components/Skeleton.tsx": {"path":"/Users/ayushrai/WebDev/Expert-O/src/components/Skeleton.tsx","statementMap":{"0":{"start":{"line":27,"column":42},"end":{"line":87,"column":1}},"1":{"start":{"line":34,"column":22},"end":{"line":34,"column":57}},"2":{"start":{"line":36,"column":28},"end":{"line":46,"column":3}},"3":{"start":{"line":37,"column":4},"end":{"line":45,"column":5}},"4":{"start":{"line":39,"column":8},"end":{"line":39,"column":30}},"5":{"start":{"line":41,"column":8},"end":{"line":41,"column":18}},"6":{"start":{"line":44,"column":8},"end":{"line":44,"column":29}},"7":{"start":{"line":48,"column":24},"end":{"line":60,"column":3}},"8":{"start":{"line":49,"column":40},"end":{"line":49,"column":42}},"9":{"start":{"line":51,"column":4},"end":{"line":53,"column":5}},"10":{"start":{"line":52,"column":6},"end":{"line":52,"column":70}},"11":{"start":{"line":55,"column":4},"end":{"line":57,"column":5}},"12":{"start":{"line":56,"column":6},"end":{"line":56,"column":74}},"13":{"start":{"line":59,"column":4},"end":{"line":59,"column":18}},"14":{"start":{"line":62,"column":2},"end":{"line":77,"column":3}},"15":{"start":{"line":63,"column":4},"end":{"line":76,"column":6}},"16":{"start":{"line":66,"column":10},"end":{"line":67,"column":null}},"17":{"start":{"line":79,"column":2},"end":{"line":86,"column":4}}},"fnMap":{"0":{"name":"(anonymous_0)","decl":{"start":{"line":27,"column":42},"end":{"line":27,"column":43}},"loc":{"start":{"line":33,"column":5},"end":{"line":87,"column":1}}},"1":{"name":"(anonymous_1)","decl":{"start":{"line":36,"column":28},"end":{"line":36,"column":31}},"loc":{"start":{"line":36,"column":33},"end":{"line":46,"column":3}}},"2":{"name":"(anonymous_2)","decl":{"start":{"line":48,"column":24},"end":{"line":48,"column":27}},"loc":{"start":{"line":48,"column":29},"end":{"line":60,"column":3}}},"3":{"name":"(anonymous_3)","decl":{"start":{"line":65,"column":43},"end":{"line":65,"column":44}},"loc":{"start":{"line":66,"column":10},"end":{"line":67,"column":null}}}},"branchMap":{"0":{"loc":{"start":{"line":28,"column":2},"end":{"line":28,"column":16}},"type":"default-arg","locations":[{"start":{"line":28,"column":14},"end":{"line":28,"column":16}}]},"1":{"loc":{"start":{"line":29,"column":2},"end":{"line":29,"column":18}},"type":"default-arg","locations":[{"start":{"line":29,"column":12},"end":{"line":29,"column":18}}]},"2":{"loc":{"start":{"line":32,"column":2},"end":{"line":32,"column":11}},"type":"default-arg","locations":[{"start":{"line":32,"column":10},"end":{"line":32,"column":11}}]},"3":{"loc":{"start":{"line":37,"column":4},"end":{"line":45,"column":5}},"type":"switch","locations":[{"start":{"line":38,"column":6},"end":{"line":39,"column":30}},{"start":{"line":40,"column":6},"end":{"line":41,"column":18}},{"start":{"line":42,"column":6},"end":{"line":42,"column":18}},{"start":{"line":43,"column":6},"end":{"line":44,"column":29}}]},"4":{"loc":{"start":{"line":51,"column":4},"end":{"line":53,"column":5}},"type":"if","locations":[{"start":{"line":51,"column":4},"end":{"line":53,"column":5}}]},"5":{"loc":{"start":{"line":52,"column":21},"end":{"line":52,"column":69}},"type":"cond-expr","locations":[{"start":{"line":52,"column":49},"end":{"line":52,"column":61}},{"start":{"line":52,"column":64},"end":{"line":52,"column":69}}]},"6":{"loc":{"start":{"line":55,"column":4},"end":{"line":57,"column":5}},"type":"if","locations":[{"start":{"line":55,"column":4},"end":{"line":57,"column":5}}]},"7":{"loc":{"start":{"line":56,"column":22},"end":{"line":56,"column":73}},"type":"cond-expr","locations":[{"start":{"line":56,"column":51},"end":{"line":56,"column":64}},{"start":{"line":56,"column":67},"end":{"line":56,"column":73}}]},"8":{"loc":{"start":{"line":62,"column":2},"end":{"line":77,"column":3}},"type":"if","locations":[{"start":{"line":62,"column":2},"end":{"line":77,"column":3}}]},"9":{"loc":{"start":{"line":62,"column":6},"end":{"line":62,"column":37}},"type":"binary-expr","locations":[{"start":{"line":62,"column":6},"end":{"line":62,"column":24}},{"start":{"line":62,"column":28},"end":{"line":62,"column":37}}]},"10":{"loc":{"start":{"line":71,"column":21},"end":{"line":71,"column":56}},"type":"cond-expr","locations":[{"start":{"line":71,"column":43},"end":{"line":71,"column":48}},{"start":{"line":71,"column":51},"end":{"line":71,"column":56}}]}},"s":{"0":0,"1":0,"2":0,"3":0,"4":0,"5":0,"6":0,"7":0,"8":0,"9":0,"10":0,"11":0,"12":0,"13":0,"14":0,"15":0,"16":0,"17":0},"f":{"0":0,"1":0,"2":0,"3":0},"b":{"0":[0],"1":[0],"2":[0],"3":[0,0,0,0],"4":[0],"5":[0,0],"6":[0],"7":[0,0],"8":[0],"9":[0,0],"10":[0,0]}}
,"/Users/ayushrai/WebDev/Expert-O/src/components/auth/ForgotPassword.tsx": {"path":"/Users/ayushrai/WebDev/Expert-O/src/components/auth/ForgotPassword.tsx","statementMap":{"0":{"start":{"line":6,"column":0},"end":{"line":6,"column":24}},"1":{"start":{"line":1,"column":0},"end":{"line":1,"column":33}},"2":{"start":{"line":2,"column":0},"end":{"line":2,"column":55}},"3":{"start":{"line":3,"column":0},"end":{"line":3,"column":47}},"4":{"start":{"line":4,"column":0},"end":{"line":4,"column":53}},"5":{"start":{"line":7,"column":19},"end":{"line":7,"column":32}},"6":{"start":{"line":8,"column":28},"end":{"line":8,"column":40}},"7":{"start":{"line":9,"column":32},"end":{"line":9,"column":47}},"8":{"start":{"line":10,"column":32},"end":{"line":10,"column":47}},"9":{"start":{"line":11,"column":28},"end":{"line":11,"column":40}},"10":{"start":{"line":12,"column":28},"end":{"line":12,"column":37}},"11":{"start":{"line":14,"column":23},"end":{"line":28,"column":3}},"12":{"start":{"line":15,"column":4},"end":{"line":15,"column":23}},"13":{"start":{"line":16,"column":4},"end":{"line":16,"column":17}},"14":{"start":{"line":17,"column":4},"end":{"line":17,"column":21}},"15":{"start":{"line":19,"column":22},"end":{"line":19,"column":48}},"16":{"start":{"line":21,"column":4},"end":{"line":27,"column":5}},"17":{"start":{"line":22,"column":6},"end":{"line":22,"column":30}},"18":{"start":{"line":23,"column":6},"end":{"line":23,"column":24}},"19":{"start":{"line":25,"column":6},"end":{"line":25,"column":23}},"20":{"start":{"line":26,"column":6},"end":{"line":26,"column":24}},"21":{"start":{"line":30,"column":2},"end":{"line":53,"column":3}},"22":{"start":{"line":31,"column":4},"end":{"line":52,"column":6}},"23":{"start":{"line":45,"column":27},"end":{"line":45,"column":45}},"24":{"start":{"line":55,"column":2},"end":{"line":129,"column":4}},"25":{"start":{"line":92,"column":35},"end":{"line":92,"column":59}},"26":{"start":{"line":116,"column":27},"end":{"line":116,"column":45}}},"fnMap":{"0":{"name":"ForgotPassword","decl":{"start":{"line":6,"column":24},"end":{"line":6,"column":38}},"loc":{"start":{"line":6,"column":38},"end":{"line":130,"column":1}}},"1":{"name":"(anonymous_1)","decl":{"start":{"line":14,"column":23},"end":{"line":14,"column":28}},"loc":{"start":{"line":14,"column":52},"end":{"line":28,"column":3}}},"2":{"name":"(anonymous_2)","decl":{"start":{"line":45,"column":21},"end":{"line":45,"column":24}},"loc":{"start":{"line":45,"column":27},"end":{"line":45,"column":45}}},"3":{"name":"(anonymous_3)","decl":{"start":{"line":92,"column":28},"end":{"line":92,"column":29}},"loc":{"start":{"line":92,"column":35},"end":{"line":92,"column":59}}},"4":{"name":"(anonymous_4)","decl":{"start":{"line":116,"column":21},"end":{"line":116,"column":24}},"loc":{"start":{"line":116,"column":27},"end":{"line":116,"column":45}}}},"branchMap":{"0":{"loc":{"start":{"line":21,"column":4},"end":{"line":27,"column":5}},"type":"if","locations":[{"start":{"line":21,"column":4},"end":{"line":27,"column":5}},{"start":{"line":24,"column":11},"end":{"line":27,"column":5}}]},"1":{"loc":{"start":{"line":30,"column":2},"end":{"line":53,"column":3}},"type":"if","locations":[{"start":{"line":30,"column":2},"end":{"line":53,"column":3}}]},"2":{"loc":{"start":{"line":100,"column":13},"end":{"line":103,"column":null}},"type":"binary-expr","locations":[{"start":{"line":100,"column":13},"end":{"line":100,"column":18}},{"start":{"line":101,"column":14},"end":{"line":102,"column":null}}]},"3":{"loc":{"start":{"line":111,"column":15},"end":{"line":111,"column":65}},"type":"cond-expr","locations":[{"start":{"line":111,"column":25},"end":{"line":111,"column":37}},{"start":{"line":111,"column":40},"end":{"line":111,"column":65}}]}},"s":{"0":1,"1":1,"2":1,"3":1,"4":1,"5":7,"6":7,"7":7,"8":7,"9":7,"10":7,"11":7,"12":0,"13":0,"14":0,"15":0,"16":0,"17":0,"18":0,"19":0,"20":0,"21":7,"22":0,"23":0,"24":7,"25":0,"26":1},"f":{"0":7,"1":0,"2":0,"3":0,"4":1},"b":{"0":[0,0],"1":[0],"2":[7,0],"3":[0,7]}}
,"/Users/ayushrai/WebDev/Expert-O/src/components/auth/Login.tsx": {"path":"/Users/ayushrai/WebDev/Expert-O/src/components/auth/Login.tsx","statementMap":{"0":{"start":{"line":1,"column":0},"end":{"line":1,"column":40}},"1":{"start":{"line":2,"column":0},"end":{"line":2,"column":42}},"2":{"start":{"line":3,"column":0},"end":{"line":3,"column":54}},"3":{"start":{"line":4,"column":0},"end":{"line":4,"column":27}},"4":{"start":{"line":5,"column":0},"end":{"line":5,"column":68}},"5":{"start":{"line":6,"column":0},"end":{"line":6,"column":53}},"6":{"start":{"line":7,"column":0},"end":{"line":7,"column":40}},"7":{"start":{"line":9,"column":15},"end":{"line":21,"column":13}},"8":{"start":{"line":25,"column":14},"end":{"line":212,"column":1}},"9":{"start":{"line":26,"column":42},"end":{"line":26,"column":57}},"10":{"start":{"line":27,"column":50},"end":{"line":27,"column":59}},"11":{"start":{"line":33,"column":6},"end":{"line":35,"column":4}},"12":{"start":{"line":37,"column":19},"end":{"line":40,"column":3}},"13":{"start":{"line":38,"column":4},"end":{"line":38,"column":17}},"14":{"start":{"line":39,"column":4},"end":{"line":39,"column":22}},"15":{"start":{"line":42,"column":2},"end":{"line":211,"column":4}},"16":{"start":{"line":136,"column":33},"end":{"line":136,"column":63}},"17":{"start":{"line":214,"column":0},"end":{"line":214,"column":21}}},"fnMap":{"0":{"name":"(anonymous_6)","decl":{"start":{"line":25,"column":14},"end":{"line":25,"column":17}},"loc":{"start":{"line":25,"column":19},"end":{"line":212,"column":1}}},"1":{"name":"(anonymous_7)","decl":{"start":{"line":37,"column":19},"end":{"line":37,"column":24}},"loc":{"start":{"line":37,"column":49},"end":{"line":40,"column":3}}},"2":{"name":"(anonymous_8)","decl":{"start":{"line":136,"column":27},"end":{"line":136,"column":30}},"loc":{"start":{"line":136,"column":33},"end":{"line":136,"column":63}}}},"branchMap":{"0":{"loc":{"start":{"line":82,"column":36},"end":{"line":82,"column":76}},"type":"cond-expr","locations":[{"start":{"line":82,"column":51},"end":{"line":82,"column":64}},{"start":{"line":82,"column":67},"end":{"line":82,"column":76}}]},"1":{"loc":{"start":{"line":85,"column":20},"end":{"line":85,"column":null}},"type":"cond-expr","locations":[{"start":{"line":85,"column":35},"end":{"line":85,"column":51}},{"start":{"line":85,"column":54},"end":{"line":85,"column":null}}]},"2":{"loc":{"start":{"line":91,"column":15},"end":{"line":100,"column":null}},"type":"binary-expr","locations":[{"start":{"line":91,"column":15},"end":{"line":91,"column":27}},{"start":{"line":92,"column":16},"end":{"line":99,"column":null}}]},"3":{"loc":{"start":{"line":120,"column":24},"end":{"line":120,"column":58}},"type":"cond-expr","locations":[{"start":{"line":120,"column":39},"end":{"line":120,"column":45}},{"start":{"line":120,"column":48},"end":{"line":120,"column":58}}]},"4":{"loc":{"start":{"line":124,"column":36},"end":{"line":124,"column":90}},"type":"cond-expr","locations":[{"start":{"line":124,"column":54},"end":{"line":124,"column":70}},{"start":{"line":124,"column":73},"end":{"line":124,"column":90}}]},"5":{"loc":{"start":{"line":127,"column":20},"end":{"line":127,"column":null}},"type":"cond-expr","locations":[{"start":{"line":127,"column":38},"end":{"line":127,"column":54}},{"start":{"line":127,"column":57},"end":{"line":127,"column":null}}]},"6":{"loc":{"start":{"line":137,"column":30},"end":{"line":137,"column":78}},"type":"cond-expr","locations":[{"start":{"line":137,"column":45},"end":{"line":137,"column":60}},{"start":{"line":137,"column":63},"end":{"line":137,"column":78}}]},"7":{"loc":{"start":{"line":139,"column":19},"end":{"line":142,"column":null}},"type":"cond-expr","locations":[{"start":{"line":140,"column":20},"end":{"line":140,"column":101}},{"start":{"line":142,"column":20},"end":{"line":142,"column":98}}]},"8":{"loc":{"start":{"line":146,"column":15},"end":{"line":155,"column":null}},"type":"binary-expr","locations":[{"start":{"line":146,"column":15},"end":{"line":146,"column":30}},{"start":{"line":147,"column":16},"end":{"line":154,"column":null}}]},"9":{"loc":{"start":{"line":170,"column":13},"end":{"line":176,"column":null}},"type":"binary-expr","locations":[{"start":{"line":170,"column":13},"end":{"line":170,"column":18}},{"start":{"line":171,"column":14},"end":{"line":175,"column":null}}]},"10":{"loc":{"start":{"line":185,"column":15},"end":{"line":185,"column":54}},"type":"cond-expr","locations":[{"start":{"line":185,"column":27},"end":{"line":185,"column":42}},{"start":{"line":185,"column":45},"end":{"line":185,"column":54}}]}},"s":{"0":1,"1":1,"2":1,"3":1,"4":1,"5":1,"6":1,"7":1,"8":1,"9":26,"10":26,"11":26,"12":26,"13":0,"14":0,"15":26,"16":0,"17":1},"f":{"0":26,"1":0,"2":0},"b":{"0":[2,24],"1":[2,24],"2":[26,2],"3":[0,26],"4":[2,24],"5":[2,24],"6":[0,26],"7":[0,26],"8":[26,2],"9":[26,0],"10":[0,26]}}
,"/Users/ayushrai/WebDev/Expert-O/src/components/auth/ProtectedRoute.tsx": {"path":"/Users/ayushrai/WebDev/Expert-O/src/components/auth/ProtectedRoute.tsx","statementMap":{"0":{"start":{"line":12,"column":54},"end":{"line":50,"column":1}},"1":{"start":{"line":17,"column":47},"end":{"line":17,"column":56}},"2":{"start":{"line":18,"column":19},"end":{"line":18,"column":32}},"3":{"start":{"line":21,"column":2},"end":{"line":30,"column":3}},"4":{"start":{"line":22,"column":4},"end":{"line":29,"column":6}},"5":{"start":{"line":33,"column":2},"end":{"line":35,"column":3}},"6":{"start":{"line":34,"column":4},"end":{"line":34,"column":75}},"7":{"start":{"line":38,"column":2},"end":{"line":47,"column":3}},"8":{"start":{"line":40,"column":26},"end":{"line":44,"column":6}},"9":{"start":{"line":46,"column":4},"end":{"line":46,"column":78}},"10":{"start":{"line":49,"column":2},"end":{"line":49,"column":25}}},"fnMap":{"0":{"name":"(anonymous_0)","decl":{"start":{"line":12,"column":54},"end":{"line":12,"column":55}},"loc":{"start":{"line":16,"column":5},"end":{"line":50,"column":1}}}},"branchMap":{"0":{"loc":{"start":{"line":14,"column":2},"end":{"line":14,"column":19}},"type":"default-arg","locations":[{"start":{"line":14,"column":17},"end":{"line":14,"column":19}}]},"1":{"loc":{"start":{"line":15,"column":2},"end":{"line":15,"column":23}},"type":"default-arg","locations":[{"start":{"line":15,"column":15},"end":{"line":15,"column":23}}]},"2":{"loc":{"start":{"line":21,"column":2},"end":{"line":30,"column":3}},"type":"if","locations":[{"start":{"line":21,"column":2},"end":{"line":30,"column":3}}]},"3":{"loc":{"start":{"line":33,"column":2},"end":{"line":35,"column":3}},"type":"if","locations":[{"start":{"line":33,"column":2},"end":{"line":35,"column":3}}]},"4":{"loc":{"start":{"line":38,"column":2},"end":{"line":47,"column":3}},"type":"if","locations":[{"start":{"line":38,"column":2},"end":{"line":47,"column":3}}]},"5":{"loc":{"start":{"line":38,"column":6},"end":{"line":38,"column":74}},"type":"binary-expr","locations":[{"start":{"line":38,"column":6},"end":{"line":38,"column":29}},{"start":{"line":38,"column":33},"end":{"line":38,"column":37}},{"start":{"line":38,"column":41},"end":{"line":38,"column":74}}]},"6":{"loc":{"start":{"line":46,"column":25},"end":{"line":46,"column":65}},"type":"binary-expr","locations":[{"start":{"line":46,"column":25},"end":{"line":46,"column":49}},{"start":{"line":46,"column":53},"end":{"line":46,"column":65}}]}},"s":{"0":0,"1":0,"2":0,"3":0,"4":0,"5":0,"6":0,"7":0,"8":0,"9":0,"10":0},"f":{"0":0},"b":{"0":[0],"1":[0],"2":[0],"3":[0],"4":[0],"5":[0,0,0],"6":[0,0]}}
,"/Users/ayushrai/WebDev/Expert-O/src/components/auth/Register.tsx": {"path":"/Users/ayushrai/WebDev/Expert-O/src/components/auth/Register.tsx","statementMap":{"0":{"start":{"line":1,"column":0},"end":{"line":1,"column":40}},"1":{"start":{"line":2,"column":0},"end":{"line":2,"column":42}},"2":{"start":{"line":3,"column":0},"end":{"line":3,"column":54}},"3":{"start":{"line":4,"column":0},"end":{"line":4,"column":27}},"4":{"start":{"line":5,"column":0},"end":{"line":5,"column":87}},"5":{"start":{"line":6,"column":0},"end":{"line":6,"column":53}},"6":{"start":{"line":7,"column":0},"end":{"line":7,"column":40}},"7":{"start":{"line":8,"column":0},"end":{"line":8,"column":40}},"8":{"start":{"line":10,"column":15},"end":{"line":16,"column":13}},"9":{"start":{"line":20,"column":17},"end":{"line":270,"column":1}},"10":{"start":{"line":21,"column":42},"end":{"line":21,"column":57}},"11":{"start":{"line":22,"column":56},"end":{"line":22,"column":71}},"12":{"start":{"line":23,"column":67},"end":{"line":23,"column":76}},"13":{"start":{"line":29,"column":6},"end":{"line":31,"column":4}},"14":{"start":{"line":33,"column":19},"end":{"line":37,"column":3}},"15":{"start":{"line":34,"column":4},"end":{"line":34,"column":17}},"16":{"start":{"line":35,"column":49},"end":{"line":35,"column":53}},"17":{"start":{"line":36,"column":4},"end":{"line":36,"column":37}},"18":{"start":{"line":39,"column":16},"end":{"line":52,"column":4}},"19":{"start":{"line":54,"column":2},"end":{"line":269,"column":4}},"20":{"start":{"line":144,"column":33},"end":{"line":144,"column":63}},"21":{"start":{"line":182,"column":33},"end":{"line":182,"column":77}},"22":{"start":{"line":206,"column":18},"end":{"line":207,"column":null}},"23":{"start":{"line":272,"column":0},"end":{"line":272,"column":24}}},"fnMap":{"0":{"name":"(anonymous_6)","decl":{"start":{"line":20,"column":17},"end":{"line":20,"column":20}},"loc":{"start":{"line":20,"column":22},"end":{"line":270,"column":1}}},"1":{"name":"(anonymous_7)","decl":{"start":{"line":33,"column":19},"end":{"line":33,"column":24}},"loc":{"start":{"line":33,"column":52},"end":{"line":37,"column":3}}},"2":{"name":"(anonymous_8)","decl":{"start":{"line":144,"column":27},"end":{"line":144,"column":30}},"loc":{"start":{"line":144,"column":33},"end":{"line":144,"column":63}}},"3":{"name":"(anonymous_9)","decl":{"start":{"line":182,"column":27},"end":{"line":182,"column":30}},"loc":{"start":{"line":182,"column":33},"end":{"line":182,"column":77}}},"4":{"name":"(anonymous_10)","decl":{"start":{"line":205,"column":27},"end":{"line":205,"column":28}},"loc":{"start":{"line":206,"column":18},"end":{"line":207,"column":null}}}},"branchMap":{"0":{"loc":{"start":{"line":83,"column":20},"end":{"line":83,"column":null}},"type":"cond-expr","locations":[{"start":{"line":83,"column":34},"end":{"line":83,"column":50}},{"start":{"line":83,"column":53},"end":{"line":83,"column":null}}]},"1":{"loc":{"start":{"line":88,"column":15},"end":{"line":92,"column":null}},"type":"binary-expr","locations":[{"start":{"line":88,"column":15},"end":{"line":88,"column":26}},{"start":{"line":89,"column":16},"end":{"line":91,"column":null}}]},"2":{"loc":{"start":{"line":110,"column":20},"end":{"line":110,"column":null}},"type":"cond-expr","locations":[{"start":{"line":110,"column":35},"end":{"line":110,"column":51}},{"start":{"line":110,"column":54},"end":{"line":110,"column":null}}]},"3":{"loc":{"start":{"line":115,"column":15},"end":{"line":119,"column":null}},"type":"binary-expr","locations":[{"start":{"line":115,"column":15},"end":{"line":115,"column":27}},{"start":{"line":116,"column":16},"end":{"line":118,"column":null}}]},"4":{"loc":{"start":{"line":134,"column":24},"end":{"line":134,"column":58}},"type":"cond-expr","locations":[{"start":{"line":134,"column":39},"end":{"line":134,"column":45}},{"start":{"line":134,"column":48},"end":{"line":134,"column":58}}]},"5":{"loc":{"start":{"line":137,"column":20},"end":{"line":137,"column":null}},"type":"cond-expr","locations":[{"start":{"line":137,"column":38},"end":{"line":137,"column":54}},{"start":{"line":137,"column":57},"end":{"line":137,"column":null}}]},"6":{"loc":{"start":{"line":146,"column":19},"end":{"line":149,"column":null}},"type":"cond-expr","locations":[{"start":{"line":147,"column":20},"end":{"line":147,"column":101}},{"start":{"line":149,"column":20},"end":{"line":149,"column":98}}]},"7":{"loc":{"start":{"line":153,"column":15},"end":{"line":157,"column":null}},"type":"binary-expr","locations":[{"start":{"line":153,"column":15},"end":{"line":153,"column":30}},{"start":{"line":154,"column":16},"end":{"line":156,"column":null}}]},"8":{"loc":{"start":{"line":172,"column":24},"end":{"line":172,"column":65}},"type":"cond-expr","locations":[{"start":{"line":172,"column":46},"end":{"line":172,"column":52}},{"start":{"line":172,"column":55},"end":{"line":172,"column":65}}]},"9":{"loc":{"start":{"line":175,"column":20},"end":{"line":175,"column":null}},"type":"cond-expr","locations":[{"start":{"line":175,"column":45},"end":{"line":175,"column":61}},{"start":{"line":175,"column":64},"end":{"line":175,"column":null}}]},"10":{"loc":{"start":{"line":184,"column":19},"end":{"line":187,"column":null}},"type":"cond-expr","locations":[{"start":{"line":185,"column":20},"end":{"line":185,"column":101}},{"start":{"line":187,"column":20},"end":{"line":187,"column":98}}]},"11":{"loc":{"start":{"line":191,"column":15},"end":{"line":195,"column":null}},"type":"binary-expr","locations":[{"start":{"line":191,"column":15},"end":{"line":191,"column":37}},{"start":{"line":192,"column":16},"end":{"line":194,"column":null}}]},"12":{"loc":{"start":{"line":229,"column":15},"end":{"line":233,"column":null}},"type":"binary-expr","locations":[{"start":{"line":229,"column":15},"end":{"line":229,"column":26}},{"start":{"line":230,"column":16},"end":{"line":232,"column":null}}]},"13":{"loc":{"start":{"line":238,"column":13},"end":{"line":244,"column":null}},"type":"binary-expr","locations":[{"start":{"line":238,"column":13},"end":{"line":238,"column":18}},{"start":{"line":239,"column":14},"end":{"line":243,"column":null}}]},"14":{"loc":{"start":{"line":253,"column":15},"end":{"line":253,"column":67}},"type":"cond-expr","locations":[{"start":{"line":253,"column":27},"end":{"line":253,"column":48}},{"start":{"line":253,"column":51},"end":{"line":253,"column":67}}]}},"s":{"0":1,"1":1,"2":1,"3":1,"4":1,"5":1,"6":1,"7":1,"8":1,"9":1,"10":38,"11":38,"12":38,"13":38,"14":38,"15":3,"16":3,"17":3,"18":38,"19":38,"20":2,"21":2,"22":76,"23":1},"f":{"0":38,"1":3,"2":2,"3":2,"4":76},"b":{"0":[4,34],"1":[38,4],"2":[4,34],"3":[38,4],"4":[2,36],"5":[3,35],"6":[2,36],"7":[38,3],"8":[2,36],"9":[4,34],"10":[2,36],"11":[38,4],"12":[38,4],"13":[38,1],"14":[3,35]}}
,"/Users/ayushrai/WebDev/Expert-O/src/components/auth/ResetPassword.tsx": {"path":"/Users/ayushrai/WebDev/Expert-O/src/components/auth/ResetPassword.tsx","statementMap":{"0":{"start":{"line":5,"column":0},"end":{"line":5,"column":24}},"1":{"start":{"line":1,"column":0},"end":{"line":1,"column":33}},"2":{"start":{"line":2,"column":0},"end":{"line":2,"column":72}},"3":{"start":{"line":3,"column":0},"end":{"line":3,"column":47}},"4":{"start":{"line":6,"column":19},"end":{"line":6,"column":32}},"5":{"start":{"line":7,"column":40},"end":{"line":7,"column":52}},"6":{"start":{"line":8,"column":48},"end":{"line":8,"column":60}},"7":{"start":{"line":9,"column":48},"end":{"line":9,"column":63}},"8":{"start":{"line":10,"column":56},"end":{"line":10,"column":71}},"9":{"start":{"line":11,"column":32},"end":{"line":11,"column":47}},"10":{"start":{"line":12,"column":32},"end":{"line":12,"column":47}},"11":{"start":{"line":13,"column":28},"end":{"line":13,"column":40}},"12":{"start":{"line":15,"column":30},"end":{"line":20,"column":3}},"13":{"start":{"line":16,"column":4},"end":{"line":16,"column":72}},"14":{"start":{"line":16,"column":31},"end":{"line":16,"column":72}},"15":{"start":{"line":17,"column":4},"end":{"line":17,"column":84}},"16":{"start":{"line":17,"column":29},"end":{"line":17,"column":84}},"17":{"start":{"line":18,"column":4},"end":{"line":18,"column":90}},"18":{"start":{"line":18,"column":30},"end":{"line":18,"column":90}},"19":{"start":{"line":19,"column":4},"end":{"line":19,"column":63}},"20":{"start":{"line":22,"column":27},"end":{"line":22,"column":59}},"21":{"start":{"line":23,"column":25},"end":{"line":23,"column":86}},"22":{"start":{"line":24,"column":25},"end":{"line":24,"column":48}},"23":{"start":{"line":26,"column":23},"end":{"line":53,"column":3}},"24":{"start":{"line":27,"column":4},"end":{"line":27,"column":23}},"25":{"start":{"line":29,"column":4},"end":{"line":32,"column":5}},"26":{"start":{"line":30,"column":6},"end":{"line":30,"column":41}},"27":{"start":{"line":31,"column":6},"end":{"line":31,"column":13}},"28":{"start":{"line":34,"column":4},"end":{"line":37,"column":5}},"29":{"start":{"line":35,"column":6},"end":{"line":35,"column":57}},"30":{"start":{"line":36,"column":6},"end":{"line":36,"column":13}},"31":{"start":{"line":39,"column":4},"end":{"line":39,"column":17}},"32":{"start":{"line":40,"column":4},"end":{"line":40,"column":21}},"33":{"start":{"line":42,"column":4},"end":{"line":52,"column":5}},"34":{"start":{"line":44,"column":6},"end":{"line":44,"column":62}},"35":{"start":{"line":44,"column":35},"end":{"line":44,"column":60}},"36":{"start":{"line":46,"column":6},"end":{"line":46,"column":47}},"37":{"start":{"line":47,"column":6},"end":{"line":47,"column":23}},"38":{"start":{"line":49,"column":6},"end":{"line":49,"column":59}},"39":{"start":{"line":51,"column":6},"end":{"line":51,"column":24}},"40":{"start":{"line":55,"column":2},"end":{"line":86,"column":3}},"41":{"start":{"line":56,"column":4},"end":{"line":85,"column":6}},"42":{"start":{"line":77,"column":29},"end":{"line":77,"column":47}},"43":{"start":{"line":88,"column":2},"end":{"line":220,"column":4}},"44":{"start":{"line":115,"column":35},"end":{"line":115,"column":65}},"45":{"start":{"line":122,"column":33},"end":{"line":122,"column":69}},"46":{"start":{"line":169,"column":35},"end":{"line":169,"column":69}},"47":{"start":{"line":176,"column":33},"end":{"line":176,"column":77}}},"fnMap":{"0":{"name":"ResetPassword","decl":{"start":{"line":5,"column":24},"end":{"line":5,"column":37}},"loc":{"start":{"line":5,"column":37},"end":{"line":221,"column":1}}},"1":{"name":"(anonymous_1)","decl":{"start":{"line":15,"column":30},"end":{"line":15,"column":31}},"loc":{"start":{"line":15,"column":51},"end":{"line":20,"column":3}}},"2":{"name":"(anonymous_2)","decl":{"start":{"line":26,"column":23},"end":{"line":26,"column":28}},"loc":{"start":{"line":26,"column":52},"end":{"line":53,"column":3}}},"3":{"name":"(anonymous_3)","decl":{"start":{"line":44,"column":24},"end":{"line":44,"column":31}},"loc":{"start":{"line":44,"column":35},"end":{"line":44,"column":60}}},"4":{"name":"(anonymous_4)","decl":{"start":{"line":77,"column":23},"end":{"line":77,"column":26}},"loc":{"start":{"line":77,"column":29},"end":{"line":77,"column":47}}},"5":{"name":"(anonymous_5)","decl":{"start":{"line":115,"column":28},"end":{"line":115,"column":29}},"loc":{"start":{"line":115,"column":35},"end":{"line":115,"column":65}}},"6":{"name":"(anonymous_6)","decl":{"start":{"line":122,"column":27},"end":{"line":122,"column":30}},"loc":{"start":{"line":122,"column":33},"end":{"line":122,"column":69}}},"7":{"name":"(anonymous_7)","decl":{"start":{"line":169,"column":28},"end":{"line":169,"column":29}},"loc":{"start":{"line":169,"column":35},"end":{"line":169,"column":69}}},"8":{"name":"(anonymous_8)","decl":{"start":{"line":176,"column":27},"end":{"line":176,"column":30}},"loc":{"start":{"line":176,"column":33},"end":{"line":176,"column":77}}}},"branchMap":{"0":{"loc":{"start":{"line":16,"column":4},"end":{"line":16,"column":72}},"type":"if","locations":[{"start":{"line":16,"column":4},"end":{"line":16,"column":72}}]},"1":{"loc":{"start":{"line":17,"column":4},"end":{"line":17,"column":84}},"type":"if","locations":[{"start":{"line":17,"column":4},"end":{"line":17,"column":84}}]},"2":{"loc":{"start":{"line":18,"column":4},"end":{"line":18,"column":90}},"type":"if","locations":[{"start":{"line":18,"column":4},"end":{"line":18,"column":90}}]},"3":{"loc":{"start":{"line":23,"column":25},"end":{"line":23,"column":86}},"type":"binary-expr","locations":[{"start":{"line":23,"column":25},"end":{"line":23,"column":51}},{"start":{"line":23,"column":55},"end":{"line":23,"column":86}}]},"4":{"loc":{"start":{"line":29,"column":4},"end":{"line":32,"column":5}},"type":"if","locations":[{"start":{"line":29,"column":4},"end":{"line":32,"column":5}}]},"5":{"loc":{"start":{"line":34,"column":4},"end":{"line":37,"column":5}},"type":"if","locations":[{"start":{"line":34,"column":4},"end":{"line":37,"column":5}}]},"6":{"loc":{"start":{"line":55,"column":2},"end":{"line":86,"column":3}},"type":"if","locations":[{"start":{"line":55,"column":2},"end":{"line":86,"column":3}}]},"7":{"loc":{"start":{"line":113,"column":24},"end":{"line":113,"column":61}},"type":"cond-expr","locations":[{"start":{"line":113,"column":42},"end":{"line":113,"column":48}},{"start":{"line":113,"column":51},"end":{"line":113,"column":61}}]},"8":{"loc":{"start":{"line":125,"column":19},"end":{"line":125,"column":97}},"type":"cond-expr","locations":[{"start":{"line":125,"column":37},"end":{"line":125,"column":67}},{"start":{"line":125,"column":70},"end":{"line":125,"column":97}}]},"9":{"loc":{"start":{"line":129,"column":15},"end":{"line":157,"column":null}},"type":"binary-expr","locations":[{"start":{"line":129,"column":15},"end":{"line":129,"column":37}},{"start":{"line":130,"column":16},"end":{"line":156,"column":null}}]},"10":{"loc":{"start":{"line":134,"column":22},"end":{"line":136,"column":null}},"type":"cond-expr","locations":[{"start":{"line":134,"column":53},"end":{"line":134,"column":69}},{"start":{"line":135,"column":22},"end":{"line":136,"column":null}}]},"11":{"loc":{"start":{"line":135,"column":22},"end":{"line":136,"column":null}},"type":"cond-expr","locations":[{"start":{"line":135,"column":53},"end":{"line":135,"column":70}},{"start":{"line":136,"column":22},"end":{"line":136,"column":null}}]},"12":{"loc":{"start":{"line":148,"column":21},"end":{"line":151,"column":null}},"type":"cond-expr","locations":[{"start":{"line":149,"column":22},"end":{"line":149,"column":66}},{"start":{"line":151,"column":22},"end":{"line":151,"column":87}}]},"13":{"loc":{"start":{"line":153,"column":37},"end":{"line":153,"column":88}},"type":"cond-expr","locations":[{"start":{"line":153,"column":54},"end":{"line":153,"column":70}},{"start":{"line":153,"column":73},"end":{"line":153,"column":88}}]},"14":{"loc":{"start":{"line":167,"column":24},"end":{"line":167,"column":65}},"type":"cond-expr","locations":[{"start":{"line":167,"column":46},"end":{"line":167,"column":52}},{"start":{"line":167,"column":55},"end":{"line":167,"column":65}}]},"15":{"loc":{"start":{"line":179,"column":19},"end":{"line":179,"column":101}},"type":"cond-expr","locations":[{"start":{"line":179,"column":41},"end":{"line":179,"column":71}},{"start":{"line":179,"column":74},"end":{"line":179,"column":101}}]},"16":{"loc":{"start":{"line":181,"column":17},"end":{"line":182,"column":null}},"type":"binary-expr","locations":[{"start":{"line":181,"column":17},"end":{"line":181,"column":31}},{"start":{"line":182,"column":18},"end":{"line":182,"column":105}}]},"17":{"loc":{"start":{"line":187,"column":13},"end":{"line":190,"column":null}},"type":"binary-expr","locations":[{"start":{"line":187,"column":13},"end":{"line":187,"column":18}},{"start":{"line":188,"column":14},"end":{"line":189,"column":null}}]},"18":{"loc":{"start":{"line":195,"column":24},"end":{"line":195,"column":69}},"type":"binary-expr","locations":[{"start":{"line":195,"column":24},"end":{"line":195,"column":31}},{"start":{"line":195,"column":35},"end":{"line":195,"column":50}},{"start":{"line":195,"column":54},"end":{"line":195,"column":69}}]},"19":{"loc":{"start":{"line":198,"column":15},"end":{"line":198,"column":58}},"type":"cond-expr","locations":[{"start":{"line":198,"column":25},"end":{"line":198,"column":39}},{"start":{"line":198,"column":42},"end":{"line":198,"column":58}}]}},"s":{"0":1,"1":1,"2":1,"3":1,"4":10,"5":10,"6":10,"7":10,"8":10,"9":10,"10":10,"11":10,"12":10,"13":10,"14":10,"15":0,"16":0,"17":0,"18":0,"19":0,"20":10,"21":10,"22":10,"23":10,"24":0,"25":0,"26":0,"27":0,"28":0,"29":0,"30":0,"31":0,"32":0,"33":0,"34":0,"35":0,"36":0,"37":0,"38":0,"39":0,"40":10,"41":0,"42":0,"43":10,"44":0,"45":0,"46":0,"47":0},"f":{"0":10,"1":10,"2":0,"3":0,"4":0,"5":0,"6":0,"7":0,"8":0},"b":{"0":[10],"1":[0],"2":[0],"3":[10,0],"4":[0],"5":[0],"6":[0],"7":[0,10],"8":[0,10],"9":[10,0],"10":[0,0],"11":[0,0],"12":[0,0],"13":[0,0],"14":[0,10],"15":[0,10],"16":[10,0],"17":[10,0],"18":[10,10,0],"19":[0,10]}}
,"/Users/ayushrai/WebDev/Expert-O/src/components/dashboard/AdminDashboard.tsx": {"path":"/Users/ayushrai/WebDev/Expert-O/src/components/dashboard/AdminDashboard.tsx","statementMap":{"0":{"start":{"line":48,"column":23},"end":{"line":391,"column":1}},"1":{"start":{"line":49,"column":19},"end":{"line":49,"column":28}},"2":{"start":{"line":50,"column":36},"end":{"line":50,"column":117}},"3":{"start":{"line":51,"column":38},"end":{"line":51,"column":50}},"4":{"start":{"line":54,"column":35},"end":{"line":61,"column":4}},"5":{"start":{"line":64,"column":28},"end":{"line":105,"column":4}},"6":{"start":{"line":107,"column":24},"end":{"line":109,"column":null}},"7":{"start":{"line":108,"column":4},"end":{"line":109,"column":63}},"8":{"start":{"line":112,"column":15},"end":{"line":118,"column":4}},"9":{"start":{"line":120,"column":25},"end":{"line":131,"column":3}},"10":{"start":{"line":121,"column":4},"end":{"line":130,"column":5}},"11":{"start":{"line":123,"column":8},"end":{"line":123,"column":68}},"12":{"start":{"line":125,"column":8},"end":{"line":125,"column":62}},"13":{"start":{"line":127,"column":8},"end":{"line":127,"column":71}},"14":{"start":{"line":129,"column":8},"end":{"line":129,"column":65}},"15":{"start":{"line":133,"column":23},"end":{"line":144,"column":3}},"16":{"start":{"line":134,"column":4},"end":{"line":143,"column":5}},"17":{"start":{"line":136,"column":8},"end":{"line":136,"column":50}},"18":{"start":{"line":138,"column":8},"end":{"line":138,"column":46}},"19":{"start":{"line":140,"column":8},"end":{"line":140,"column":48}},"20":{"start":{"line":142,"column":8},"end":{"line":142,"column":46}},"21":{"start":{"line":146,"column":2},"end":{"line":390,"column":4}},"22":{"start":{"line":223,"column":12},"end":{"line":224,"column":null}},"23":{"start":{"line":225,"column":29},"end":{"line":225,"column":56}},"24":{"start":{"line":256,"column":37},"end":{"line":256,"column":66}},"25":{"start":{"line":283,"column":20},"end":{"line":283,"column":38}}},"fnMap":{"0":{"name":"(anonymous_0)","decl":{"start":{"line":4
[...]
03,"column":35}},"29":{"start":{"line":424,"column":24},"end":{"line":424,"column":41}},"30":{"start":{"line":461,"column":16},"end":{"line":461,"column":35}}},"fnMap":{"0":{"name":"(anonymous_0)","decl":{"start":{"line":50,"column":22},"end":{"line":50,"column":25}},"loc":{"start":{"line":50,"column":27},"end":{"line":492,"column":1}}},"1":{"name":"(anonymous_1)","decl":{"start":{"line":130,"column":24},"end":{"line":130,"column":25}},"loc":{"start":{"line":130,"column":42},"end":{"line":135,"column":3}}},"2":{"name":"(anonymous_2)","decl":{"start":{"line":146,"column":19},"end":{"line":146,"column":22}},"loc":{"start":{"line":146,"column":25},"end":{"line":146,"column":49}}},"3":{"name":"(anonymous_3)","decl":{"start":{"line":212,"column":20},"end":{"line":212,"column":21}},"loc":{"start":{"line":213,"column":12},"end":{"line":214,"column":null}}},"4":{"name":"(anonymous_4)","decl":{"start":{"line":215,"column":23},"end":{"line":215,"column":26}},"loc":{"start":{"line":215,"column":29},"end":{"line":215,"column":56}}},"5":{"name":"(anonymous_5)","decl":{"start":{"line":360,"column":33},"end":{"line":360,"column":34}},"loc":{"start":{"line":360,"column":46},"end":{"line":385,"column":13}}},"6":{"name":"(anonymous_6)","decl":{"start":{"line":361,"column":51},"end":{"line":361,"column":56}},"loc":{"start":{"line":361,"column":60},"end":{"line":361,"column":87}}},"7":{"name":"(anonymous_7)","decl":{"start":{"line":368,"column":40},"end":{"line":368,"column":41}},"loc":{"start":{"line":369,"column":22},"end":{"line":369,"column":42}}},"8":{"name":"(anonymous_8)","decl":{"start":{"line":402,"column":29},"end":{"line":402,"column":30}},"loc":{"start":{"line":403,"column":16},"end":{"line":403,"column":35}}},"9":{"name":"(anonymous_9)","decl":{"start":{"line":423,"column":45},"end":{"line":423,"column":46}},"loc":{"start":{"line":424,"column":24},"end":{"line":424,"column":41}}},"10":{"name":"(anonymous_10)","decl":{"start":{"line":460,"column":32},"end":{"line":460,"column":33}},"loc":{"start":{"line":461,"column":16},"end":{"line":461,"column":35}}}},"branchMap":{"0":{"loc":{"start":{"line":57,"column":10},"end":{"line":57,"column":38}},"type":"binary-expr","locations":[{"start":{"line":57,"column":10},"end":{"line":57,"column":20}},{"start":{"line":57,"column":24},"end":{"line":57,"column":38}}]},"1":{"loc":{"start":{"line":58,"column":11},"end":{"line":58,"column":46}},"type":"binary-expr","locations":[{"start":{"line":58,"column":11},"end":{"line":58,"column":22}},{"start":{"line":58,"column":26},"end":{"line":58,"column":46}}]},"2":{"loc":{"start":{"line":131,"column":4},"end":{"line":131,"column":60}},"type":"if","locations":[{"start":{"line":131,"column":4},"end":{"line":131,"column":60}}]},"3":{"loc":{"start":{"line":132,"column":4},"end":{"line":132,"column":56}},"type":"if","locations":[{"start":{"line":132,"column":4},"end":{"line":132,"column":56}}]},"4":{"loc":{"start":{"line":133,"column":4},"end":{"line":133,"column":60}},"type":"if","locations":[{"start":{"line":133,"column":4},"end":{"line":133,"column":60}}]},"5":{"loc":{"start":{"line":148,"column":12},"end":{"line":150,"column":null}},"type":"cond-expr","locations":[{"start":{"line":149,"column":16},"end":{"line":149,"column":117}},{"start":{"line":150,"column":16},"end":{"line":150,"column":null}}]},"6":{"loc":{"start":{"line":153,"column":11},"end":{"line":153,"column":96}},"type":"cond-expr","locations":[{"start":{"line":153,"column":23},"end":{"line":153,"column":58}},{"start":{"line":153,"column":61},"end":{"line":153,"column":96}}]},"7":{"loc":{"start":{"line":154,"column":11},"end":{"line":154,"column":54}},"type":"cond-expr","locations":[{"start":{"line":154,"column":23},"end":{"line":154,"column":37}},{"start":{"line":154,"column":40},"end":{"line":154,"column":54}}]},"8":{"loc":{"start":{"line":217,"column":16},"end":{"line":219,"column":null}},"type":"cond-expr","locations":[{"start":{"line":218,"column":20},"end":{"line":218,"column":44}},{"start":{"line":219,"column":20},"end":{"line":219,"column":null}}]},"9":{"loc":{"start":{"line":231,"column":9},"end":{"line":345,"column":null}},"type":"binary-expr","locations":[{"start":{"line":231,"column":9},"end":{"line":231,"column":32}},{"start":{"line":232,"column":10},"end":{"line":344,"column":null}}]},"10":{"loc":{"start":{"line":348,"column":9},"end":{"line":386,"column":null}},"type":"binary-expr","locations":[{"start":{"line":348,"column":9},"end":{"line":348,"column":31}},{"start":{"line":349,"column":10},"end":{"line":385,"column":null}}]},"11":{"loc":{"start":{"line":352,"column":15},"end":{"line":356,"column":null}},"type":"binary-expr","locations":[{"start":{"line":352,"column":15},"end":{"line":352,"column":24}},{"start":{"line":353,"column":16},"end":{"line":354,"column":null}}]},"12":{"loc":{"start":{"line":362,"column":14},"end":{"line":362,"column":59}},"type":"if","locations":[{"start":{"line":362,"column":14},"end":{"line":362,"column":59}}]},"13":{"loc":{"start":{"line":389,"column":9},"end":{"line":449,"column":null}},"type":"binary-expr","locations":[{"start":{"line":389,"column":9},"end":{"line":389,"column":34}},{"start":{"line":390,"column":10},"end":{"line":448,"column":null}}]},"14":{"loc":{"start":{"line":393,"column":15},"end":{"line":397,"column":null}},"type":"binary-expr","locations":[{"start":{"line":393,"column":15},"end":{"line":393,"column":24}},{"start":{"line":394,"column":16},"end":{"line":395,"column":null}}]},"15":{"loc":{"start":{"line":410,"column":23},"end":{"line":418,"column":null}},"type":"binary-expr","locations":[{"start":{"line":410,"column":23},"end":{"line":410,"column":32}},{"start":{"line":411,"column":24},"end":{"line":417,"column":null}}]},"16":{"loc":{"start":{"line":433,"column":23},"end":{"line":442,"column":null}},"type":"binary-expr","locations":[{"start":{"line":433,"column":23},"end":{"line":433,"column":32}},{"start":{"line":434,"column":24},"end":{"line":440,"column":null}}]},"17":{"loc":{"start":{"line":452,"column":9},"end":{"line":487,"column":null}},"type":"binary-expr","locations":[{"start":{"line":452,"column":9},"end":{"line":452,"column":37}},{"start":{"line":453,"column":10},"end":{"line":486,"column":null}}]},"18":{"loc":{"start":{"line":472,"column":25},"end":{"line":472,"column":70}},"type":"cond-expr","locations":[{"start":{"line":472,"column":41},"end":{"line":472,"column":52}},{"start":{"line":472,"column":55},"end":{"line":472,"column":70}}]},"19":{"loc":{"start":{"line":480,"column":32},"end":{"line":480,"column":60}},"type":"binary-expr","locations":[{"start":{"line":480,"column":32},"end":{"line":480,"column":42}},{"start":{"line":480,"column":46},"end":{"line":480,"column":60}}]}},"s":{"0":0,"1":0,"2":0,"3":0,"4":0,"5":0,"6":0,"7":0,"8":0,"9":0,"10":0,"11":0,"12":0,"13":0,"14":0,"15":0,"16":0,"17":0,"18":0,"19":0,"20":0,"21":0,"22":0,"23":0,"24":0,"25":0,"26":0,"27":0,"28":0,"29":0,"30":0},"f":{"0":0,"1":0,"2":0,"3":0,"4":0,"5":0,"6":0,"7":0,"8":0,"9":0,"10":0},"b":{"0":[0,0],"1":[0,0],"2":[0],"3":[0],"4":[0],"5":[0,0],"6":[0,0],"7":[0,0],"8":[0,0],"9":[0,0],"10":[0,0],"11":[0,0],"12":[0],"13":[0,0],"14":[0,0],"15":[0,0],"16":[0,0],"17":[0,0],"18":[0,0],"19":[0,0]}}
,"/Users/ayushrai/WebDev/Expert-O/src/contexts/AuthContext.tsx": {"path":"/Users/ayushrai/WebDev/Expert-O/src/contexts/AuthContext.tsx","statementMap":{"0":{"start":{"line":1,"column":0},"end":{"line":1,"column":80}},"1":{"start":{"line":2,"column":0},"end":{"line":2,"column":103}},"2":{"start":{"line":5,"column":26},"end":{"line":30,"column":2}},"3":{"start":{"line":42,"column":32},"end":{"line":47,"column":2}},"4":{"start":{"line":49,"column":20},"end":{"line":92,"column":1}},"5":{"start":{"line":50,"column":2},"end":{"line":91,"column":3}},"6":{"start":{"line":53,"column":6},"end":{"line":57,"column":8}},"7":{"start":{"line":60,"column":6},"end":{"line":66,"column":8}},"8":{"start":{"line":69,"column":6},"end":{"line":75,"column":8}},"9":{"start":{"line":77,"column":6},"end":{"line":83,"column":8}},"10":{"start":{"line":85,"column":6},"end":{"line":88,"column":8}},"11":{"start":{"line":90,"column":6},"end":{"line":90,"column":19}},"12":{"start":{"line":94,"column":20},"end":{"line":94,"column":73}},"13":{"start":{"line":96,"column":23},"end":{"line":102,"column":1}},"14":{"start":{"line":97,"column":18},"end":{"line":97,"column":41}},"15":{"start":{"line":98,"column":2},"end":{"line":100,"column":3}},"16":{"start":{"line":99,"column":4},"end":{"line":99,"column":67}},"17":{"start":{"line":101,"column":2},"end":{"line":101,"column":17}},"18":{"start":{"line":96,"column":13},"end":{"line":96,"column":23}},"19":{"start":{"line":108,"column":57},"end":{"line":231,"column":1}},"20":{"start":{"line":109,"column":28},"end":{"line":109,"column":65}},"21":{"start":{"line":112,"column":2},"end":{"line":122,"column":9}},"22":{"start":{"line":113,"column":22},"end":{"line":113,"column":59}},"23":{"start":{"line":114,"column":4},"end":{"line":121,"column":5}},"24":{"start":{"line":115,"column":6},"end":{"line":120,"column":7}},"25":{"start":{"line":116,"column":21},"end":{"line":116,"column":42}},"26":{"start":{"line":117,"column":8},"end":{"line":117,"column":59}},"27":{"start":{"line":119,"column":8},"end":{"line":119,"column":49}},"28":{"start":{"line":124,"column":16},"end":{"line":150,"column":3}},"29":{"start":{"line":125,"column":4},"end":{"line":125,"column":38}},"30":{"start":{"line":127,"column":4},"end":{"line":149,"column":5}},"31":{"start":{"line":129,"column":6},"end":{"line":129,"column":62}},"32":{"start":{"line":129,"column":35},"end":{"line":129,"column":60}},"33":{"start":{"line":131,"column":19},"end":{"line":131,"column":69}},"34":{"start":{"line":131,"column":39},"end":{"line":131,"column":68}},"35":{"start":{"line":133,"column":6},"end":{"line":135,"column":7}},"36":{"start":{"line":134,"column":8},"end":{"line":134,"column":53}},"37":{"start":{"line":138,"column":6},"end":{"line":140,"column":7}},"38":{"start":{"line":139,"column":8},"end":{"line":139,"column":53}},"39":{"start":{"line":142,"column":6},"end":{"line":142,"column":66}},"40":{"start":{"line":143,"column":6},"end":{"line":143,"column":57}},"41":{"start":{"line":145,"column":6},"end":{"line":148,"column":9}},"42":{"start":{"line":152,"column":19},"end":{"line":186,"column":3}},"43":{"start":{"line":153,"column":4},"end":{"line":153,"column":41}},"44":{"start":{"line":155,"column":4},"end":{"line":185,"column":5}},"45":{"start":{"line":157,"column":6},"end":{"line":157,"column":62}},"46":{"start":{"line":157,"column":35},"end":{"line":157,"column":60}},"47":{"start":{"line":160,"column":27},"end":{"line":160,"column":70}},"48":{"start":{"line":160,"column":47},"end":{"line":160,"column":69}},"49":{"start":{"line":161,"column":6},"end":{"line":163,"column":7}},"50":{"start":{"line":162,"column":8},"end":{"line":162,"column":63}},"51":{"start":{"line":166,"column":28},"end":{"line":173,"column":8}},"52":{"start":{"line":176,"column":6},"end":{"line":176,"column":30}},"53":{"start":{"line":178,"column":6},"end":{"line":178,"column":69}},"54":{"start":{"line":179,"column":6},"end":{"line":179,"column":63}},"55":{"start":{"line":181,"column":6},"end":{"line":184,"column":9}},"56":{"start":{"line":188,"column":17},"end":{"line":191,"column":3}},"57":{"start":{"line":189,"column":4},"end":{"line":189,"column":45}},"58":{"start":{"line":190,"column":4},"end":{"line":190,"column":33}},"59":{"start":{"line":193,"column":24},"end":{"line":211,"column":3}},"60":{"start":{"line":194,"column":4},"end":{"line":210,"column":5}},"61":{"start":{"line":196,"column":6},"end":{"line":196,"column":62}},"62":{"start":{"line":196,"column":35},"end":{"line":196,"column":60}},"63":{"start":{"line":198,"column":19},"end":{"line":198,"column":57}},"64":{"start":{"line":198,"column":39},"end":{"line":198,"column":56}},"65":{"start":{"line":199,"column":6},"end":{"line":201,"column":7}},"66":{"start":{"line":200,"column":8},"end":{"line":200,"column":68}},"67":{"start":{"line":204,"column":6},"end":{"line":204,"column":59}},"68":{"start":{"line":205,"column":6},"end":{"line":205,"column":29}},"69":{"start":{"line":207,"column":6},"end":{"line":209,"column":8}},"70":{"start":{"line":213,"column":21},"end":{"line":215,"column":3}},"71":{"start":{"line":214,"column":4},"end":{"line":214,"column":38}},"72":{"start":{"line":217,"column":33},"end":{"line":224,"column":4}},"73":{"start":{"line":226,"column":2},"end":{"line":230,"column":4}},"74":{"start":{"line":108,"column":13},"end":{"line":108,"column":57}}},"fnMap":{"0":{"name":"(anonymous_6)","decl":{"start":{"line":49,"column":20},"end":{"line":49,"column":21}},"loc":{"start":{"line":49,"column":72},"end":{"line":92,"column":1}}},"1":{"name":"(anonymous_7)","decl":{"start":{"line":96,"column":23},"end":{"line":96,"column":26}},"loc":{"start":{"line":96,"column":28},"end":{"line":102,"column":1}}},"2":{"name":"(anonymous_8)","decl":{"start":{"line":108,"column":57},"end":{"line":108,"column":58}},"loc":{"start":{"line":108,"column":74},"end":{"line":231,"column":1}}},"3":{"name":"(anonymous_9)","decl":{"start":{"line":112,"column":12},"end":{"line":112,"column":15}},"loc":{"start":{"line":112,"column":17},"end":{"line":122,"column":3}}},"4":{"name":"(anonymous_10)","decl":{"start":{"line":124,"column":16},"end":{"line":124,"column":21}},"loc":{"start":{"line":124,"column":71},"end":{"line":150,"column":3}}},"5":{"name":"(anonymous_11)","decl":{"start":{"line":129,"column":24},"end":{"line":129,"column":31}},"loc":{"start":{"line":129,"column":35},"end":{"line":129,"column":60}}},"6":{"name":"(anonymous_12)","decl":{"start":{"line":131,"column":34},"end":{"line":131,"column":35}},"loc":{"start":{"line":131,"column":39},"end":{"line":131,"column":68}}},"7":{"name":"(anonymous_13)","decl":{"start":{"line":152,"column":19},"end":{"line":152,"column":24}},"loc":{"start":{"line":152,"column":63},"end":{"line":186,"column":3}}},"8":{"name":"(anonymous_14)","decl":{"start":{"line":157,"column":24},"end":{"line":157,"column":31}},"loc":{"start":{"line":157,"column":35},"end":{"line":157,"column":60}}},"9":{"name":"(anonymous_15)","decl":{"start":{"line":160,"column":42},"end":{"line":160,"column":43}},"loc":{"start":{"line":160,"column":47},"end":{"line":160,"column":69}}},"10":{"name":"(anonymous_16)","decl":{"start":{"line":188,"column":17},"end":{"line":188,"column":26}},"loc":{"start":{"line":188,"column":28},"end":{"line":191,"column":3}}},"11":{"name":"(anonymous_17)","decl":{"start":{"line":193,"column":24},"end":{"line":193,"column":29}},"loc":{"start":{"line":193,"column":82},"end":{"line":211,"column":3}}},"12":{"name":"(anonymous_18)","decl":{"start":{"line":196,"column":24},"end":{"line":196,"column":31}},"loc":{"start":{"line":196,"column":35},"end":{"line":196,"column":60}}},"13":{"name":"(anonymous_19)","decl":{"start":{"line":198,"column":34},"end":{"line":198,"column":35}},"loc":{"start":{"line":198,"column":39},"end":{"line":198,"column":56}}},"14":{"name":"(anonymous_20)","decl":{"start":{"line":213,"column":21},"end":{"line":213,"column":30}},"loc":{"start":{"line":213,"column":32},"end":{"line":215,"column":3}}}},"branchMap":{"0":{"loc":{"start":{"line":50,"column":2},"end":{"line":91,"column":3}},"type":"switch","locations":[{"start":{"line":51,"column":4},"end":{"line":51,"column":23}},{"start":{"line":52,"column":4},"end":{"line":57,"column":8}},{"start":{"line":58,"column":4},"end":{"line":58,"column":25}},{"start":{"line":59,"column":4},"end":{"line":66,"column":8}},{"start":{"line":67,"column":4},"end":{"line":67,"column":25}},{"start":{"line":68,"column":4},"end":{"line":75,"column":8}},{"start":{"line":76,"column":4},"end":{"line":83,"column":8}},{"start":{"line":84,"column":4},"end":{"line":88,"column":8}},{"start":{"line":89,"column":4},"end":{"line":90,"column":19}}]},"1":{"loc":{"start":{"line":98,"column":2},"end":{"line":100,"column":3}},"type":"if","locations":[{"start":{"line":98,"column":2},"end":{"line":100,"column":3}}]},"2":{"loc":{"start":{"line":114,"column":4},"end":{"line":121,"column":5}},"type":"if","locations":[{"start":{"line":114,"column":4},"end":{"line":121,"column":5}}]},"3":{"loc":{"start":{"line":133,"column":6},"end":{"line":135,"column":7}},"type":"if","locations":[{"start":{"line":133,"column":6},"end":{"line":135,"column":7}}]},"4":{"loc":{"start":{"line":138,"column":6},"end":{"line":140,"column":7}},"type":"if","locations":[{"start":{"line":138,"column":6},"end":{"line":140,"column":7}}]},"5":{"loc":{"start":{"line":147,"column":17},"end":{"line":147,"column":72}},"type":"cond-expr","locations":[{"start":{"line":147,"column":42},"end":{"line":147,"column":55}},{"start":{"line":147,"column":58},"end":{"line":147,"column":72}}]},"6":{"loc":{"start":{"line":161,"column":6},"end":{"line":163,"column":7}},"type":"if","locations":[{"start":{"line":161,"column":6},"end":{"line":163,"column":7}}]},"7":{"loc":{"start":{"line":183,"column":17},"end":{"line":183,"column":79}},"type":"cond-expr","locations":[{"start":{"line":183,"column":42},"end":{"line":183,"column":55}},{"start":{"line":183,"column":58},"end":{"line":183,"column":79}}]},"8":{"loc":{"start":{"line":199,"column":6},"end":{"line":201,"column":7}},"type":"if","locations":[{"start":{"line":199,"column":6},"end":{"line":201,"column":7}}]},"9":{"loc":{"start":{"line":208,"column":15},"end":{"line":208,"column":82}},"type":"cond-expr","locations":[{"start":{"line":208,"column":40},"end":{"line":208,"column":45}},{"start":{"line":208,"column":48},"end":{"line":208,"column":82}}]}},"s":{"0":3,"1":3,"2":3,"3":3,"4":3,"5":7,"6":3,"7":0,"8":1,"9":0,"10":3,"11":0,"12":3,"13":3,"14":71,"15":71,"16":0,"17":71,"18":3,"19":3,"20":36,"21":36,"22":32,"23":32,"24":0,"25":0,"26":0,"27":0,"28":36,"29":0,"30":0,"31":0,"32":0,"33":0,"34":0,"35":0,"36":0,"37":0,"38":0,"39":0,"40":0,"41":0,"42":36,"43":3,"44":3,"45":3,"46":3,"47":2,"48":4,"49":2,"50":1,"51":1,"52":1,"53":1,"54":1,"55":1,"56":36,"57":0,"58":0,"59":36,"60":0,"61":0,"62":0,"63":0,"64":0,"65":0,"66":0,"67":0,"68":0,"69":0,"70":36,"71":3,"72":36,"73":36,"74":3},"f":{"0":7,"1":71,"2":36,"3":32,"4":0,"5":0,"6":0,"7":3,"8":3,"9":4,"10":0,"11":0,"12":0,"13":0,"14":3},"b":{"0":[0,3,0,0,0,1,0,3,0],"1":[0],"2":[0],"3":[0],"4":[0],"5":[0,0],"6":[1],"7":[1,0],"8":[0],"9":[0,0]}}
,"/Users/ayushrai/WebDev/Expert-O/src/types/auth.ts": {"path":"/Users/ayushrai/WebDev/Expert-O/src/types/auth.ts","statementMap":{"0":{"start":{"line":1,"column":0},"end":{"line":1,"column":null}},"1":{"start":{"line":2,"column":2},"end":{"line":2,"column":null}},"2":{"start":{"line":3,"column":2},"end":{"line":3,"column":null}},"3":{"start":{"line":4,"column":2},"end":{"line":4,"column":null}},"4":{"start":{"line":7,"column":0},"end":{"line":7,"column":null}},"5":{"start":{"line":8,"column":2},"end":{"line":8,"column":null}},"6":{"start":{"line":9,"column":2},"end":{"line":9,"column":null}},"7":{"start":{"line":10,"column":2},"end":{"line":10,"column":null}},"8":{"start":{"line":11,"column":2},"end":{"line":11,"column":null}}},"fnMap":{"0":{"name":"(anonymous_0)","decl":{"start":{"line":1,"column":0},"end":{"line":1,"column":12}},"loc":{"start":{"line":1,"column":16},"end":{"line":5,"column":1}}},"1":{"name":"(anonymous_1)","decl":{"start":{"line":7,"column":0},"end":{"line":7,"column":12}},"loc":{"start":{"line":7,"column":25},"end":{"line":12,"column":1}}}},"branchMap":{"0":{"loc":{"start":{"line":1,"column":12},"end":{"line":1,"column":null}},"type":"binary-expr","locations":[{"start":{"line":1,"column":12},"end":{"line":1,"column":16}},{"start":{"line":1,"column":16},"end":{"line":1,"column":null}}]},"1":{"loc":{"start":{"line":7,"column":12},"end":{"line":7,"column":null}},"type":"binary-expr","locations":[{"start":{"line":7,"column":12},"end":{"line":7,"column":25}},{"start":{"line":7,"column":25},"end":{"line":7,"column":null}}]}},"s":{"0":3,"1":3,"2":3,"3":3,"4":3,"5":3,"6":3,"7":3,"8":3},"f":{"0":3,"1":3},"b":{"0":[3,3],"1":[3,3]}}
}
