{"/Users/ekanshgayakwad/Downloads/Expert-o/src/App.tsx": {"path":"/Users/ekanshgayakwad/Downloads/Expert-o/src/App.tsx","statementMap":{"0":{"start":{"line":16,"column":46},"end":{"line":16,"column":61}},"1":{"start":{"line":18,"column":21},"end":{"line":25,"column":4}},"2":{"start":{"line":27,"column":2},"end":{"line":150,"column":4}},"3":{"start":{"line":42,"column":18},"end":{"line":43,"column":null}},"4":{"start":{"line":58,"column":31},"end":{"line":58,"column":65}},"5":{"start":{"line":70,"column":18},"end":{"line":71,"column":null}},"6":{"start":{"line":74,"column":35},"end":{"line":74,"column":59}}},"fnMap":{"0":{"name":"App","decl":{"start":{"line":15,"column":9},"end":{"line":15,"column":12}},"loc":{"start":{"line":15,"column":12},"end":{"line":151,"column":1}}},"1":{"name":"(anonymous_1)","decl":{"start":{"line":41,"column":32},"end":{"line":41,"column":33}},"loc":{"start":{"line":42,"column":18},"end":{"line":43,"column":null}}},"2":{"name":"(anonymous_2)","decl":{"start":{"line":58,"column":25},"end":{"line":58,"column":28}},"loc":{"start":{"line":58,"column":31},"end":{"line":58,"column":65}}},"3":{"name":"(anonymous_3)","decl":{"start":{"line":69,"column":32},"end":{"line":69,"column":33}},"loc":{"start":{"line":70,"column":18},"end":{"line":71,"column":null}}},"4":{"name":"(anonymous_4)","decl":{"start":{"line":74,"column":29},"end":{"line":74,"column":32}},"loc":{"start":{"line":74,"column":35},"end":{"line":74,"column":59}}}},"branchMap":{"0":{"loc":{"start":{"line":61,"column":17},"end":{"line":61,"column":70}},"type":"cond-expr","locations":[{"start":{"line":61,"column":34},"end":{"line":61,"column":49}},{"start":{"line":61,"column":52},"end":{"line":61,"column":70}}]},"1":{"loc":{"start":{"line":66,"column":11},"end":{"line":83,"column":null}},"type":"binary-expr","locations":[{"start":{"line":66,"column":11},"end":{"line":66,"column":25}},{"start":{"line":67,"column":12},"end":{"line":82,"column":null}}]}},"s":{"0":0,"1":0,"2":0,"3":0,"4":0,"5":0,"6":0},"f":{"0":0,"1":0,"2":0,"3":0,"4":0},"b":{"0":[0,0],"1":[0,0]}}
,"/Users/ekanshgayakwad/Downloads/Expert-o/src/components/AIWorkflow.tsx": {"path":"/Users/ekanshgayakwad/Downloads/Expert-o/src/components/AIWorkflow.tsx","statementMap":{"0":{"start":{"line":1,"column":0},"end":{"line":1,"column":75}},"1":{"start":{"line":3,"column":19},"end":{"line":231,"column":1}},"2":{"start":{"line":4,"column":25},"end":{"line":29,"column":4}},"3":{"start":{"line":31,"column":19},"end":{"line":52,"column":4}},"4":{"start":{"line":54,"column":2},"end":{"line":230,"column":4}},"5":{"start":{"line":87,"column":12},"end":{"line":88,"column":null}},"6":{"start":{"line":114,"column":22},"end":{"line":114,"column":46}},"7":{"start":{"line":134,"column":14},"end":{"line":134,"column":31}},"8":{"start":{"line":184,"column":14},"end":{"line":184,"column":31}},"9":{"start":{"line":233,"column":0},"end":{"line":233,"column":26}}},"fnMap":{"0":{"name":"(anonymous_0)","decl":{"start":{"line":3,"column":19},"end":{"line":3,"column":22}},"loc":{"start":{"line":3,"column":24},"end":{"line":231,"column":1}}},"1":{"name":"(anonymous_1)","decl":{"start":{"line":86,"column":30},"end":{"line":86,"column":31}},"loc":{"start":{"line":87,"column":12},"end":{"line":88,"column":null}}},"2":{"name":"(anonymous_2)","decl":{"start":{"line":113,"column":45},"end":{"line":113,"column":46}},"loc":{"start":{"line":114,"column":22},"end":{"line":114,"column":46}}},"3":{"name":"(anonymous_3)","decl":{"start":{"line":133,"column":26},"end":{"line":133,"column":27}},"loc":{"start":{"line":134,"column":14},"end":{"line":134,"column":31}}},"4":{"name":"(anonymous_4)","decl":{"start":{"line":183,"column":18},"end":{"line":183,"column":19}},"loc":{"start":{"line":184,"column":14},"end":{"line":184,"column":31}}}},"branchMap":{"0":{"loc":{"start":{"line":136,"column":17},"end":{"line":137,"column":null}},"type":"binary-expr","locations":[{"start":{"line":136,"column":17},"end":{"line":136,"column":44}},{"start":{"line":137,"column":18},"end":{"line":137,"column":144}}]}},"s":{"0":1,"1":1,"2":7,"3":7,"4":7,"5":28,"6":84,"7":28,"8":84,"9":1},"f":{"0":7,"1":28,"2":84,"3":28,"4":84},"b":{"0":[28,21]}}
,"/Users/ekanshgayakwad/Downloads/Expert-o/src/components/Blog.tsx": {"path":"/Users/ekanshgayakwad/Downloads/Expert-o/src/components/Blog.tsx","statementMap":{"0":{"start":{"line":1,"column":0},"end":{"line":1,"column":26}},"1":{"start":{"line":2,"column":0},"end":{"line":2,"column":61}},"2":{"start":{"line":4,"column":13},"end":{"line":216,"column":1}},"3":{"start":{"line":5,"column":20},"end":{"line":60,"column":4}},"4":{"start":{"line":62,"column":24},"end":{"line":62,"column":63}},"5":{"start":{"line":62,"column":49},"end":{"line":62,"column":62}},"6":{"start":{"line":63,"column":23},"end":{"line":63,"column":63}},"7":{"start":{"line":63,"column":48},"end":{"line":63,"column":62}},"8":{"start":{"line":65,"column":2},"end":{"line":215,"column":4}},"9":{"start":{"line":94,"column":14},"end":{"line":95,"column":null}},"10":{"start":{"line":148,"column":14},"end":{"line":149,"column":null}},"11":{"start":{"line":218,"column":0},"end":{"line":218,"column":20}}},"fnMap":{"0":{"name":"(anonymous_1)","decl":{"start":{"line":4,"column":13},"end":{"line":4,"column":16}},"loc":{"start":{"line":4,"column":18},"end":{"line":216,"column":1}}},"1":{"name":"(anonymous_2)","decl":{"start":{"line":62,"column":41},"end":{"line":62,"column":45}},"loc":{"start":{"line":62,"column":49},"end":{"line":62,"column":62}}},"2":{"name":"(anonymous_3)","decl":{"start":{"line":63,"column":40},"end":{"line":63,"column":44}},"loc":{"start":{"line":63,"column":48},"end":{"line":63,"column":62}}},"3":{"name":"(anonymous_4)","decl":{"start":{"line":93,"column":31},"end":{"line":93,"column":32}},"loc":{"start":{"line":94,"column":14},"end":{"line":95,"column":null}}},"4":{"name":"(anonymous_5)","decl":{"start":{"line":147,"column":30},"end":{"line":147,"column":31}},"loc":{"start":{"line":148,"column":14},"end":{"line":149,"column":null}}}},"branchMap":{},"s":{"0":1,"1":1,"2":1,"3":6,"4":6,"5":36,"6":6,"7":36,"8":6,"9":12,"10":24,"11":1},"f":{"0":6,"1":36,"2":36,"3":12,"4":24},"b":{}}
,"/Users/ekanshgayakwad/Downloads/Expert-o/src/components/ClientForm.tsx": {"path":"/Users/ekanshgayakwad/Downloads/Expert-o/src/components/ClientForm.tsx","statementMap":{"0":{"start":{"line":1,"column":0},"end":{"line":1,"column":40}},"1":{"start":{"line":2,"column":0},"end":{"line":2,"column":57}},"2":{"start":{"line":4,"column":19},"end":{"line":295,"column":1}},"3":{"start":{"line":5,"column":34},"end":{"line":15,"column":4}},"4":{"start":{"line":17,"column":40},"end":{"line":17,"column":55}},"5":{"start":{"line":19,"column":19},"end":{"line":28,"column":4}},"6":{"start":{"line":30,"column":23},"end":{"line":36,"column":4}},"7":{"start":{"line":38,"column":30},"end":{"line":45,"column":3}},"8":{"start":{"line":39,"column":4},"end":{"line":44,"column":8}},"9":{"start":{"line":39,"column":25},"end":{"line":44,"column":6}},"10":{"start":{"line":42,"column":36},"end":{"line":42,"column":49}},"11":{"start":{"line":47,"column":23},"end":{"line":68,"column":3}},"12":{"start":{"line":48,"column":4},"end":{"line":48,"column":23}},"13":{"start":{"line":50,"column":4},"end":{"line":50,"column":45}},"14":{"start":{"line":51,"column":4},"end":{"line":51,"column":25}},"15":{"start":{"line":54,"column":4},"end":{"line":67,"column":13}},"16":{"start":{"line":55,"column":6},"end":{"line":55,"column":28}},"17":{"start":{"line":56,"column":6},"end":{"line":66,"column":9}},"18":{"start":{"line":70,"column":2},"end":{"line":86,"column":3}},"19":{"start":{"line":71,"column":4},"end":{"line":85,"column":6}},"20":{"start":{"line":88,"column":2},"end":{"line":294,"column":4}},"21":{"start":{"line":117,"column":33},"end":{"line":117,"column":81}},"22":{"start":{"line":129,"column":33},"end":{"line":129,"column":82}},"23":{"start":{"line":143,"column":31},"end":{"line":143,"column":83}},"24":{"start":{"line":154,"column":31},"end":{"line":154,"column":81}},"25":{"start":{"line":158,"column":16},"end":{"line":158,"column":36}},"26":{"start":{"line":168,"column":16},"end":{"line":168,"column":35}},"27":{"start":{"line":173,"column":36},"end":{"line":173,"column":64}},"28":{"start":{"line":187,"column":31},"end":{"line":187,"column":83}},"29":{"start":{"line":207,"column":31},"end":{"line":207,"column":81}},"30":{"start":{"line":219,"column":31},"end":{"line":219,"column":81}},"31":{"start":{"line":234,"column":35},"end":{"line":234,"column":90}},"32":{"start":{"line":245,"column":35},"end":{"line":245,"column":90}},"33":{"start":{"line":256,"column":35},"end":{"line":256,"column":90}},"34":{"start":{"line":297,"column":0},"end":{"line":297,"column":26}}},"fnMap":{"0":{"name":"(anonymous_6)","decl":{"start":{"line":4,"column":19},"end":{"line":4,"column":22}},"loc":{"start":{"line":4,"column":24},"end":{"line":295,"column":1}}},"1":{"name":"(anonymous_7)","decl":{"start":{"line":38,"column":30},"end":{"line":38,"column":31}},"loc":{"start":{"line":38,"column":42},"end":{"line":45,"column":3}}},"2":{"name":"(anonymous_8)","decl":{"start":{"line":39,"column":16},"end":{"line":39,"column":20}},"loc":{"start":{"line":39,"column":25},"end":{"line":44,"column":6}}},"3":{"name":"(anonymous_9)","decl":{"start":{"line":42,"column":31},"end":{"line":42,"column":32}},"loc":{"start":{"line":42,"column":36},"end":{"line":42,"column":49}}},"4":{"name":"(anonymous_10)","decl":{"start":{"line":47,"column":23},"end":{"line":47,"column":24}},"loc":{"start":{"line":47,"column":29},"end":{"line":68,"column":3}}},"5":{"name":"(anonymous_11)","decl":{"start":{"line":54,"column":15},"end":{"line":54,"column":18}},"loc":{"start":{"line":54,"column":20},"end":{"line":67,"column":5}}},"6":{"name":"(anonymous_12)","decl":{"start":{"line":117,"column":26},"end":{"line":117,"column":27}},"loc":{"start":{"line":117,"column":33},"end":{"line":117,"column":81}}},"7":{"name":"(anonymous_13)","decl":{"start":{"line":129,"column":26},"end":{"line":129,"column":27}},"loc":{"start":{"line":129,"column":33},"end":{"line":129,"column":82}}},"8":{"name":"(anonymous_14)","decl":{"start":{"line":143,"column":24},"end":{"line":143,"column":25}},"loc":{"start":{"line":143,"column":31},"end":{"line":143,"column":83}}},"9":{"name":"(anonymous_15)","decl":{"start":{"line":154,"column":24},"end":{"line":154,"column":25}},"loc":{"start":{"line":154,"column":31},"end":{"line":154,"column":81}}},"10":{"name":"(anonymous_16)","decl":{"start":{"line":157,"column":32},"end":{"line":157,"column":33}},"loc":{"start":{"line":158,"column":16},"end":{"line":158,"column":36}}},"11":{"name":"(anonymous_17)","decl":{"start":{"line":167,"column":28},"end":{"line":167,"column":29}},"loc":{"start":{"line":168,"column":16},"end":{"line":168,"column":35}}},"12":{"name":"(anonymous_18)","decl":{"start":{"line":173,"column":30},"end":{"line":173,"column":33}},"loc":{"start":{"line":173,"column":36},"end":{"line":173,"column":64}}},"13":{"name":"(anonymous_19)","decl":{"start":{"line":187,"column":24},"end":{"line":187,"column":25}},"loc":{"start":{"line":187,"column":31},"end":{"line":187,"column":83}}},"14":{"name":"(anonymous_20)","decl":{"start":{"line":207,"column":24},"end":{"line":207,"column":25}},"loc":{"start":{"line":207,"column":31},"end":{"line":207,"column":81}}},"15":{"name":"(anonymous_21)","decl":{"start":{"line":219,"column":24},"end":{"line":219,"column":25}},"loc":{"start":{"line":219,"column":31},"end":{"line":219,"column":81}}},"16":{"name":"(anonymous_22)","decl":{"start":{"line":234,"column":28},"end":{"line":234,"column":29}},"loc":{"start":{"line":234,"column":35},"end":{"line":234,"column":90}}},"17":{"name":"(anonymous_23)","decl":{"start":{"line":245,"column":28},"end":{"line":245,"column":29}},"loc":{"start":{"line":245,"column":35},"end":{"line":245,"column":90}}},"18":{"name":"(anonymous_24)","decl":{"start":{"line":256,"column":28},"end":{"line":256,"column":29}},"loc":{"start":{"line":256,"column":35},"end":{"line":256,"column":90}}}},"branchMap":{"0":{"loc":{"start":{"line":41,"column":16},"end":{"line":43,"column":37}},"type":"cond-expr","locations":[{"start":{"line":42,"column":10},"end":{"line":42,"column":50}},{"start":{"line":43,"column":10},"end":{"line":43,"column":37}}]},"1":{"loc":{"start":{"line":70,"column":2},"end":{"line":86,"column":3}},"type":"if","locations":[{"start":{"line":70,"column":2},"end":{"line":86,"column":3}}]}},"s":{"0":1,"1":1,"2":1,"3":19,"4":19,"5":19,"6":19,"7":19,"8":4,"9":4,"10":2,"11":19,"12":1,"13":1,"14":1,"15":1,"16":0,"17":0,"18":19,"19":1,"20":18,"21":2,"22":3,"23":1,"24":1,"25":90,"26":144,"27":4,"28":0,"29":1,"30":0,"31":0,"32":0,"33":0,"34":1},"f":{"0":19,"1":4,"2":4,"3":2,"4":1,"5":0,"6":2,"7":3,"8":1,"9":1,"10":90,"11":144,"12":4,"13":0,"14":1,"15":0,"16":0,"17":0,"18":0},"b":{"0":[1,3],"1":[1]}}
,"/Users/ekanshgayakwad/Downloads/Expert-o/src/components/Contact.tsx": {"path":"/Users/ekanshgayakwad/Downloads/Expert-o/src/components/Contact.tsx","statementMap":{"0":{"start":{"line":1,"column":0},"end":{"line":1,"column":40}},"1":{"start":{"line":2,"column":0},"end":{"line":2,"column":79}},"2":{"start":{"line":4,"column":16},"end":{"line":229,"column":1}},"3":{"start":{"line":5,"column":34},"end":{"line":10,"column":4}},"4":{"start":{"line":12,"column":23},"end":{"line":16,"column":3}},"5":{"start":{"line":13,"column":4},"end":{"line":13,"column":23}},"6":{"start":{"line":14,"column":4},"end":{"line":14,"column":53}},"7":{"start":{"line":18,"column":22},"end":{"line":47,"column":4}},"8":{"start":{"line":49,"column":22},"end":{"line":54,"column":4}},"9":{"start":{"line":56,"column":2},"end":{"line":228,"column":4}},"10":{"start":{"line":86,"column":18},"end":{"line":86,"column":35}},"11":{"start":{"line":116,"column":18},"end":{"line":117,"column":null}},"12":{"start":{"line":164,"column":37},"end":{"line":164,"column":85}},"13":{"start":{"line":179,"column":37},"end":{"line":179,"column":86}},"14":{"start":{"line":195,"column":35},"end":{"line":195,"column":86}},"15":{"start":{"line":210,"column":35},"end":{"line":210,"column":86}},"16":{"start":{"line":231,"column":0},"end":{"line":231,"column":23}}},"fnMap":{"0":{"name":"(anonymous_6)","decl":{"start":{"line":4,"column":16},"end":{"line":4,"column":19}},"loc":{"start":{"line":4,"column":21},"end":{"line":229,"column":1}}},"1":{"name":"(anonymous_7)","decl":{"start":{"line":12,"column":23},"end":{"line":12,"column":24}},"loc":{"start":{"line":12,"column":29},"end":{"line":16,"column":3}}},"2":{"name":"(anonymous_8)","decl":{"start":{"line":85,"column":33},"end":{"line":85,"column":34}},"loc":{"start":{"line":86,"column":18},"end":{"line":86,"column":35}}},"3":{"name":"(anonymous_9)","decl":{"start":{"line":115,"column":33},"end":{"line":115,"column":34}},"loc":{"start":{"line":116,"column":18},"end":{"line":117,"column":null}}},"4":{"name":"(anonymous_10)","decl":{"start":{"line":164,"column":30},"end":{"line":164,"column":31}},"loc":{"start":{"line":164,"column":37},"end":{"line":164,"column":85}}},"5":{"name":"(anonymous_11)","decl":{"start":{"line":179,"column":30},"end":{"line":179,"column":31}},"loc":{"start":{"line":179,"column":37},"end":{"line":179,"column":86}}},"6":{"name":"(anonymous_12)","decl":{"start":{"line":195,"column":28},"end":{"line":195,"column":29}},"loc":{"start":{"line":195,"column":35},"end":{"line":195,"column":86}}},"7":{"name":"(anonymous_13)","decl":{"start":{"line":210,"column":28},"end":{"line":210,"column":29}},"loc":{"start":{"line":210,"column":35},"end":{"line":210,"column":86}}}},"branchMap":{"0":{"loc":{"start":{"line":92,"column":23},"end":{"line":101,"column":null}},"type":"cond-expr","locations":[{"start":{"line":93,"column":24},"end":{"line":98,"column":null}},{"start":{"line":101,"column":24},"end":{"line":101,"column":82}}]}},"s":{"0":1,"1":1,"2":1,"3":12,"4":12,"5":1,"6":1,"7":12,"8":12,"9":12,"10":48,"11":48,"12":1,"13":1,"14":1,"15":1,"16":1},"f":{"0":12,"1":1,"2":48,"3":48,"4":1,"5":1,"6":1,"7":1},"b":{"0":[24,24]}}
,"/Users/ekanshgayakwad/Downloads/Expert-o/src/components/FivePillars.tsx": {"path":"/Users/ekanshgayakwad/Downloads/Expert-o/src/components/FivePillars.tsx","statementMap":{"0":{"start":{"line":1,"column":0},"end":{"line":1,"column":26}},"1":{"start":{"line":2,"column":0},"end":{"line":2,"column":68}},"2":{"start":{"line":4,"column":20},"end":{"line":134,"column":1}},"3":{"start":{"line":5,"column":18},"end":{"line":41,"column":4}},"4":{"start":{"line":43,"column":2},"end":{"line":133,"column":4}},"5":{"start":{"line":72,"column":12},"end":{"line":73,"column":null}},"6":{"start":{"line":136,"column":0},"end":{"line":136,"column":27}}},"fnMap":{"0":{"name":"(anonymous_1)","decl":{"start":{"line":4,"column":20},"end":{"line":4,"column":23}},"loc":{"start":{"line":4,"column":25},"end":{"line":134,"column":1}}},"1":{"name":"(anonymous_2)","decl":{"start":{"line":71,"column":23},"end":{"line":71,"column":24}},"loc":{"start":{"line":72,"column":12},"end":{"line":73,"column":null}}}},"branchMap":{"0":{"loc":{"start":{"line":75,"column":74},"end":{"line":75,"column":118}},"type":"cond-expr","locations":[{"start":{"line":75,"column":92},"end":{"line":75,"column":113}},{"start":{"line":75,"column":116},"end":{"line":75,"column":118}}]}},"s":{"0":1,"1":1,"2":1,"3":5,"4":5,"5":25,"6":1},"f":{"0":5,"1":25},"b":{"0":[10,15]}}
,"/Users/ekanshgayakwad/Downloads/Expert-o/src/components/Hero.tsx": {"path":"/Users/ekanshgayakwad/Downloads/Expert-o/src/components/Hero.tsx","statementMap":{"0":{"start":{"line":1,"column":0},"end":{"line":1,"column":26}},"1":{"start":{"line":2,"column":0},"end":{"line":2,"column":64}},"2":{"start":{"line":4,"column":13},"end":{"line":100,"column":1}},"3":{"start":{"line":5,"column":2},"end":{"line":99,"column":4}},"4":{"start":{"line":102,"column":0},"end":{"line":102,"column":20}}},"fnMap":{"0":{"name":"(anonymous_1)","decl":{"start":{"line":4,"column":13},"end":{"line":4,"column":16}},"loc":{"start":{"line":4,"column":18},"end":{"line":100,"column":1}}}},"branchMap":{},"s":{"0":1,"1":1,"2":1,"3":6,"4":1},"f":{"0":6},"b":{}}
,"/Users/ekanshgayakwad/Downloads/Expert-o/src/components/JoinForm.tsx": {"path":"/Users/ekanshgayakwad/Downloads/Expert-o/src/components/JoinForm.tsx","statementMap":{"0":{"start":{"line":1,"column":0},"end":{"line":1,"column":40}},"1":{"start":{"line":2,"column":0},"end":{"line":2,"column":56}},"2":{"start":{"line":4,"column":17},"end":{"line":299,"column":1}},"3":{"start":{"line":5,"column":34},"end":{"line":16,"column":4}},"4":{"start":{"line":18,"column":40},"end":{"line":18,"column":55}},"5":{"start":{"line":20,"column":16},"end":{"line":26,"column":4}},"6":{"start":{"line":28,"column":21},"end":{"line":41,"column":4}},"7":{"start":{"line":43,"column":28},"end":{"line":50,"column":3}},"8":{"start":{"line":44,"column":4},"end":{"line":49,"column":8}},"9":{"start":{"line":44,"column":25},"end":{"line":49,"column":6}},"10":{"start":{"line":47,"column":34},"end":{"line":47,"column":45}},"11":{"start":{"line":52,"column":23},"end":{"line":72,"column":3}},"12":{"start":{"line":53,"column":4},"end":{"line":53,"column":23}},"13":{"start":{"line":54,"column":4},"end":{"line":54,"column":50}},"14":{"start":{"line":55,"column":4},"end":{"line":55,"column":25}},"15":{"start":{"line":57,"column":4},"end":{"line":71,"column":13}},"16":{"start":{"line":58,"column":6},"end":{"line":58,"column":28}},"17":{"start":{"line":59,"column":6},"end":{"line":70,"column":9}},"18":{"start":{"line":74,"column":2},"end":{"line":90,"column":3}},"19":{"start":{"line":75,"column":4},"end":{"line":89,"column":6}},"20":{"start":{"line":92,"column":2},"end":{"line":298,"column":4}},"21":{"start":{"line":127,"column":33},"end":{"line":127,"column":81}},"22":{"start":{"line":142,"column":33},"end":{"line":142,"column":82}},"23":{"start":{"line":157,"column":31},"end":{"line":157,"column":79}},"24":{"start":{"line":162,"column":16},"end":{"line":162,"column":36}},"25":{"start":{"line":172,"column":16},"end":{"line":172,"column":35}},"26":{"start":{"line":177,"column":36},"end":{"line":177,"column":60}},"27":{"start":{"line":197,"column":33},"end":{"line":197,"column":86}},"28":{"start":{"line":212,"column":33},"end":{"line":212,"column":85}},"29":{"start":{"line":229,"column":31},"end":{"line":229,"column":85}},"30":{"start":{"line":245,"column":31},"end":{"line":245,"column":82}},"31":{"start":{"line":259,"column":31},"end":{"line":259,"column":87}},"32":{"start":{"line":281,"column":31},"end":{"line":281,"column":85}},"33":{"start":{"line":301,"column":0},"end":{"line":301,"column":24}}},"fnMap":{"0":{"name":"(anonymous_6)","decl":{"start":{"line":4,"column":17},"end":{"line":4,"column":20}},"loc":{"start":{"line":4,"column":22},"end":{"line":299,"column":1}}},"1":{"name":"(anonymous_7)","decl":{"start":{"line":43,"column":28},"end":{"line":43,"column":29}},"loc":{"start":{"line":43,"column":38},"end":{"line":50,"column":3}}},"2":{"name":"(anonymous_8)","decl":{"start":{"line":44,"column":16},"end":{"line":44,"column":20}},"loc":{"start":{"line":44,"column":25},"end":{"line":49,"column":6}}},"3":{"name":"(anonymous_9)","decl":{"start":{"line":47,"column":29},"end":{"line":47,"column":30}},"loc":{"start":{"line":47,"column":34},"end":{"line":47,"column":45}}},"4":{"name":"(anonymous_10)","decl":{"start":{"line":52,"column":23},"end":{"line":52,"column":24}},"loc":{"start":{"line":52,"column":29},"end":{"line":72,"column":3}}},"5":{"name":"(anonymous_11)","decl":{"start":{"line":57,"column":15},"end":{"line":57,"column":18}},"loc":{"start":{"line":57,"column":20},"end":{"line":71,"column":5}}},"6":{"name":"(anonymous_12)","decl":{"start":{"line":127,"column":26},"end":{"line":127,"column":27}},"loc":{"start":{"line":127,"column":33},"end":{"line":127,"column":81}}},"7":{"name":"(anonymous_13)","decl":{"start":{"line":142,"column":26},"end":{"line":142,"column":27}},"loc":{"start":{"line":142,"column":33},"end":{"line":142,"column":82}}},"8":{"name":"(anonymous_14)","decl":{"start":{"line":157,"column":24},"end":{"line":157,"column":25}},"loc":{"start":{"line":157,"column":31},"end":{"line":157,"column":79}}},"9":{"name":"(anonymous_15)","decl":{"start":{"line":161,"column":25},"end":{"line":161,"column":26}},"loc":{"start":{"line":162,"column":16},"end":{"line":162,"column":36}}},"10":{"name":"(anonymous_16)","decl":{"start":{"line":171,"column":30},"end":{"line":171,"column":31}},"loc":{"start":{"line":172,"column":16},"end":{"line":172,"column":35}}},"11":{"name":"(anonymous_17)","decl":{"start":{"line":177,"column":30},"end":{"line":177,"column":33}},"loc":{"start":{"line":177,"column":36},"end":{"line":177,"column":60}}},"12":{"name":"(anonymous_18)","decl":{"start":{"line":197,"column":26},"end":{"line":197,"column":27}},"loc":{"start":{"line":197,"column":33},"end":{"line":197,"column":86}}},"13":{"name":"(anonymous_19)","decl":{"start":{"line":212,"column":26},"end":{"line":212,"column":27}},"loc":{"start":{"line":212,"column":33},"end":{"line":212,"column":85}}},"14":{"name":"(anonymous_20)","decl":{"start":{"line":229,"column":24},"end":{"line":229,"column":25}},"loc":{"start":{"line":229,"column":31},"end":{"line":229,"column":85}}},"15":{"name":"(anonymous_21)","decl":{"start":{"line":245,"column":24},"end":{"line":245,"column":25}},"loc":{"start":{"line":245,"column":31},"end":{"line":245,"column":82}}},"16":{"name":"(anonymous_22)","decl":{"start":{"line":259,"column":24},"end":{"line":259,"column":25}},"loc":{"start":{"line":259,"column":31},"end":{"line":259,"column":87}}},"17":{"name":"(anonymous_23)","decl":{"start":{"line":281,"column":24},"end":{"line":281,"column":25}},"loc":{"start":{"line":281,"column":31},"end":{"line":281,"column":85}}}},"branchMap":{"0":{"loc":{"start":{"line":46,"column":14},"end":{"line":48,"column":33}},"type":"cond-expr","locations":[{"start":{"line":47,"column":10},"end":{"line":47,"column":46}},{"start":{"line":48,"column":10},"end":{"line":48,"column":33}}]},"1":{"loc":{"start":{"line":74,"column":2},"end":{"line":90,"column":3}},"type":"if","locations":[{"start":{"line":74,"column":2},"end":{"line":90,"column":3}}]}},"s":{"0":1,"1":1,"2":1,"3":32,"4":32,"5":32,"6":32,"7":32,"8":5,"9":5,"10":2,"11":32,"12":2,"13":2,"14":2,"15":2,"16":0,"17":0,"18":32,"19":2,"20":30,"21":2,"22":2,"23":2,"24":150,"25":360,"26":5,"27":0,"28":2,"29":2,"30":2,"31":2,"32":2,"33":1},"f":{"0":32,"1":5,"2":5,"3":2,"4":2,"5":0,"6":2,"7":2,"8":2,"9":150,"10":360,"11":5,"12":0,"13":2,"14":2,"15":2,"16":2,"17":2},"b":{"0":[1,4],"1":[2]}}
,"/Users/ekanshgayakwad/Downloads/Expert-o/src/components/OurStory.tsx": {"path":"/Users/ekanshgayakwad/Downloads/Expert-o/src/components/OurStory.tsx","statementMap":{"0":{"start":{"line":1,"column":0},"end":{"line":1,"column":26}},"1":{"start":{"line":2,"column":0},"end":{"line":2,"column":57}},"2":{"start":{"line":4,"column":17},"end":{"line":131,"column":1}},"3":{"start":{"line":5,"column":2},"end":{"line":130,"column":4}},"4":{"start":{"line":133,"column":0},"end":{"line":133,"column":24}}},"fnMap":{"0":{"name":"(anonymous_1)","decl":{"start":{"line":4,"column":17},"end":{"line":4,"column":20}},"loc":{"start":{"line":4,"column":22},"end":{"line":131,"column":1}}}},"branchMap":{},"s":{"0":1,"1":1,"2":1,"3":9,"4":1},"f":{"0":9},"b":{}}
,"/Users/ekanshgayakwad/Downloads/Expert-o/src/components/Portfolio.tsx": {"path":"/Users/ekanshgayakwad/Downloads/Expert-o/src/components/Portfolio.tsx","statementMap":{"0":{"start":{"line":1,"column":0},"end":{"line":1,"column":40}},"1":{"start":{"line":2,"column":0},"end":{"line":2,"column":64}},"2":{"start":{"line":4,"column":18},"end":{"line":202,"column":1}},"3":{"start":{"line":5,"column":42},"end":{"line":5,"column":57}},"4":{"start":{"line":7,"column":19},"end":{"line":68,"column":4}},"5":{"start":{"line":70,"column":21},"end":{"line":78,"column":4}},"6":{"start":{"line":80,"column":27},"end":{"line":82,"column":67}},"7":{"start":{"line":82,"column":33},"end":{"line":82,"column":66}},"8":{"start":{"line":84,"column":2},"end":{"line":201,"column":4}},"9":{"start":{"line":103,"column":12},"end":{"line":104,"column":null}},"10":{"start":{"line":105,"column":29},"end":{"line":105,"column":57}},"11":{"start":{"line":120,"column":12},"end":{"line":121,"column":null}},"12":{"start":{"line":166,"column":20},"end":{"line":167,"column":null}},"13":{"start":{"line":204,"column":0},"end":{"line":204,"column":25}}},"fnMap":{"0":{"name":"(anonymous_6)","decl":{"start":{"line":4,"column":18},"end":{"line":4,"column":21}},"loc":{"start":{"line":4,"column":23},"end":{"line":202,"column":1}}},"1":{"name":"(anonymous_7)","decl":{"start":{"line":82,"column":22},"end":{"line":82,"column":29}},"loc":{"start":{"line":82,"column":33},"end":{"line":82,"column":66}}},"2":{"name":"(anonymous_8)","decl":{"start":{"line":102,"column":26},"end":{"line":102,"column":27}},"loc":{"start":{"line":103,"column":12},"end":{"line":104,"column":null}}},"3":{"name":"(anonymous_9)","decl":{"start":{"line":105,"column":23},"end":{"line":105,"column":26}},"loc":{"start":{"line":105,"column":29},"end":{"line":105,"column":57}}},"4":{"name":"(anonymous_10)","decl":{"start":{"line":119,"column":32},"end":{"line":119,"column":33}},"loc":{"start":{"line":120,"column":12},"end":{"line":121,"column":null}}},"5":{"name":"(anonymous_11)","decl":{"start":{"line":165,"column":36},"end":{"line":165,"column":37}},"loc":{"start":{"line":166,"column":20},"end":{"line":167,"column":null}}}},"branchMap":{"0":{"loc":{"start":{"line":80,"column":27},"end":{"line":82,"column":67}},"type":"cond-expr","locations":[{"start":{"line":81,"column":6},"end":{"line":81,"column":14}},{"start":{"line":82,"column":6},"end":{"line":82,"column":67}}]},"1":{"loc":{"start":{"line":107,"column":16},"end":{"line":109,"column":null}},"type":"cond-expr","locations":[{"start":{"line":108,"column":20},"end":{"line":108,"column":77}},{"start":{"line":109,"column":20},"end":{"line":109,"column":null}}]}},"s":{"0":1,"1":1,"2":1,"3":12,"4":12,"5":12,"6":12,"7":12,"8":12,"9":84,"10":3,"11":62,"12":248,"13":1},"f":{"0":12,"1":12,"2":84,"3":3,"4":62,"5":248},"b":{"0":[10,2],"1":[12,72]}}
,"/Users/ekanshgayakwad/Downloads/Expert-o/src/components/Pricing.tsx": {"path":"/Users/ekanshgayakwad/Downloads/Expert-o/src/components/Pricing.tsx","statementMap":{"0":{"start":{"line":1,"column":0},"end":{"line":1,"column":40}},"1":{"start":{"line":2,"column":0},"end":{"line":2,"column":76}},"2":{"start":{"line":4,"column":16},"end":{"line":297,"column":1}},"3":{"start":{"line":5,"column":40},"end":{"line":5,"column":59}},"4":{"start":{"line":6,"column":42},"end":{"line":11,"column":4}},"5":{"start":{"line":13,"column":23},"end":{"line":67,"column":4}},"6":{"start":{"line":69,"column":23},"end":{"line":76,"column":4}},"7":{"start":{"line":78,"column":31},"end":{"line":82,"column":3}},"8":{"start":{"line":79,"column":4},"end":{"line":79,"column":23}},"9":{"start":{"line":81,"column":4},"end":{"line":81,"column":58}},"10":{"start":{"line":84,"column":19},"end":{"line":84,"column":43}},"11":{"start":{"line":86,"column":30},"end":{"line":88,"column":3}},"12":{"start":{"line":87,"column":4},"end":{"line":87,"column":52}},"13":{"start":{"line":90,"column":2},"end":{"line":296,"column":4}},"14":{"start":{"line":130,"column":12},"end":{"line":131,"column":null}},"15":{"start":{"line":181,"column":18},"end":{"line":181,"column":41}},"16":{"start":{"line":220,"column":33},"end":{"line":220,"column":96}},"17":{"start":{"line":226,"column":18},"end":{"line":226,"column":38}},"18":{"start":{"line":238,"column":33},"end":{"line":238,"column":93}},"19":{"start":{"line":257,"column":33},"end":{"line":257,"column":91}},"20":{"start":{"line":299,"column":0},"end":{"line":299,"column":23}}},"fnMap":{"0":{"name":"(anonymous_6)","decl":{"start":{"line":4,"column":16},"end":{"line":4,"column":19}},"loc":{"start":{"line":4,"column":21},"end":{"line":297,"column":1}}},"1":{"name":"(anonymous_7)","decl":{"start":{"line":78,"column":31},"end":{"line":78,"column":32}},"loc":{"start":{"line":78,"column":37},"end":{"line":82,"column":3}}},"2":{"name":"(anonymous_8)","decl":{"start":{"line":86,"column":30},"end":{"line":86,"column":33}},"loc":{"start":{"line":86,"column":35},"end":{"line":88,"column":3}}},"3":{"name":"(anonymous_9)","decl":{"start":{"line":129,"column":28},"end":{"line":129,"column":29}},"loc":{"start":{"line":130,"column":12},"end":{"line":131,"column":null}}},"4":{"name":"(anonymous_10)","decl":{"start":{"line":180,"column":35},"end":{"line":180,"column":36}},"loc":{"start":{"line":181,"column":18},"end":{"line":181,"column":41}}},"5":{"name":"(anonymous_11)","decl":{"start":{"line":220,"column":26},"end":{"line":220,"column":27}},"loc":{"start":{"line":220,"column":33},"end":{"line":220,"column":96}}},"6":{"name":"(anonymous_12)","decl":{"start":{"line":225,"column":34},"end":{"line":225,"column":35}},"loc":{"start":{"line":226,"column":18},"end":{"line":226,"column":38}}},"7":{"name":"(anonymous_13)","decl":{"start":{"line":238,"column":26},"end":{"line":238,"column":27}},"loc":{"start":{"line":238,"column":33},"end":{"line":238,"column":93}}},"8":{"name":"(anonymous_14)","decl":{"start":{"line":257,"column":26},"end":{"line":257,"column":27}},"loc":{"start":{"line":257,"column":33},"end":{"line":257,"column":91}}}},"branchMap":{"0":{"loc":{"start":{"line":87,"column":19},"end":{"line":87,"column":50}},"type":"cond-expr","locations":[{"start":{"line":87,"column":30},"end":{"line":87,"column":39}},{"start":{"line":87,"column":42},"end":{"line":87,"column":50}}]},"1":{"loc":{"start":{"line":116,"column":18},"end":{"line":116,"column":null}},"type":"cond-expr","locations":[{"start":{"line":116,"column":29},"end":{"line":116,"column":44}},{"start":{"line":116,"column":47},"end":{"line":116,"column":null}}]},"2":{"loc":{"start":{"line":133,"column":16},"end":{"line":135,"column":null}},"type":"cond-expr","locations":[{"start":{"line":134,"column":20},"end":{"line":134,"column":71}},{"start":{"line":135,"column":20},"end":{"line":135,"column":null}}]},"3":{"loc":{"start":{"line":138,"column":15},"end":{"line":143,"column":null}},"type":"binary-expr","locations":[{"start":{"line":138,"column":15},"end":{"line":138,"column":27}},{"start":{"line":139,"column":16},"end":{"line":142,"column":null}}]},"4":{"loc":{"start":{"line":160,"column":22},"end":{"line":160,"column":122}},"type":"cond-expr","locations":[{"start":{"line":160,"column":50},"end":{"line":160,"column":85}},{"start":{"line":160,"column":88},"end":{"line":160,"column":122}}]},"5":{"loc":{"start":{"line":163,"column":22},"end":{"line":163,"column":66}},"type":"cond-expr","locations":[{"start":{"line":163,"column":50},"end":{"line":163,"column":57}},{"start":{"line":163,"column":60},"end":{"line":163,"column":66}}]},"6":{"loc":{"start":{"line":166,"column":17},"end":{"line":169,"column":null}},"type":"binary-expr","locations":[{"start":{"line":166,"column":17},"end":{"line":166,"column":41}},{"start":{"line":167,"column":18},"end":{"line":168,"column":null}}]},"7":{"loc":{"start":{"line":190,"column":16},"end":{"line":192,"column":null}},"type":"cond-expr","locations":[{"start":{"line":191,"column":20},"end":{"line":191,"column":154}},{"start":{"line":192,"column":20},"end":{"line":192,"column":null}}]}},"s":{"0":1,"1":1,"2":1,"3":13,"4":13,"5":13,"6":13,"7":13,"8":0,"9":0,"10":13,"11":13,"12":2,"13":13,"14":39,"15":299,"16":1,"17":78,"18":1,"19":1,"20":1},"f":{"0":13,"1":0,"2":2,"3":39,"4":299,"5":1,"6":78,"7":1,"8":1},"b":{"0":[0,2],"1":[2,11],"2":[13,26],"3":[39,13],"4":[33,6],"5":[33,6],"6":[39,6],"7":[13,26]}}
,"/Users/ekanshgayakwad/Downloads/Expert-o/src/components/Services.tsx": {"path":"/Users/ekanshgayakwad/Downloads/Expert-o/src/components/Services.tsx","statementMap":{"0":{"start":{"line":1,"column":0},"end":{"line":1,"column":40}},"1":{"start":{"line":2,"column":0},"end":{"line":2,"column":null}},"2":{"start":{"line":17,"column":17},"end":{"line":238,"column":1}},"3":{"start":{"line":18,"column":42},"end":{"line":18,"column":57}},"4":{"start":{"line":20,"column":19},"end":{"line":109,"column":4}},"5":{"start":{"line":111,"column":21},"end":{"line":118,"column":4}},"6":{"start":{"line":120,"column":27},"end":{"line":122,"column":67}},"7":{"start":{"line":122,"column":33},"end":{"line":122,"column":66}},"8":{"start":{"line":124,"column":2},"end":{"line":237,"column":4}},"9":{"start":{"line":142,"column":12},"end":{"line":143,"column":null}},"10":{"start":{"line":144,"column":29},"end":{"line":144,"column":57}},"11":{"start":{"line":161,"column":12},"end":{"line":162,"column":null}},"12":{"start":{"line":240,"column":0},"end":{"line":240,"column":24}}},"fnMap":{"0":{"name":"(anonymous_6)","decl":{"start":{"line":17,"column":17},"end":{"line":17,"column":20}},"loc":{"start":{"line":17,"column":22},"end":{"line":238,"column":1}}},"1":{"name":"(anonymous_7)","decl":{"start":{"line":122,"column":22},"end":{"line":122,"column":29}},"loc":{"start":{"line":122,"column":33},"end":{"line":122,"column":66}}},"2":{"name":"(anonymous_8)","decl":{"start":{"line":141,"column":26},"end":{"line":141,"column":27}},"loc":{"start":{"line":142,"column":12},"end":{"line":143,"column":null}}},"3":{"name":"(anonymous_9)","decl":{"start":{"line":144,"column":23},"end":{"line":144,"column":26}},"loc":{"start":{"line":144,"column":29},"end":{"line":144,"column":57}}},"4":{"name":"(anonymous_10)","decl":{"start":{"line":160,"column":32},"end":{"line":160,"column":33}},"loc":{"start":{"line":161,"column":12},"end":{"line":162,"column":null}}}},"branchMap":{"0":{"loc":{"start":{"line":120,"column":27},"end":{"line":122,"column":67}},"type":"cond-expr","locations":[{"start":{"line":121,"column":6},"end":{"line":121,"column":14}},{"start":{"line":122,"column":6},"end":{"line":122,"column":67}}]},"1":{"loc":{"start":{"line":146,"column":16},"end":{"line":148,"column":null}},"type":"cond-expr","locations":[{"start":{"line":147,"column":20},"end":{"line":147,"column":87}},{"start":{"line":148,"column":20},"end":{"line":148,"column":null}}]}},"s":{"0":1,"1":1,"2":1,"3":23,"4":23,"5":23,"6":23,"7":77,"8":23,"9":138,"10":13,"11":189,"12":1},"f":{"0":23,"1":77,"2":138,"3":13,"4":189},"b":{"0":[16,7],"1":[23,115]}}
}
