TN:
SF:src/App.tsx
FN:15,App
FN:41,(anonymous_1)
FN:58,(anonymous_2)
FN:69,(anonymous_3)
FN:74,(anonymous_4)
FNF:5
FNH:0
FNDA:0,App
FNDA:0,(anonymous_1)
FNDA:0,(anonymous_2)
FNDA:0,(anonymous_3)
FNDA:0,(anonymous_4)
DA:16,0
DA:18,0
DA:27,0
DA:42,0
DA:58,0
DA:70,0
DA:74,0
LF:7
LH:0
BRDA:61,0,0,0
BRDA:61,0,1,0
BRDA:66,1,0,0
BRDA:66,1,1,0
BRF:4
BRH:0
end_of_record
TN:
SF:src/components/AIWorkflow.tsx
FN:3,(anonymous_0)
FN:86,(anonymous_1)
FN:113,(anonymous_2)
FN:133,(anonymous_3)
FN:183,(anonymous_4)
FNF:5
FNH:5
FNDA:7,(anonymous_0)
FNDA:28,(anonymous_1)
FNDA:84,(anonymous_2)
FNDA:28,(anonymous_3)
FNDA:84,(anonymous_4)
DA:1,1
DA:3,1
DA:4,7
DA:31,7
DA:54,7
DA:87,28
DA:114,84
DA:134,28
DA:184,84
DA:233,1
LF:10
LH:10
BRDA:136,0,0,28
BRDA:136,0,1,21
BRF:2
BRH:2
end_of_record
TN:
SF:src/components/Blog.tsx
FN:4,(anonymous_1)
FN:62,(anonymous_2)
FN:63,(anonymous_3)
FN:93,(anonymous_4)
FN:147,(anonymous_5)
FNF:5
FNH:5
FNDA:6,(anonymous_1)
FNDA:36,(anonymous_2)
FNDA:36,(anonymous_3)
FNDA:12,(anonymous_4)
FNDA:24,(anonymous_5)
DA:1,1
DA:2,1
DA:4,1
DA:5,6
DA:62,36
DA:63,36
DA:65,6
DA:94,12
DA:148,24
DA:218,1
LF:10
LH:10
BRF:0
BRH:0
end_of_record
TN:
SF:src/components/ClientForm.tsx
FN:4,(anonymous_6)
FN:38,(anonymous_7)
FN:39,(anonymous_8)
FN:42,(anonymous_9)
FN:47,(anonymous_10)
FN:54,(anonymous_11)
FN:117,(anonymous_12)
FN:129,(anonymous_13)
FN:143,(anonymous_14)
FN:154,(anonymous_15)
FN:157,(anonymous_16)
FN:167,(anonymous_17)
FN:173,(anonymous_18)
FN:187,(anonymous_19)
FN:207,(anonymous_20)
FN:219,(anonymous_21)
FN:234,(anonymous_22)
FN:245,(anonymous_23)
FN:256,(anonymous_24)
FNF:19
FNH:13
FNDA:19,(anonymous_6)
FNDA:4,(anonymous_7)
FNDA:4,(anonymous_8)
FNDA:2,(anonymous_9)
FNDA:1,(anonymous_10)
FNDA:0,(anonymous_11)
FNDA:2,(anonymous_12)
FNDA:3,(anonymous_13)
FNDA:1,(anonymous_14)
FNDA:1,(anonymous_15)
FNDA:90,(anonymous_16)
FNDA:144,(anonymous_17)
FNDA:4,(anonymous_18)
FNDA:0,(anonymous_19)
FNDA:1,(anonymous_20)
FNDA:0,(anonymous_21)
FNDA:0,(anonymous_22)
FNDA:0,(anonymous_23)
FNDA:0,(anonymous_24)
DA:1,1
DA:2,1
DA:4,1
DA:5,19
DA:17,19
DA:19,19
DA:30,19
DA:38,19
DA:39,4
DA:42,2
DA:47,19
DA:48,1
DA:50,1
DA:51,1
DA:54,1
DA:55,0
DA:56,0
DA:70,19
DA:71,1
DA:88,18
DA:117,2
DA:129,3
DA:143,1
DA:154,1
DA:158,90
DA:168,144
DA:173,4
DA:187,0
DA:207,1
DA:219,0
DA:234,0
DA:245,0
DA:256,0
DA:297,1
LF:34
LH:27
BRDA:41,0,0,1
BRDA:41,0,1,3
BRDA:70,1,0,1
BRF:3
BRH:3
end_of_record
TN:
SF:src/components/Contact.tsx
FN:4,(anonymous_6)
FN:12,(anonymous_7)
FN:85,(anonymous_8)
FN:115,(anonymous_9)
FN:164,(anonymous_10)
FN:179,(anonymous_11)
FN:195,(anonymous_12)
FN:210,(anonymous_13)
FNF:8
FNH:8
FNDA:12,(anonymous_6)
FNDA:1,(anonymous_7)
FNDA:48,(anonymous_8)
FNDA:48,(anonymous_9)
FNDA:1,(anonymous_10)
FNDA:1,(anonymous_11)
FNDA:1,(anonymous_12)
FNDA:1,(anonymous_13)
DA:1,1
DA:2,1
DA:4,1
DA:5,12
DA:12,12
DA:13,1
DA:14,1
DA:18,12
DA:49,12
DA:56,12
DA:86,48
DA:116,48
DA:164,1
DA:179,1
DA:195,1
DA:210,1
DA:231,1
LF:17
LH:17
BRDA:92,0,0,24
BRDA:92,0,1,24
BRF:2
BRH:2
end_of_record
TN:
SF:src/components/FivePillars.tsx
FN:4,(anonymous_1)
FN:71,(anonymous_2)
FNF:2
FNH:2
FNDA:5,(anonymous_1)
FNDA:25,(anonymous_2)
DA:1,1
DA:2,1
DA:4,1
DA:5,5
DA:43,5
DA:72,25
DA:136,1
LF:7
LH:7
BRDA:75,0,0,10
BRDA:75,0,1,15
BRF:2
BRH:2
end_of_record
TN:
SF:src/components/Hero.tsx
FN:4,(anonymous_1)
FNF:1
FNH:1
FNDA:6,(anonymous_1)
DA:1,1
DA:2,1
DA:4,1
DA:5,6
DA:102,1
LF:5
LH:5
BRF:0
BRH:0
end_of_record
TN:
SF:src/components/JoinForm.tsx
FN:4,(anonymous_6)
FN:43,(anonymous_7)
FN:44,(anonymous_8)
FN:47,(anonymous_9)
FN:52,(anonymous_10)
FN:57,(anonymous_11)
FN:127,(anonymous_12)
FN:142,(anonymous_13)
FN:157,(anonymous_14)
FN:161,(anonymous_15)
FN:171,(anonymous_16)
FN:177,(anonymous_17)
FN:197,(anonymous_18)
FN:212,(anonymous_19)
FN:229,(anonymous_20)
FN:245,(anonymous_21)
FN:259,(anonymous_22)
FN:281,(anonymous_23)
FNF:18
FNH:16
FNDA:32,(anonymous_6)
FNDA:5,(anonymous_7)
FNDA:5,(anonymous_8)
FNDA:2,(anonymous_9)
FNDA:2,(anonymous_10)
FNDA:0,(anonymous_11)
FNDA:2,(anonymous_12)
FNDA:2,(anonymous_13)
FNDA:2,(anonymous_14)
FNDA:150,(anonymous_15)
FNDA:360,(anonymous_16)
FNDA:5,(anonymous_17)
FNDA:0,(anonymous_18)
FNDA:2,(anonymous_19)
FNDA:2,(anonymous_20)
FNDA:2,(anonymous_21)
FNDA:2,(anonymous_22)
FNDA:2,(anonymous_23)
DA:1,1
DA:2,1
DA:4,1
DA:5,32
DA:18,32
DA:20,32
DA:28,32
DA:43,32
DA:44,5
DA:47,2
DA:52,32
DA:53,2
DA:54,2
DA:55,2
DA:57,2
DA:58,0
DA:59,0
DA:74,32
DA:75,2
DA:92,30
DA:127,2
DA:142,2
DA:157,2
DA:162,150
DA:172,360
DA:177,5
DA:197,0
DA:212,2
DA:229,2
DA:245,2
DA:259,2
DA:281,2
DA:301,1
LF:33
LH:30
BRDA:46,0,0,1
BRDA:46,0,1,4
BRDA:74,1,0,2
BRF:3
BRH:3
end_of_record
TN:
SF:src/components/OurStory.tsx
FN:4,(anonymous_1)
FNF:1
FNH:1
FNDA:9,(anonymous_1)
DA:1,1
DA:2,1
DA:4,1
DA:5,9
DA:133,1
LF:5
LH:5
BRF:0
BRH:0
end_of_record
TN:
SF:src/components/Portfolio.tsx
FN:4,(anonymous_6)
FN:82,(anonymous_7)
FN:102,(anonymous_8)
FN:105,(anonymous_9)
FN:119,(anonymous_10)
FN:165,(anonymous_11)
FNF:6
FNH:6
FNDA:12,(anonymous_6)
FNDA:12,(anonymous_7)
FNDA:84,(anonymous_8)
FNDA:3,(anonymous_9)
FNDA:62,(anonymous_10)
FNDA:248,(anonymous_11)
DA:1,1
DA:2,1
DA:4,1
DA:5,12
DA:7,12
DA:70,12
DA:80,12
DA:82,12
DA:84,12
DA:103,84
DA:105,3
DA:120,62
DA:166,248
DA:204,1
LF:14
LH:14
BRDA:80,0,0,10
BRDA:80,0,1,2
BRDA:107,1,0,12
BRDA:107,1,1,72
BRF:4
BRH:4
end_of_record
TN:
SF:src/components/Pricing.tsx
FN:4,(anonymous_6)
FN:78,(anonymous_7)
FN:86,(anonymous_8)
FN:129,(anonymous_9)
FN:180,(anonymous_10)
FN:220,(anonymous_11)
FN:225,(anonymous_12)
FN:238,(anonymous_13)
FN:257,(anonymous_14)
FNF:9
FNH:8
FNDA:13,(anonymous_6)
FNDA:0,(anonymous_7)
FNDA:2,(anonymous_8)
FNDA:39,(anonymous_9)
FNDA:299,(anonymous_10)
FNDA:1,(anonymous_11)
FNDA:78,(anonymous_12)
FNDA:1,(anonymous_13)
FNDA:1,(anonymous_14)
DA:1,1
DA:2,1
DA:4,1
DA:5,13
DA:6,13
DA:13,13
DA:69,13
DA:78,13
DA:79,0
DA:81,0
DA:84,13
DA:86,13
DA:87,2
DA:90,13
DA:130,39
DA:181,299
DA:220,1
DA:226,78
DA:238,1
DA:257,1
DA:299,1
LF:21
LH:19
BRDA:87,0,0,0
BRDA:87,0,1,2
BRDA:116,1,0,2
BRDA:116,1,1,11
BRDA:133,2,0,13
BRDA:133,2,1,26
BRDA:138,3,0,39
BRDA:138,3,1,13
BRDA:160,4,0,33
BRDA:160,4,1,6
BRDA:163,5,0,33
BRDA:163,5,1,6
BRDA:166,6,0,39
BRDA:166,6,1,6
BRDA:190,7,0,13
BRDA:190,7,1,26
BRF:16
BRH:15
end_of_record
TN:
SF:src/components/Services.tsx
FN:17,(anonymous_6)
FN:122,(anonymous_7)
FN:141,(anonymous_8)
FN:144,(anonymous_9)
FN:160,(anonymous_10)
FNF:5
FNH:5
FNDA:23,(anonymous_6)
FNDA:77,(anonymous_7)
FNDA:138,(anonymous_8)
FNDA:13,(anonymous_9)
FNDA:189,(anonymous_10)
DA:1,1
DA:2,1
DA:17,1
DA:18,23
DA:20,23
DA:111,23
DA:120,23
DA:122,77
DA:124,23
DA:142,138
DA:144,13
DA:161,189
DA:240,1
LF:13
LH:13
BRDA:120,0,0,16
BRDA:120,0,1,7
BRDA:146,1,0,23
BRDA:146,1,1,115
BRF:4
BRH:4
end_of_record
