TN:
SF:src/App.tsx
FN:18,App
FN:19,(anonymous_1)
FNF:2
FNH:0
FNDA:0,App
FNDA:0,(anonymous_1)
DA:16,0
DA:19,0
DA:21,0
DA:24,0
LF:4
LH:0
BRF:0
BRH:0
end_of_record
TN:
SF:src/components/AIWorkflow.tsx
FN:3,(anonymous_0)
FN:86,(anonymous_1)
FN:113,(anonymous_2)
FN:133,(anonymous_3)
FN:183,(anonymous_4)
FNF:5
FNH:5
FNDA:7,(anonymous_0)
FNDA:28,(anonymous_1)
FNDA:84,(anonymous_2)
FNDA:28,(anonymous_3)
FNDA:84,(anonymous_4)
DA:1,1
DA:3,1
DA:4,7
DA:31,7
DA:54,7
DA:87,28
DA:114,84
DA:134,28
DA:184,84
DA:233,1
LF:10
LH:10
BRDA:136,0,0,28
BRDA:136,0,1,21
BRF:2
BRH:2
end_of_record
TN:
SF:src/components/Blog.tsx
FN:4,(anonymous_1)
FN:62,(anonymous_2)
FN:63,(anonymous_3)
FN:93,(anonymous_4)
FN:147,(anonymous_5)
FNF:5
FNH:5
FNDA:6,(anonymous_1)
FNDA:36,(anonymous_2)
FNDA:36,(anonymous_3)
FNDA:12,(anonymous_4)
FNDA:24,(anonymous_5)
DA:1,1
DA:2,1
DA:4,1
DA:5,6
DA:62,36
DA:63,36
DA:65,6
DA:94,12
DA:148,24
DA:218,1
LF:10
LH:10
BRF:0
BRH:0
end_of_record
TN:
SF:src/components/ClientForm.tsx
FN:4,(anonymous_6)
FN:38,(anonymous_7)
FN:39,(anonymous_8)
FN:42,(anonymous_9)
FN:47,(anonymous_10)
FN:54,(anonymous_11)
FN:117,(anonymous_12)
FN:129,(anonymous_13)
FN:143,(anonymous_14)
FN:154,(anonymous_15)
FN:157,(anonymous_16)
FN:167,(anonymous_17)
FN:173,(anonymous_18)
FN:187,(anonymous_19)
FN:207,(anonymous_20)
FN:219,(anonymous_21)
FN:234,(anonymous_22)
FN:245,(anonymous_23)
FN:256,(anonymous_24)
FNF:19
FNH:13
FNDA:19,(anonymous_6)
FNDA:4,(anonymous_7)
FNDA:4,(anonymous_8)
FNDA:2,(anonymous_9)
FNDA:1,(anonymous_10)
FNDA:0,(anonymous_11)
FNDA:2,(anonymous_12)
FNDA:3,(anonymous_13)
FNDA:1,(anonymous_14)
FNDA:1,(anonymous_15)
FNDA:90,(anonymous_16)
FNDA:144,(anonymous_17)
FNDA:4,(anonymous_18)
FNDA:0,(anonymous_19)
FNDA:1,(anonymous_20)
FNDA:0,(anonymous_21)
FNDA:0,(anonymous_22)
FNDA:0,(anonymous_23)
FNDA:0,(anonymous_24)
DA:1,1
DA:2,1
DA:4,1
DA:5,19
DA:17,19
DA:19,19
DA:30,19
DA:38,19
DA:39,4
DA:42,2
DA:47,19
DA:48,1
DA:50,1
DA:51,1
DA:54,1
DA:55,0
DA:56,0
DA:70,19
DA:71,1
DA:88,18
DA:117,2
DA:129,3
DA:143,1
DA:154,1
DA:158,90
DA:168,144
DA:173,4
DA:187,0
DA:207,1
DA:219,0
DA:234,0
DA:245,0
DA:256,0
DA:297,1
LF:34
LH:27
BRDA:41,0,0,1
BRDA:41,0,1,3
BRDA:70,1,0,1
BRF:3
BRH:3
end_of_record
TN:
SF:src/components/Contact.tsx
FN:4,(anonymous_6)
FN:12,(anonymous_7)
FN:85,(anonymous_8)
FN:115,(anonymous_9)
FN:164,(anonymous_10)
FN:179,(anonymous_11)
FN:195,(anonymous_12)
FN:210,(anonymous_13)
FNF:8
FNH:8
FNDA:12,(anonymous_6)
FNDA:1,(anonymous_7)
FNDA:48,(anonymous_8)
FNDA:48,(anonymous_9)
FNDA:1,(anonymous_10)
FNDA:1,(anonymous_11)
FNDA:1,(anonymous_12)
FNDA:1,(anonymous_13)
DA:1,1
DA:2,1
DA:4,1
DA:5,12
DA:12,12
DA:13,1
DA:14,1
DA:18,12
DA:49,12
DA:56,12
DA:86,48
DA:116,48
DA:164,1
DA:179,1
DA:195,1
DA:210,1
DA:231,1
LF:17
LH:17
BRDA:92,0,0,24
BRDA:92,0,1,24
BRF:2
BRH:2
end_of_record
TN:
SF:src/components/ErrorBoundary.tsx
FN:28,(anonymous_0)
FN:51,(anonymous_1)
FN:55,(anonymous_2)
FN:33,(anonymous_3)
FN:38,(anonymous_4)
FN:59,(anonymous_5)
FNF:6
FNH:0
FNDA:0,(anonymous_0)
FNDA:0,(anonymous_1)
FNDA:0,(anonymous_2)
FNDA:0,(anonymous_3)
FNDA:0,(anonymous_4)
FNDA:0,(anonymous_5)
DA:29,0
DA:30,0
DA:35,0
DA:40,0
DA:43,0
DA:45,0
DA:51,0
DA:52,0
DA:55,0
DA:56,0
DA:60,0
DA:62,0
DA:63,0
DA:67,0
DA:117,0
LF:15
LH:0
BRDA:60,0,0,0
BRDA:62,1,0,0
BRDA:101,2,0,0
BRDA:101,2,1,0
BRDA:101,2,2,0
BRF:5
BRH:0
end_of_record
TN:
SF:src/components/FivePillars.tsx
FN:4,(anonymous_1)
FN:71,(anonymous_2)
FNF:2
FNH:2
FNDA:5,(anonymous_1)
FNDA:25,(anonymous_2)
DA:1,1
DA:2,1
DA:4,1
DA:5,5
DA:43,5
DA:72,25
DA:136,1
LF:7
LH:7
BRDA:75,0,0,10
BRDA:75,0,1,15
BRF:2
BRH:2
end_of_record
TN:
SF:src/components/Hero.tsx
FN:4,(anonymous_1)
FNF:1
FNH:1
FNDA:6,(anonymous_1)
DA:1,1
DA:2,1
DA:4,1
DA:5,6
DA:102,1
LF:5
LH:5
BRF:0
BRH:0
end_of_record
TN:
SF:src/components/JoinForm.tsx
FN:4,(anonymous_6)
FN:43,(anonymous_7)
FN:44,(anonymous_8)
FN:47,(anonymous_9)
FN:52,(anonymous_10)
FN:57,(anonymous_11)
FN:127,(anonymous_12)
FN:142,(anonymous_13)
FN:157,(anonymous_14)
FN:161,(anonymous_15)
FN:171,(anonymous_16)
FN:177,(anonymous_17)
FN:197,(anonymous_18)
FN:212,(anonymous_19)
FN:229,(anonymous_20)
FN:245,(anonymous_21)
FN:259,(anonymous_22)
FN:281,(anonymous_23)
FNF:18
FNH:16
FNDA:32,(anonymous_6)
FNDA:5,(anonymous_7)
FNDA:5,(anonymous_8)
FNDA:2,(anonymous_9)
FNDA:2,(anonymous_10)
FNDA:0,(anonymous_11)
FNDA:2,(anonymous_12)
FNDA:2,(anonymous_13)
FNDA:2,(anonymous_14)
FNDA:150,(anonymous_15)
FNDA:360,(anonymous_16)
FNDA:5,(anonymous_17)
FNDA:0,(anonymous_18)
FNDA:2,(anonymous_19)
FNDA:2,(anonymous_20)
FNDA:2,(anonymous_21)
FNDA:2,(anonymous_22)
FNDA:2,(anonymous_23)
DA:1,1
DA:2,1
DA:4,1
DA:5,32
DA:18,32
DA:20,32
DA:28,32
DA:43,32
DA:44,5
DA:47,2
DA:52,32
DA:53,2
DA:54,2
DA:55,2
DA:57,2
DA:58,0
DA:59,0
DA:74,32
DA:75,2
DA:92,30
DA:127,2
DA:142,2
DA:157,2
DA:162,150
DA:172,360
DA:177,5
DA:197,0
DA:212,2
DA:229,2
DA:245,2
DA:259,2
DA:281,2
DA:301,1
LF:33
LH:30
BRDA:46,0,0,1
BRDA:46,0,1,4
BRDA:74,1,0,2
BRF:3
BRH:3
end_of_record
TN:
SF:src/components/LandingPage.tsx
FN:17,(anonymous_0)
FN:31,(anonymous_1)
FN:53,(anonymous_2)
FN:66,(anonymous_3)
FN:74,(anonymous_4)
FN:81,(anonymous_5)
FN:94,(anonymous_6)
FN:105,(anonymous_7)
FN:110,(anonymous_8)
FN:119,(anonymous_9)
FN:130,(anonymous_10)
FN:140,(anonymous_11)
FNF:12
FNH:0
FNDA:0,(anonymous_0)
FNDA:0,(anonymous_1)
FNDA:0,(anonymous_2)
FNDA:0,(anonymous_3)
FNDA:0,(anonymous_4)
FNDA:0,(anonymous_5)
FNDA:0,(anonymous_6)
FNDA:0,(anonymous_7)
FNDA:0,(anonymous_8)
FNDA:0,(anonymous_9)
FNDA:0,(anonymous_10)
FNDA:0,(anonymous_11)
DA:17,0
DA:18,0
DA:19,0
DA:20,0
DA:22,0
DA:31,0
DA:32,0
DA:33,0
DA:35,0
DA:39,0
DA:54,0
DA:66,0
DA:74,0
DA:81,0
DA:94,0
DA:106,0
DA:110,0
DA:120,0
DA:121,0
DA:131,0
DA:132,0
DA:141,0
DA:142,0
LF:23
LH:0
BRDA:32,0,0,0
BRDA:32,0,1,0
BRDA:64,1,0,0
BRDA:64,1,1,0
BRDA:97,2,0,0
BRDA:97,2,1,0
BRDA:102,3,0,0
BRDA:102,3,1,0
BRDA:117,4,0,0
BRDA:117,4,1,0
BRF:10
BRH:0
end_of_record
TN:
SF:src/components/Loading.tsx
FN:25,(anonymous_0)
FNF:1
FNH:0
FNDA:0,(anonymous_0)
DA:25,0
DA:31,0
DA:38,0
DA:51,0
DA:52,0
DA:61,0
LF:6
LH:0
BRDA:26,0,0,0
BRDA:28,1,0,0
BRDA:29,2,0,0
BRDA:43,3,0,0
BRDA:43,3,1,0
BRDA:51,4,0,0
BRF:6
BRH:0
end_of_record
TN:
SF:src/components/OurStory.tsx
FN:4,(anonymous_1)
FNF:1
FNH:1
FNDA:9,(anonymous_1)
DA:1,1
DA:2,1
DA:4,1
DA:5,9
DA:133,1
LF:5
LH:5
BRF:0
BRH:0
end_of_record
TN:
SF:src/components/Portfolio.tsx
FN:4,(anonymous_6)
FN:82,(anonymous_7)
FN:102,(anonymous_8)
FN:105,(anonymous_9)
FN:119,(anonymous_10)
FN:165,(anonymous_11)
FNF:6
FNH:6
FNDA:12,(anonymous_6)
FNDA:12,(anonymous_7)
FNDA:84,(anonymous_8)
FNDA:3,(anonymous_9)
FNDA:62,(anonymous_10)
FNDA:248,(anonymous_11)
DA:1,1
DA:2,1
DA:4,1
DA:5,12
DA:7,12
DA:70,12
DA:80,12
DA:82,12
DA:84,12
DA:103,84
DA:105,3
DA:120,62
DA:166,248
DA:204,1
LF:14
LH:14
BRDA:80,0,0,10
BRDA:80,0,1,2
BRDA:107,1,0,12
BRDA:107,1,1,72
BRF:4
BRH:4
end_of_record
TN:
SF:src/components/Pricing.tsx
FN:4,(anonymous_6)
FN:78,(anonymous_7)
FN:86,(anonymous_8)
FN:129,(anonymous_9)
FN:180,(anonymous_10)
FN:220,(anonymous_11)
FN:225,(anonymous_12)
FN:238,(anonymous_13)
FN:257,(anonymous_14)
FNF:9
FNH:8
FNDA:13,(anonymous_6)
FNDA:0,(anonymous_7)
FNDA:2,(anonymous_8)
FNDA:39,(anonymous_9)
FNDA:299,(anonymous_10)
FNDA:1,(anonymous_11)
FNDA:78,(anonymous_12)
FNDA:1,(anonymous_13)
FNDA:1,(anonymous_14)
DA:1,1
DA:2,1
DA:4,1
DA:5,13
DA:6,13
DA:13,13
DA:69,13
DA:78,13
DA:79,0
DA:81,0
DA:84,13
DA:86,13
DA:87,2
DA:90,13
DA:130,39
DA:181,299
DA:220,1
DA:226,78
DA:238,1
DA:257,1
DA:299,1
LF:21
LH:19
BRDA:87,0,0,0
BRDA:87,0,1,2
BRDA:116,1,0,2
BRDA:116,1,1,11
BRDA:133,2,0,13
BRDA:133,2,1,26
BRDA:138,3,0,39
BRDA:138,3,1,13
BRDA:160,4,0,33
BRDA:160,4,1,6
BRDA:163,5,0,33
BRDA:163,5,1,6
BRDA:166,6,0,39
BRDA:166,6,1,6
BRDA:190,7,0,13
BRDA:190,7,1,26
BRF:16
BRH:15
end_of_record
TN:
SF:src/components/Services.tsx
FN:17,(anonymous_6)
FN:122,(anonymous_7)
FN:141,(anonymous_8)
FN:144,(anonymous_9)
FN:160,(anonymous_10)
FNF:5
FNH:5
FNDA:23,(anonymous_6)
FNDA:77,(anonymous_7)
FNDA:138,(anonymous_8)
FNDA:13,(anonymous_9)
FNDA:189,(anonymous_10)
DA:1,1
DA:2,1
DA:17,1
DA:18,23
DA:20,23
DA:111,23
DA:120,23
DA:122,77
DA:124,23
DA:142,138
DA:144,13
DA:161,189
DA:240,1
LF:13
LH:13
BRDA:120,0,0,16
BRDA:120,0,1,7
BRDA:146,1,0,23
BRDA:146,1,1,115
BRF:4
BRH:4
end_of_record
TN:
SF:src/components/Skeleton.tsx
FN:27,(anonymous_0)
FN:36,(anonymous_1)
FN:48,(anonymous_2)
FN:65,(anonymous_3)
FNF:4
FNH:0
FNDA:0,(anonymous_0)
FNDA:0,(anonymous_1)
FNDA:0,(anonymous_2)
FNDA:0,(anonymous_3)
DA:27,0
DA:34,0
DA:36,0
DA:37,0
DA:39,0
DA:41,0
DA:44,0
DA:48,0
DA:49,0
DA:51,0
DA:52,0
DA:55,0
DA:56,0
DA:59,0
DA:62,0
DA:63,0
DA:66,0
DA:79,0
LF:18
LH:0
BRDA:28,0,0,0
BRDA:29,1,0,0
BRDA:32,2,0,0
BRDA:37,3,0,0
BRDA:37,3,1,0
BRDA:37,3,2,0
BRDA:37,3,3,0
BRDA:51,4,0,0
BRDA:52,5,0,0
BRDA:52,5,1,0
BRDA:55,6,0,0
BRDA:56,7,0,0
BRDA:56,7,1,0
BRDA:62,8,0,0
BRDA:62,9,0,0
BRDA:62,9,1,0
BRDA:71,10,0,0
BRDA:71,10,1,0
BRF:18
BRH:0
end_of_record
TN:
SF:src/components/auth/ForgotPassword.tsx
FN:6,ForgotPassword
FN:14,(anonymous_1)
FN:45,(anonymous_2)
FN:92,(anonymous_3)
FN:116,(anonymous_4)
FNF:5
FNH:2
FNDA:7,ForgotPassword
FNDA:0,(anonymous_1)
FNDA:0,(anonymous_2)
FNDA:0,(anonymous_3)
FNDA:1,(anonymous_4)
DA:1,1
DA:2,1
DA:3,1
DA:4,1
DA:6,1
DA:7,7
DA:8,7
DA:9,7
DA:10,7
DA:11,7
DA:12,7
DA:14,7
DA:15,0
DA:16,0
DA:17,0
DA:19,0
DA:21,0
DA:22,0
DA:23,0
DA:25,0
DA:26,0
DA:30,7
DA:31,0
DA:45,0
DA:55,7
DA:92,0
DA:116,1
LF:27
LH:15
BRDA:21,0,0,0
BRDA:21,0,1,0
BRDA:30,1,0,0
BRDA:100,2,0,7
BRDA:100,2,1,0
BRDA:111,3,0,0
BRDA:111,3,1,7
BRF:7
BRH:2
end_of_record
TN:
SF:src/components/auth/Login.tsx
FN:25,(anonymous_6)
FN:37,(anonymous_7)
FN:136,(anonymous_8)
FNF:3
FNH:1
FNDA:26,(anonymous_6)
FNDA:0,(anonymous_7)
FNDA:0,(anonymous_8)
DA:1,1
DA:2,1
DA:3,1
DA:4,1
DA:5,1
DA:6,1
DA:7,1
DA:9,1
DA:25,1
DA:26,26
DA:27,26
DA:33,26
DA:37,26
DA:38,0
DA:39,0
DA:42,26
DA:136,0
DA:214,1
LF:18
LH:15
BRDA:82,0,0,2
BRDA:82,0,1,24
BRDA:85,1,0,2
BRDA:85,1,1,24
BRDA:91,2,0,26
BRDA:91,2,1,2
BRDA:120,3,0,0
BRDA:120,3,1,26
BRDA:124,4,0,2
BRDA:124,4,1,24
BRDA:127,5,0,2
BRDA:127,5,1,24
BRDA:137,6,0,0
BRDA:137,6,1,26
BRDA:139,7,0,0
BRDA:139,7,1,26
BRDA:146,8,0,26
BRDA:146,8,1,2
BRDA:170,9,0,26
BRDA:170,9,1,0
BRDA:185,10,0,0
BRDA:185,10,1,26
BRF:22
BRH:17
end_of_record
TN:
SF:src/components/auth/ProtectedRoute.tsx
FN:12,(anonymous_0)
FNF:1
FNH:0
FNDA:0,(anonymous_0)
DA:12,0
DA:17,0
DA:18,0
DA:21,0
DA:22,0
DA:33,0
DA:34,0
DA:38,0
DA:40,0
DA:46,0
DA:49,0
LF:11
LH:0
BRDA:14,0,0,0
BRDA:15,1,0,0
BRDA:21,2,0,0
BRDA:33,3,0,0
BRDA:38,4,0,0
BRDA:38,5,0,0
BRDA:38,5,1,0
BRDA:38,5,2,0
BRDA:46,6,0,0
BRDA:46,6,1,0
BRF:10
BRH:0
end_of_record
TN:
SF:src/components/auth/Register.tsx
FN:20,(anonymous_6)
FN:33,(anonymous_7)
FN:144,(anonymous_8)
FN:182,(anonymous_9)
FN:205,(anonymous_10)
FNF:5
FNH:5
FNDA:38,(anonymous_6)
FNDA:3,(anonymous_7)
FNDA:2,(anonymous_8)
FNDA:2,(anonymous_9)
FNDA:76,(anonymous_10)
DA:1,1
DA:2,1
DA:3,1
DA:4,1
DA:5,1
DA:6,1
DA:7,1
DA:8,1
DA:10,1
DA:20,1
DA:21,38
DA:22,38
DA:23,38
DA:29,38
DA:33,38
DA:34,3
DA:35,3
DA:36,3
DA:39,38
DA:54,38
DA:144,2
DA:182,2
DA:206,76
DA:272,1
LF:24
LH:24
BRDA:83,0,0,4
BRDA:83,0,1,34
BRDA:88,1,0,38
BRDA:88,1,1,4
BRDA:110,2,0,4
BRDA:110,2,1,34
BRDA:115,3,0,38
BRDA:115,3,1,4
BRDA:134,4,0,2
BRDA:134,4,1,36
BRDA:137,5,0,3
BRDA:137,5,1,35
BRDA:146,6,0,2
BRDA:146,6,1,36
BRDA:153,7,0,38
BRDA:153,7,1,3
BRDA:172,8,0,2
BRDA:172,8,1,36
BRDA:175,9,0,4
BRDA:175,9,1,34
BRDA:184,10,0,2
BRDA:184,10,1,36
BRDA:191,11,0,38
BRDA:191,11,1,4
BRDA:229,12,0,38
BRDA:229,12,1,4
BRDA:238,13,0,38
BRDA:238,13,1,1
BRDA:253,14,0,3
BRDA:253,14,1,35
BRF:30
BRH:30
end_of_record
TN:
SF:src/components/auth/ResetPassword.tsx
FN:5,ResetPassword
FN:15,(anonymous_1)
FN:26,(anonymous_2)
FN:44,(anonymous_3)
FN:77,(anonymous_4)
FN:115,(anonymous_5)
FN:122,(anonymous_6)
FN:169,(anonymous_7)
FN:176,(anonymous_8)
FNF:9
FNH:2
FNDA:10,ResetPassword
FNDA:10,(anonymous_1)
FNDA:0,(anonymous_2)
FNDA:0,(anonymous_3)
FNDA:0,(anonymous_4)
FNDA:0,(anonymous_5)
FNDA:0,(anonymous_6)
FNDA:0,(anonymous_7)
FNDA:0,(anonymous_8)
DA:1,1
DA:2,1
DA:3,1
DA:5,1
DA:6,10
DA:7,10
DA:8,10
DA:9,10
DA:10,10
DA:11,10
DA:12,10
DA:13,10
DA:15,10
DA:16,10
DA:17,0
DA:18,0
DA:19,0
DA:22,10
DA:23,10
DA:24,10
DA:26,10
DA:27,0
DA:29,0
DA:30,0
DA:31,0
DA:34,0
DA:35,0
DA:36,0
DA:39,0
DA:40,0
DA:42,0
DA:44,0
DA:46,0
DA:47,0
DA:49,0
DA:51,0
DA:55,10
DA:56,0
DA:77,0
DA:88,10
DA:115,0
DA:122,0
DA:169,0
DA:176,0
LF:44
LH:20
BRDA:16,0,0,10
BRDA:17,1,0,0
BRDA:18,2,0,0
BRDA:23,3,0,10
BRDA:23,3,1,0
BRDA:29,4,0,0
BRDA:34,5,0,0
BRDA:55,6,0,0
BRDA:113,7,0,0
BRDA:113,7,1,10
BRDA:125,8,0,0
BRDA:125,8,1,10
BRDA:129,9,0,10
BRDA:129,9,1,0
BRDA:134,10,0,0
BRDA:134,10,1,0
BRDA:135,11,0,0
BRDA:135,11,1,0
BRDA:148,12,0,0
BRDA:148,12,1,0
BRDA:153,13,0,0
BRDA:153,13,1,0
BRDA:167,14,0,0
BRDA:167,14,1,10
BRDA:179,15,0,0
BRDA:179,15,1,10
BRDA:181,16,0,10
BRDA:181,16,1,0
BRDA:187,17,0,10
BRDA:187,17,1,0
BRDA:195,18,0,10
BRDA:195,18,1,10
BRDA:195,18,2,0
BRDA:198,19,0,0
BRDA:198,19,1,10
BRF:35
BRH:12
end_of_record
TN:
SF:src/components/dashboard/AdminDashboard.tsx
FN:48,(anonymous_0)
FN:107,(anonymous_1)
FN:120,(anonymous_2)
FN:133,(anonymous_3)
FN:222,(anonymous_4)
FN:225,(anonymous_5)
FN:256,(anonymous_6)
FN:282,(anonymous_7)
FNF:8
FNH:0
FNDA:0,(anonymous_0)
FNDA:0,(anonymous_1)
FNDA:0,(anonymous_2)
FNDA:0,(anonymous_3)
FNDA:0,(anonymous_4)
FNDA:0,(anonymous_5)
FNDA:0,(anonymous_6)
FNDA:0,(anonymous_7)
DA:48,0
DA:49,0
DA:50,0
DA:51,0
DA:54,0
DA:64,0
DA:107,0
DA:108,0
DA:112,0
DA:120,0
DA:121,0
DA:123,0
DA:125,0
DA:127,0
DA:129,0
DA:133,0
DA:134,0
DA:136,0
DA:138,0
DA:140,0
DA:142,0
DA:146,0
DA:223,0
DA:225,0
DA:256,0
DA:283,0
LF:26
LH:0
BRDA:108,0,0,0
BRDA:108,0,1,0
BRDA:121,1,0,0
BRDA:121,1,1,0
BRDA:121,1,2,0
BRDA:121,1,3,0
BRDA:134,2,0,0
BRDA:134,2,1,0
BRDA:134,2,2,0
BRDA:134,2,3,0
BRDA:163,3,0,0
BRDA:163,3,1,0
BRDA:227,4,0,0
BRDA:227,4,1,0
BRDA:241,5,0,0
BRDA:241,5,1,0
BRDA:333,6,0,0
BRDA:333,6,1,0
BRDA:353,7,0,0
BRDA:353,7,1,0
BRDA:373,8,0,0
BRDA:373,8,1,0
BRF:22
BRH:0
end_of_record
TN:
SF:src/components/dashboard/CommunicationSystem.tsx
FN:54,(anonymous_0)
FN:169,(anonymous_1)
FN:173,(anonymous_2)
FN:174,(anonymous_3)
FN:176,(anonymous_4)
FN:191,(anonymous_5)
FN:232,(anonymous_6)
FN:248,(anonymous_7)
FN:264,(anonymous_8)
FN:290,(anonymous_9)
FN:296,(anonymous_10)
FN:299,(anonymous_11)
FN:370,(anonymous_12)
FN:405,(anonymous_13)
FN:406,(anonymous_14)
FN:446,(anonymous_15)
FNF:16
FNH:0
FNDA:0,(anonymous_0)
FNDA:0,(anonymous_1)
FNDA:0,(anonymous_2)
FNDA:0,(anonymous_3)
FNDA:0,(anonymous_4)
FNDA:0,(anonymous_5)
FNDA:0,(anonymous_6)
FNDA:0,(anonymous_7)
FNDA:0,(anonymous_8)
FNDA:0,(anonymous_9)
FNDA:0,(anonymous_10)
FNDA:0,(anonymous_11)
FNDA:0,(anonymous_12)
FNDA:0,(anonymous_13)
FNDA:0,(anonymous_14)
FNDA:0,(anonymous_15)
DA:54,0
DA:55,0
DA:56,0
DA:57,0
DA:58,0
DA:59,0
DA:62,0
DA:106,0
DA:134,0
DA:169,0
DA:170,0
DA:173,0
DA:174,0
DA:176,0
DA:177,0
DA:178,0
DA:186,0
DA:187,0
DA:191,0
DA:192,0
DA:194,0
DA:196,0
DA:198,0
DA:200,0
DA:204,0
DA:232,0
DA:248,0
DA:264,0
DA:290,0
DA:297,0
DA:299,0
DA:371,0
DA:405,0
DA:406,0
DA:447,0
LF:35
LH:0
BRDA:117,0,0,0
BRDA:117,0,1,0
BRDA:177,1,0,0
BRDA:177,2,0,0
BRDA:177,2,1,0
BRDA:180,3,0,0
BRDA:180,3,1,0
BRDA:192,4,0,0
BRDA:192,4,1,0
BRDA:192,4,2,0
BRDA:192,4,3,0
BRDA:215,5,0,0
BRDA:215,5,1,0
BRDA:234,6,0,0
BRDA:234,6,1,0
BRDA:241,7,0,0
BRDA:241,7,1,0
BRDA:250,8,0,0
BRDA:250,8,1,0
BRDA:257,9,0,0
BRDA:257,9,1,0
BRDA:266,10,0,0
BRDA:266,10,1,0
BRDA:279,11,0,0
BRDA:279,11,1,0
BRDA:301,12,0,0
BRDA:301,12,1,0
BRDA:309,13,0,0
BRDA:309,13,1,0
BRDA:322,14,0,0
BRDA:322,14,1,0
BRDA:335,15,0,0
BRDA:335,15,1,0
BRDA:344,16,0,0
BRDA:344,16,1,0
BRDA:351,17,0,0
BRDA:351,17,1,0
BRDA:373,18,0,0
BRDA:373,18,1,0
BRDA:377,19,0,0
BRDA:377,19,1,0
BRDA:384,20,0,0
BRDA:384,20,1,0
BRDA:406,21,0,0
BRDA:406,21,1,0
BRDA:432,22,0,0
BRDA:432,22,1,0
BRDA:450,23,0,0
BRDA:450,23,1,0
BRDA:467,24,0,0
BRDA:467,24,1,0
BRDA:481,25,0,0
BRDA:481,25,1,0
BRF:53
BRH:0
end_of_record
TN:
SF:src/components/dashboard/Dashboard.tsx
FN:19,(anonymous_0)
FN:22,(anonymous_1)
FN:57,(anonymous_2)
FN:61,(anonymous_3)
FN:65,(anonymous_4)
FNF:5
FNH:0
FNDA:0,(anonymous_0)
FNDA:0,(anonymous_1)
FNDA:0,(anonymous_2)
FNDA:0,(anonymous_3)
FNDA:0,(anonymous_4)
DA:19,0
DA:20,0
DA:22,0
DA:23,0
DA:25,0
DA:27,0
DA:29,0
DA:31,0
DA:33,0
DA:37,0
DA:57,0
DA:58,0
DA:61,0
DA:62,0
DA:65,0
DA:66,0
LF:16
LH:0
BRDA:23,0,0,0
BRDA:25,1,0,0
BRDA:25,1,1,0
BRDA:25,1,2,0
BRDA:25,1,3,0
BRF:5
BRH:0
end_of_record
TN:
SF:src/components/dashboard/DashboardLayout.tsx
FN:26,(anonymous_0)
FN:33,(anonymous_1)
FN:38,(anonymous_2)
FN:85,(anonymous_3)
FN:92,(anonymous_4)
FN:99,(anonymous_5)
FN:108,(anonymous_6)
FN:127,(anonymous_7)
FN:151,(anonymous_8)
FN:167,(anonymous_9)
FN:188,(anonymous_10)
FN:196,(anonymous_11)
FNF:12
FNH:0
FNDA:0,(anonymous_0)
FNDA:0,(anonymous_1)
FNDA:0,(anonymous_2)
FNDA:0,(anonymous_3)
FNDA:0,(anonymous_4)
FNDA:0,(anonymous_5)
FNDA:0,(anonymous_6)
FNDA:0,(anonymous_7)
FNDA:0,(anonymous_8)
FNDA:0,(anonymous_9)
FNDA:0,(anonymous_10)
FNDA:0,(anonymous_11)
DA:26,0
DA:27,0
DA:28,0
DA:29,0
DA:30,0
DA:31,0
DA:33,0
DA:34,0
DA:35,0
DA:38,0
DA:39,0
DA:41,0
DA:45,0
DA:47,0
DA:56,0
DA:65,0
DA:75,0
DA:79,0
DA:81,0
DA:85,0
DA:92,0
DA:100,0
DA:108,0
DA:128,0
DA:151,0
DA:167,0
DA:188,0
DA:196,0
LF:28
LH:0
BRDA:39,0,0,0
BRDA:45,1,0,0
BRDA:45,1,1,0
BRDA:45,1,2,0
BRDA:45,1,3,0
BRDA:84,2,0,0
BRDA:84,2,1,0
BRDA:104,3,0,0
BRDA:104,3,1,0
BRDA:132,4,0,0
BRDA:132,4,1,0
BRDA:179,5,0,0
BRDA:179,5,1,0
BRF:13
BRH:0
end_of_record
TN:
SF:src/components/dashboard/ProjectManagement.tsx
FN:34,(anonymous_0)
FN:91,(anonymous_1)
FN:98,(anonymous_2)
FN:113,(anonymous_3)
FN:130,(anonymous_4)
FN:131,(anonymous_5)
FN:132,(anonymous_6)
FN:144,(anonymous_7)
FN:171,(anonymous_8)
FN:185,(anonymous_9)
FN:217,(anonymous_10)
FN:224,(anonymous_11)
FN:227,(anonymous_12)
FN:246,(anonymous_13)
FN:338,(anonymous_14)
FN:354,(anonymous_15)
FN:365,(anonymous_16)
FNF:17
FNH:0
FNDA:0,(anonymous_0)
FNDA:0,(anonymous_1)
FNDA:0,(anonymous_2)
FNDA:0,(anonymous_3)
FNDA:0,(anonymous_4)
FNDA:0,(anonymous_5)
FNDA:0,(anonymous_6)
FNDA:0,(anonymous_7)
FNDA:0,(anonymous_8)
FNDA:0,(anonymous_9)
FNDA:0,(anonymous_10)
FNDA:0,(anonymous_11)
FNDA:0,(anonymous_12)
FNDA:0,(anonymous_13)
FNDA:0,(anonymous_14)
FNDA:0,(anonymous_15)
FNDA:0,(anonymous_16)
DA:34,0
DA:35,0
DA:36,0
DA:37,0
DA:38,0
DA:41,0
DA:91,0
DA:92,0
DA:94,0
DA:95,0
DA:98,0
DA:99,0
DA:101,0
DA:103,0
DA:105,0
DA:107,0
DA:109,0
DA:113,0
DA:114,0
DA:116,0
DA:118,0
DA:120,0
DA:122,0
DA:124,0
DA:128,0
DA:130,0
DA:131,0
DA:132,0
DA:135,0
DA:144,0
DA:171,0
DA:185,0
DA:217,0
DA:225,0
DA:227,0
DA:247,0
DA:338,0
DA:354,0
DA:365,0
LF:39
LH:0
BRDA:92,0,0,0
BRDA:92,0,1,0
BRDA:94,1,0,0
BRDA:94,1,1,0
BRDA:95,2,0,0
BRDA:95,2,1,0
BRDA:99,3,0,0
BRDA:99,3,1,0
BRDA:99,3,2,0
BRDA:99,3,3,0
BRDA:99,3,4,0
BRDA:114,4,0,0
BRDA:114,4,1,0
BRDA:114,4,2,0
BRDA:114,4,3,0
BRDA:114,4,4,0
BRDA:229,5,0,0
BRDA:229,5,1,0
BRDA:276,6,0,0
BRDA:276,6,1,0
BRDA:285,7,0,0
BRDA:285,7,1,0
BRDA:309,8,0,0
BRDA:309,8,1,0
BRDA:327,9,0,0
BRDA:327,9,1,0
BRDA:334,10,0,0
BRDA:334,10,1,0
BRDA:336,11,0,0
BRDA:336,11,1,0
BRDA:348,12,0,0
BRDA:348,12,1,0
BRF:32
BRH:0
end_of_record
TN:
SF:src/components/dashboard/TalentProfile.tsx
FN:50,(anonymous_0)
FN:130,(anonymous_1)
FN:146,(anonymous_2)
FN:212,(anonymous_3)
FN:215,(anonymous_4)
FN:360,(anonymous_5)
FN:361,(anonymous_6)
FN:368,(anonymous_7)
FN:402,(anonymous_8)
FN:423,(anonymous_9)
FN:460,(anonymous_10)
FNF:11
FNH:0
FNDA:0,(anonymous_0)
FNDA:0,(anonymous_1)
FNDA:0,(anonymous_2)
FNDA:0,(anonymous_3)
FNDA:0,(anonymous_4)
FNDA:0,(anonymous_5)
FNDA:0,(anonymous_6)
FNDA:0,(anonymous_7)
FNDA:0,(anonymous_8)
FNDA:0,(anonymous_9)
FNDA:0,(anonymous_10)
DA:50,0
DA:51,0
DA:52,0
DA:53,0
DA:56,0
DA:71,0
DA:82,0
DA:111,0
DA:121,0
DA:128,0
DA:130,0
DA:131,0
DA:132,0
DA:133,0
DA:134,0
DA:137,0
DA:146,0
DA:213,0
DA:215,0
DA:361,0
DA:362,0
DA:364,0
DA:369,0
DA:403,0
DA:424,0
DA:461,0
LF:26
LH:0
BRDA:57,0,0,0
BRDA:57,0,1,0
BRDA:58,1,0,0
BRDA:58,1,1,0
BRDA:131,2,0,0
BRDA:132,3,0,0
BRDA:133,4,0,0
BRDA:148,5,0,0
BRDA:148,5,1,0
BRDA:153,6,0,0
BRDA:153,6,1,0
BRDA:154,7,0,0
BRDA:154,7,1,0
BRDA:217,8,0,0
BRDA:217,8,1,0
BRDA:231,9,0,0
BRDA:231,9,1,0
BRDA:348,10,0,0
BRDA:348,10,1,0
BRDA:352,11,0,0
BRDA:352,11,1,0
BRDA:362,12,0,0
BRDA:389,13,0,0
BRDA:389,13,1,0
BRDA:393,14,0,0
BRDA:393,14,1,0
BRDA:410,15,0,0
BRDA:410,15,1,0
BRDA:433,16,0,0
BRDA:433,16,1,0
BRDA:452,17,0,0
BRDA:452,17,1,0
BRDA:472,18,0,0
BRDA:472,18,1,0
BRDA:480,19,0,0
BRDA:480,19,1,0
BRF:36
BRH:0
end_of_record
TN:
SF:src/contexts/AuthContext.tsx
FN:49,(anonymous_6)
FN:96,(anonymous_7)
FN:108,(anonymous_8)
FN:112,(anonymous_9)
FN:124,(anonymous_10)
FN:129,(anonymous_11)
FN:131,(anonymous_12)
FN:152,(anonymous_13)
FN:157,(anonymous_14)
FN:160,(anonymous_15)
FN:188,(anonymous_16)
FN:193,(anonymous_17)
FN:196,(anonymous_18)
FN:198,(anonymous_19)
FN:213,(anonymous_20)
FNF:15
FNH:8
FNDA:7,(anonymous_6)
FNDA:71,(anonymous_7)
FNDA:36,(anonymous_8)
FNDA:32,(anonymous_9)
FNDA:0,(anonymous_10)
FNDA:0,(anonymous_11)
FNDA:0,(anonymous_12)
FNDA:3,(anonymous_13)
FNDA:3,(anonymous_14)
FNDA:4,(anonymous_15)
FNDA:0,(anonymous_16)
FNDA:0,(anonymous_17)
FNDA:0,(anonymous_18)
FNDA:0,(anonymous_19)
FNDA:3,(anonymous_20)
DA:1,3
DA:2,3
DA:5,3
DA:42,3
DA:49,3
DA:50,7
DA:53,3
DA:60,0
DA:69,1
DA:77,0
DA:85,3
DA:90,0
DA:94,3
DA:96,3
DA:97,71
DA:98,71
DA:99,0
DA:101,71
DA:108,3
DA:109,36
DA:112,36
DA:113,32
DA:114,32
DA:115,0
DA:116,0
DA:117,0
DA:119,0
DA:124,36
DA:125,0
DA:127,0
DA:129,0
DA:131,0
DA:133,0
DA:134,0
DA:138,0
DA:139,0
DA:142,0
DA:143,0
DA:145,0
DA:152,36
DA:153,3
DA:155,3
DA:157,3
DA:160,4
DA:161,2
DA:162,1
DA:166,1
DA:176,1
DA:178,1
DA:179,1
DA:181,1
DA:188,36
DA:189,0
DA:190,0
DA:193,36
DA:194,0
DA:196,0
DA:198,0
DA:199,0
DA:200,0
DA:204,0
DA:205,0
DA:207,0
DA:213,36
DA:214,3
DA:217,36
DA:226,36
LF:67
LH:38
BRDA:50,0,0,0
BRDA:50,0,1,3
BRDA:50,0,2,0
BRDA:50,0,3,0
BRDA:50,0,4,0
BRDA:50,0,5,1
BRDA:50,0,6,0
BRDA:50,0,7,3
BRDA:50,0,8,0
BRDA:98,1,0,0
BRDA:114,2,0,0
BRDA:133,3,0,0
BRDA:138,4,0,0
BRDA:147,5,0,0
BRDA:147,5,1,0
BRDA:161,6,0,1
BRDA:183,7,0,1
BRDA:183,7,1,0
BRDA:199,8,0,0
BRDA:208,9,0,0
BRDA:208,9,1,0
BRF:21
BRH:5
end_of_record
TN:
SF:src/types/auth.ts
FN:1,(anonymous_0)
FN:7,(anonymous_1)
FNF:2
FNH:2
FNDA:3,(anonymous_0)
FNDA:3,(anonymous_1)
DA:1,3
DA:2,3
DA:3,3
DA:4,3
DA:7,3
DA:8,3
DA:9,3
DA:10,3
DA:11,3
LF:9
LH:9
BRDA:1,0,0,3
BRDA:1,0,1,3
BRDA:7,1,0,3
BRDA:7,1,1,3
BRF:4
BRH:4
end_of_record
